{"/Users/chenyousheng/work/workspace/node/StockAnalysis/src/app.js": {"path":"/Users/chenyousheng/work/workspace/node/StockAnalysis/src/app.js","statementMap":{"0":{"start":{"line":1,"column":16},"end":{"line":1,"column":34}},"1":{"start":{"line":2,"column":13},"end":{"line":2,"column":28}},"2":{"start":{"line":3,"column":17},"end":{"line":3,"column":37}},"3":{"start":{"line":4,"column":13},"end":{"line":4,"column":28}},"4":{"start":{"line":5,"column":15},"end":{"line":5,"column":32}},"5":{"start":{"line":6,"column":13},"end":{"line":6,"column":28}},"6":{"start":{"line":7,"column":0},"end":{"line":7,"column":27}},"7":{"start":{"line":9,"column":15},"end":{"line":9,"column":40}},"8":{"start":{"line":10,"column":17},"end":{"line":10,"column":49}},"9":{"start":{"line":13,"column":4},"end":{"line":81,"column":5}},"10":{"start":{"line":14,"column":8},"end":{"line":14,"column":33}},"11":{"start":{"line":16,"column":29},"end":{"line":16,"column":57}},"12":{"start":{"line":17,"column":27},"end":{"line":17,"column":59}},"13":{"start":{"line":18,"column":26},"end":{"line":18,"column":62}},"14":{"start":{"line":20,"column":20},"end":{"line":20,"column":29}},"15":{"start":{"line":21,"column":23},"end":{"line":21,"column":45}},"16":{"start":{"line":22,"column":19},"end":{"line":24,"column":10}},"17":{"start":{"line":26,"column":8},"end":{"line":35,"column":14}},"18":{"start":{"line":36,"column":8},"end":{"line":36,"column":24}},"19":{"start":{"line":37,"column":8},"end":{"line":37,"column":49}},"20":{"start":{"line":38,"column":8},"end":{"line":38,"column":56}},"21":{"start":{"line":39,"column":8},"end":{"line":39,"column":42}},"22":{"start":{"line":41,"column":8},"end":{"line":41,"column":23}},"23":{"start":{"line":43,"column":8},"end":{"line":53,"column":11}},"24":{"start":{"line":44,"column":12},"end":{"line":44,"column":58}},"25":{"start":{"line":45,"column":12},"end":{"line":52,"column":15}},"26":{"start":{"line":46,"column":16},"end":{"line":51,"column":17}},"27":{"start":{"line":47,"column":35},"end":{"line":47,"column":96}},"28":{"start":{"line":48,"column":20},"end":{"line":48,"column":59}},"29":{"start":{"line":50,"column":20},"end":{"line":50,"column":78}},"30":{"start":{"line":55,"column":8},"end":{"line":55,"column":55}},"31":{"start":{"line":56,"column":8},"end":{"line":56,"column":57}},"32":{"start":{"line":57,"column":8},"end":{"line":57,"column":55}},"33":{"start":{"line":58,"column":8},"end":{"line":58,"column":57}},"34":{"start":{"line":59,"column":8},"end":{"line":59,"column":57}},"35":{"start":{"line":60,"column":8},"end":{"line":60,"column":49}},"36":{"start":{"line":62,"column":8},"end":{"line":64,"column":11}},"37":{"start":{"line":63,"column":12},"end":{"line":63,"column":71}},"38":{"start":{"line":66,"column":8},"end":{"line":68,"column":11}},"39":{"start":{"line":67,"column":12},"end":{"line":67,"column":71}},"40":{"start":{"line":70,"column":8},"end":{"line":70,"column":40}},"41":{"start":{"line":72,"column":8},"end":{"line":75,"column":9}},"42":{"start":{"line":73,"column":12},"end":{"line":73,"column":30}},"43":{"start":{"line":74,"column":12},"end":{"line":74,"column":53}},"44":{"start":{"line":77,"column":8},"end":{"line":77,"column":52}},"45":{"start":{"line":79,"column":8},"end":{"line":79,"column":52}},"46":{"start":{"line":80,"column":8},"end":{"line":80,"column":20}},"47":{"start":{"line":85,"column":0},"end":{"line":97,"column":1}},"48":{"start":{"line":86,"column":4},"end":{"line":96,"column":7}},"49":{"start":{"line":87,"column":21},"end":{"line":87,"column":45}},"50":{"start":{"line":88,"column":8},"end":{"line":90,"column":11}},"51":{"start":{"line":89,"column":12},"end":{"line":89,"column":116}},"52":{"start":{"line":92,"column":8},"end":{"line":95,"column":11}},"53":{"start":{"line":94,"column":12},"end":{"line":94,"column":28}},"54":{"start":{"line":99,"column":0},"end":{"line":99,"column":27}}},"fnMap":{"0":{"name":"createApp","decl":{"start":{"line":12,"column":15},"end":{"line":12,"column":24}},"loc":{"start":{"line":12,"column":27},"end":{"line":82,"column":1}},"line":12},"1":{"name":"(anonymous_1)","decl":{"start":{"line":43,"column":28},"end":{"line":43,"column":29}},"loc":{"start":{"line":43,"column":40},"end":{"line":53,"column":9}},"line":43},"2":{"name":"(anonymous_2)","decl":{"start":{"line":45,"column":42},"end":{"line":45,"column":43}},"loc":{"start":{"line":45,"column":58},"end":{"line":52,"column":13}},"line":45},"3":{"name":"(anonymous_3)","decl":{"start":{"line":62,"column":21},"end":{"line":62,"column":22}},"loc":{"start":{"line":62,"column":35},"end":{"line":64,"column":9}},"line":62},"4":{"name":"(anonymous_4)","decl":{"start":{"line":66,"column":26},"end":{"line":66,"column":27}},"loc":{"start":{"line":66,"column":40},"end":{"line":68,"column":9}},"line":66},"5":{"name":"(anonymous_5)","decl":{"start":{"line":86,"column":21},"end":{"line":86,"column":22}},"loc":{"start":{"line":86,"column":37},"end":{"line":96,"column":5}},"line":86},"6":{"name":"(anonymous_6)","decl":{"start":{"line":88,"column":28},"end":{"line":88,"column":29}},"loc":{"start":{"line":88,"column":34},"end":{"line":90,"column":9}},"line":88},"7":{"name":"(anonymous_7)","decl":{"start":{"line":92,"column":29},"end":{"line":92,"column":30}},"loc":{"start":{"line":92,"column":41},"end":{"line":95,"column":9}},"line":92}},"branchMap":{"0":{"loc":{"start":{"line":72,"column":8},"end":{"line":75,"column":9}},"type":"if","locations":[{"start":{"line":72,"column":8},"end":{"line":75,"column":9}},{"start":{},"end":{}}],"line":72},"1":{"loc":{"start":{"line":85,"column":0},"end":{"line":97,"column":1}},"type":"if","locations":[{"start":{"line":85,"column":0},"end":{"line":97,"column":1}},{"start":{},"end":{}}],"line":85},"2":{"loc":{"start":{"line":87,"column":21},"end":{"line":87,"column":45}},"type":"binary-expr","locations":[{"start":{"line":87,"column":21},"end":{"line":87,"column":37}},{"start":{"line":87,"column":41},"end":{"line":87,"column":45}}],"line":87},"3":{"loc":{"start":{"line":89,"column":68},"end":{"line":89,"column":111}},"type":"cond-expr","locations":[{"start":{"line":89,"column":88},"end":{"line":89,"column":99}},{"start":{"line":89,"column":102},"end":{"line":89,"column":111}}],"line":89}},"s":{"0":4,"1":4,"2":4,"3":4,"4":4,"5":4,"6":4,"7":4,"8":4,"9":4,"10":4,"11":4,"12":4,"13":4,"14":4,"15":4,"16":4,"17":4,"18":4,"19":4,"20":4,"21":4,"22":4,"23":4,"24":0,"25":0,"26":0,"27":0,"28":0,"29":0,"30":4,"31":4,"32":4,"33":4,"34":4,"35":4,"36":4,"37":0,"38":4,"39":0,"40":4,"41":4,"42":0,"43":0,"44":4,"45":0,"46":0,"47":4,"48":0,"49":0,"50":0,"51":0,"52":0,"53":0,"54":4},"f":{"0":4,"1":0,"2":0,"3":0,"4":0,"5":0,"6":0,"7":0},"b":{"0":[0,4],"1":[0,4],"2":[0,0],"3":[0,0]},"_coverageSchema":"1a1c01bbd47fc00a2c39e90264f33305004495a9","hash":"ec35eab54ae6eacada8567630215be82816ffb19"}
,"/Users/chenyousheng/work/workspace/node/StockAnalysis/src/agent/stockAgent.js": {"path":"/Users/chenyousheng/work/workspace/node/StockAnalysis/src/agent/stockAgent.js","statementMap":{"0":{"start":{"line":9,"column":21},"end":{"line":9,"column":50}},"1":{"start":{"line":10,"column":21},"end":{"line":10,"column":59}},"2":{"start":{"line":11,"column":20},"end":{"line":11,"column":53}},"3":{"start":{"line":12,"column":21},"end":{"line":12,"column":56}},"4":{"start":{"line":13,"column":15},"end":{"line":13,"column":41}},"5":{"start":{"line":14,"column":21},"end":{"line":14,"column":63}},"6":{"start":{"line":19,"column":8},"end":{"line":50,"column":10}},"7":{"start":{"line":53,"column":8},"end":{"line":53,"column":39}},"8":{"start":{"line":54,"column":8},"end":{"line":54,"column":35}},"9":{"start":{"line":61,"column":33},"end":{"line":63,"column":23}},"10":{"start":{"line":62,"column":35},"end":{"line":62,"column":100}},"11":{"start":{"line":65,"column":8},"end":{"line":105,"column":16}},"12":{"start":{"line":117,"column":26},"end":{"line":117,"column":36}},"13":{"start":{"line":118,"column":8},"end":{"line":118,"column":90}},"14":{"start":{"line":121,"column":24},"end":{"line":121,"column":56}},"15":{"start":{"line":122,"column":8},"end":{"line":122,"column":61}},"16":{"start":{"line":127,"column":8},"end":{"line":171,"column":9}},"17":{"start":{"line":128,"column":12},"end":{"line":170,"column":13}},"18":{"start":{"line":130,"column":36},"end":{"line":130,"column":74}},"19":{"start":{"line":131,"column":16},"end":{"line":167,"column":17}},"20":{"start":{"line":132,"column":20},"end":{"line":132,"column":92}},"21":{"start":{"line":134,"column":39},"end":{"line":144,"column":21}},"22":{"start":{"line":146,"column":38},"end":{"line":146,"column":63}},"23":{"start":{"line":149,"column":20},"end":{"line":151,"column":21}},"24":{"start":{"line":150,"column":24},"end":{"line":150,"column":100}},"25":{"start":{"line":153,"column":20},"end":{"line":153,"column":76}},"26":{"start":{"line":155,"column":20},"end":{"line":155,"column":71}},"27":{"start":{"line":157,"column":36},"end":{"line":157,"column":58}},"28":{"start":{"line":158,"column":20},"end":{"line":158,"column":79}},"29":{"start":{"line":160,"column":20},"end":{"line":166,"column":22}},"30":{"start":{"line":169,"column":16},"end":{"line":169,"column":102}},"31":{"start":{"line":174,"column":29},"end":{"line":174,"column":53}},"32":{"start":{"line":175,"column":36},"end":{"line":175,"column":74}},"33":{"start":{"line":176,"column":27},"end":{"line":176,"column":113}},"34":{"start":{"line":178,"column":26},"end":{"line":178,"column":67}},"35":{"start":{"line":179,"column":26},"end":{"line":179,"column":28}},"36":{"start":{"line":180,"column":30},"end":{"line":180,"column":32}},"37":{"start":{"line":182,"column":26},"end":{"line":182,"column":58}},"38":{"start":{"line":184,"column":8},"end":{"line":213,"column":9}},"39":{"start":{"line":185,"column":12},"end":{"line":185,"column":77}},"40":{"start":{"line":187,"column":32},"end":{"line":203,"column":13}},"41":{"start":{"line":189,"column":20},"end":{"line":201,"column":21}},"42":{"start":{"line":190,"column":37},"end":{"line":190,"column":58}},"43":{"start":{"line":191,"column":24},"end":{"line":193,"column":25}},"44":{"start":{"line":192,"column":28},"end":{"line":192,"column":84}},"45":{"start":{"line":194,"column":39},"end":{"line":194,"column":68}},"46":{"start":{"line":195,"column":24},"end":{"line":195,"column":50}},"47":{"start":{"line":196,"column":24},"end":{"line":196,"column":58}},"48":{"start":{"line":197,"column":24},"end":{"line":197,"column":59}},"49":{"start":{"line":199,"column":24},"end":{"line":199,"column":89}},"50":{"start":{"line":200,"column":24},"end":{"line":200,"column":73}},"51":{"start":{"line":205,"column":36},"end":{"line":208,"column":27}},"52":{"start":{"line":206,"column":16},"end":{"line":206,"column":79}},"53":{"start":{"line":206,"column":30},"end":{"line":206,"column":79}},"54":{"start":{"line":207,"column":16},"end":{"line":207,"column":107}},"55":{"start":{"line":210,"column":35},"end":{"line":210,"column":218}},"56":{"start":{"line":212,"column":12},"end":{"line":212,"column":72}},"57":{"start":{"line":215,"column":26},"end":{"line":215,"column":57}},"58":{"start":{"line":216,"column":8},"end":{"line":216,"column":64}},"59":{"start":{"line":218,"column":8},"end":{"line":218,"column":59}},"60":{"start":{"line":220,"column":24},"end":{"line":220,"column":46}},"61":{"start":{"line":221,"column":8},"end":{"line":221,"column":113}},"62":{"start":{"line":223,"column":8},"end":{"line":229,"column":10}},"63":{"start":{"line":237,"column":8},"end":{"line":237,"column":60}},"64":{"start":{"line":239,"column":24},"end":{"line":239,"column":56}},"65":{"start":{"line":240,"column":8},"end":{"line":240,"column":61}},"66":{"start":{"line":242,"column":29},"end":{"line":242,"column":53}},"67":{"start":{"line":243,"column":36},"end":{"line":243,"column":74}},"68":{"start":{"line":244,"column":27},"end":{"line":244,"column":113}},"69":{"start":{"line":246,"column":8},"end":{"line":246,"column":58}},"70":{"start":{"line":247,"column":26},"end":{"line":247,"column":67}},"71":{"start":{"line":249,"column":26},"end":{"line":249,"column":58}},"72":{"start":{"line":250,"column":26},"end":{"line":250,"column":28}},"73":{"start":{"line":251,"column":30},"end":{"line":251,"column":32}},"74":{"start":{"line":253,"column":8},"end":{"line":283,"column":9}},"75":{"start":{"line":254,"column":12},"end":{"line":256,"column":13}},"76":{"start":{"line":255,"column":16},"end":{"line":255,"column":103}},"77":{"start":{"line":258,"column":32},"end":{"line":271,"column":13}},"78":{"start":{"line":260,"column":20},"end":{"line":269,"column":21}},"79":{"start":{"line":261,"column":37},"end":{"line":261,"column":58}},"80":{"start":{"line":262,"column":24},"end":{"line":262,"column":91}},"81":{"start":{"line":262,"column":35},"end":{"line":262,"column":91}},"82":{"start":{"line":263,"column":39},"end":{"line":263,"column":68}},"83":{"start":{"line":264,"column":24},"end":{"line":264,"column":50}},"84":{"start":{"line":265,"column":24},"end":{"line":265,"column":58}},"85":{"start":{"line":266,"column":24},"end":{"line":266,"column":59}},"86":{"start":{"line":268,"column":24},"end":{"line":268,"column":73}},"87":{"start":{"line":273,"column":12},"end":{"line":273,"column":70}},"88":{"start":{"line":275,"column":36},"end":{"line":278,"column":27}},"89":{"start":{"line":276,"column":16},"end":{"line":276,"column":79}},"90":{"start":{"line":276,"column":30},"end":{"line":276,"column":79}},"91":{"start":{"line":277,"column":16},"end":{"line":277,"column":107}},"92":{"start":{"line":280,"column":35},"end":{"line":280,"column":218}},"93":{"start":{"line":282,"column":12},"end":{"line":282,"column":72}},"94":{"start":{"line":285,"column":30},"end":{"line":285,"column":61}},"95":{"start":{"line":286,"column":8},"end":{"line":286,"column":68}},"96":{"start":{"line":288,"column":8},"end":{"line":288,"column":59}},"97":{"start":{"line":290,"column":8},"end":{"line":290,"column":85}},"98":{"start":{"line":297,"column":8},"end":{"line":305,"column":9}},"99":{"start":{"line":298,"column":12},"end":{"line":304,"column":13}},"100":{"start":{"line":299,"column":29},"end":{"line":299,"column":69}},"101":{"start":{"line":300,"column":16},"end":{"line":300,"column":82}},"102":{"start":{"line":301,"column":16},"end":{"line":301,"column":28}},"103":{"start":{"line":303,"column":16},"end":{"line":303,"column":117}},"104":{"start":{"line":307,"column":21},"end":{"line":307,"column":64}},"105":{"start":{"line":308,"column":8},"end":{"line":319,"column":10}},"106":{"start":{"line":323,"column":8},"end":{"line":331,"column":9}},"107":{"start":{"line":324,"column":12},"end":{"line":330,"column":13}},"108":{"start":{"line":325,"column":29},"end":{"line":325,"column":78}},"109":{"start":{"line":326,"column":16},"end":{"line":326,"column":87}},"110":{"start":{"line":327,"column":16},"end":{"line":327,"column":28}},"111":{"start":{"line":329,"column":16},"end":{"line":329,"column":108}},"112":{"start":{"line":332,"column":27},"end":{"line":332,"column":76}},"113":{"start":{"line":333,"column":8},"end":{"line":342,"column":10}},"114":{"start":{"line":347,"column":25},"end":{"line":347,"column":95}},"115":{"start":{"line":349,"column":8},"end":{"line":357,"column":9}},"116":{"start":{"line":350,"column":12},"end":{"line":356,"column":13}},"117":{"start":{"line":351,"column":29},"end":{"line":351,"column":83}},"118":{"start":{"line":352,"column":16},"end":{"line":352,"column":92}},"119":{"start":{"line":353,"column":16},"end":{"line":353,"column":28}},"120":{"start":{"line":355,"column":16},"end":{"line":355,"column":108}},"121":{"start":{"line":358,"column":21},"end":{"line":358,"column":73}},"122":{"start":{"line":359,"column":23},"end":{"line":359,"column":38}},"123":{"start":{"line":360,"column":8},"end":{"line":372,"column":10}},"124":{"start":{"line":364,"column":35},"end":{"line":371,"column":13}},"125":{"start":{"line":376,"column":27},"end":{"line":376,"column":99}},"126":{"start":{"line":376,"column":90},"end":{"line":376,"column":98}},"127":{"start":{"line":378,"column":8},"end":{"line":386,"column":9}},"128":{"start":{"line":379,"column":12},"end":{"line":385,"column":13}},"129":{"start":{"line":380,"column":29},"end":{"line":380,"column":73}},"130":{"start":{"line":381,"column":16},"end":{"line":381,"column":74}},"131":{"start":{"line":382,"column":16},"end":{"line":382,"column":28}},"132":{"start":{"line":384,"column":16},"end":{"line":384,"column":91}},"133":{"start":{"line":388,"column":24},"end":{"line":410,"column":9}},"134":{"start":{"line":390,"column":16},"end":{"line":408,"column":17}},"135":{"start":{"line":391,"column":48},"end":{"line":394,"column":22}},"136":{"start":{"line":393,"column":80},"end":{"line":393,"column":84}},"137":{"start":{"line":395,"column":20},"end":{"line":405,"column":22}},"138":{"start":{"line":407,"column":20},"end":{"line":407,"column":60}},"139":{"start":{"line":411,"column":8},"end":{"line":411,"column":39}},"140":{"start":{"line":416,"column":8},"end":{"line":420,"column":9}},"141":{"start":{"line":417,"column":12},"end":{"line":417,"column":85}},"142":{"start":{"line":417,"column":18},"end":{"line":417,"column":54}},"143":{"start":{"line":417,"column":65},"end":{"line":417,"column":83}},"144":{"start":{"line":419,"column":12},"end":{"line":419,"column":36}},"145":{"start":{"line":422,"column":8},"end":{"line":424,"column":9}},"146":{"start":{"line":423,"column":12},"end":{"line":423,"column":94}},"147":{"start":{"line":426,"column":8},"end":{"line":434,"column":9}},"148":{"start":{"line":427,"column":12},"end":{"line":433,"column":13}},"149":{"start":{"line":428,"column":29},"end":{"line":428,"column":78}},"150":{"start":{"line":429,"column":16},"end":{"line":429,"column":77}},"151":{"start":{"line":430,"column":16},"end":{"line":430,"column":28}},"152":{"start":{"line":432,"column":16},"end":{"line":432,"column":93}},"153":{"start":{"line":436,"column":30},"end":{"line":459,"column":9}},"154":{"start":{"line":438,"column":16},"end":{"line":457,"column":17}},"155":{"start":{"line":439,"column":34},"end":{"line":439,"column":79}},"156":{"start":{"line":440,"column":41},"end":{"line":440,"column":70}},"157":{"start":{"line":441,"column":38},"end":{"line":441,"column":58}},"158":{"start":{"line":442,"column":32},"end":{"line":442,"column":56}},"159":{"start":{"line":443,"column":39},"end":{"line":443,"column":75}},"160":{"start":{"line":444,"column":20},"end":{"line":454,"column":22}},"161":{"start":{"line":456,"column":20},"end":{"line":456,"column":70}},"162":{"start":{"line":461,"column":27},"end":{"line":461,"column":103}},"163":{"start":{"line":461,"column":60},"end":{"line":461,"column":99}},"164":{"start":{"line":462,"column":26},"end":{"line":462,"column":99}},"165":{"start":{"line":462,"column":59},"end":{"line":462,"column":95}},"166":{"start":{"line":463,"column":25},"end":{"line":463,"column":47}},"167":{"start":{"line":465,"column":8},"end":{"line":474,"column":10}},"168":{"start":{"line":479,"column":8},"end":{"line":489,"column":9}},"169":{"start":{"line":480,"column":12},"end":{"line":488,"column":13}},"170":{"start":{"line":481,"column":29},"end":{"line":481,"column":67}},"171":{"start":{"line":482,"column":16},"end":{"line":485,"column":17}},"172":{"start":{"line":483,"column":20},"end":{"line":483,"column":100}},"173":{"start":{"line":484,"column":20},"end":{"line":484,"column":32}},"174":{"start":{"line":487,"column":16},"end":{"line":487,"column":89}},"175":{"start":{"line":492,"column":8},"end":{"line":524,"column":9}},"176":{"start":{"line":493,"column":29},"end":{"line":493,"column":67}},"177":{"start":{"line":494,"column":23},"end":{"line":500,"column":57}},"178":{"start":{"line":502,"column":12},"end":{"line":509,"column":13}},"179":{"start":{"line":503,"column":16},"end":{"line":508,"column":18}},"180":{"start":{"line":511,"column":12},"end":{"line":521,"column":14}},"181":{"start":{"line":514,"column":37},"end":{"line":520,"column":17}},"182":{"start":{"line":523,"column":12},"end":{"line":523,"column":72}},"183":{"start":{"line":538,"column":26},"end":{"line":538,"column":28}},"184":{"start":{"line":540,"column":34},"end":{"line":553,"column":9}},"185":{"start":{"line":541,"column":12},"end":{"line":552,"column":13}},"186":{"start":{"line":542,"column":31},"end":{"line":542,"column":57}},"187":{"start":{"line":543,"column":30},"end":{"line":543,"column":71}},"188":{"start":{"line":544,"column":16},"end":{"line":548,"column":19}},"189":{"start":{"line":545,"column":20},"end":{"line":547,"column":21}},"190":{"start":{"line":546,"column":24},"end":{"line":546,"column":45}},"191":{"start":{"line":549,"column":16},"end":{"line":549,"column":28}},"192":{"start":{"line":551,"column":16},"end":{"line":551,"column":29}},"193":{"start":{"line":556,"column":28},"end":{"line":556,"column":75}},"194":{"start":{"line":558,"column":8},"end":{"line":560,"column":9}},"195":{"start":{"line":559,"column":12},"end":{"line":559,"column":40}},"196":{"start":{"line":561,"column":8},"end":{"line":561,"column":141}},"197":{"start":{"line":561,"column":36},"end":{"line":561,"column":121}},"198":{"start":{"line":561,"column":122},"end":{"line":561,"column":139}},"199":{"start":{"line":564,"column":25},"end":{"line":564,"column":68}},"200":{"start":{"line":565,"column":8},"end":{"line":567,"column":9}},"201":{"start":{"line":566,"column":12},"end":{"line":566,"column":40}},"202":{"start":{"line":568,"column":8},"end":{"line":568,"column":132}},"203":{"start":{"line":568,"column":36},"end":{"line":568,"column":112}},"204":{"start":{"line":568,"column":113},"end":{"line":568,"column":130}},"205":{"start":{"line":571,"column":31},"end":{"line":571,"column":85}},"206":{"start":{"line":572,"column":8},"end":{"line":574,"column":9}},"207":{"start":{"line":573,"column":12},"end":{"line":573,"column":40}},"208":{"start":{"line":575,"column":8},"end":{"line":575,"column":134}},"209":{"start":{"line":575,"column":36},"end":{"line":575,"column":114}},"210":{"start":{"line":575,"column":115},"end":{"line":575,"column":132}},"211":{"start":{"line":578,"column":31},"end":{"line":578,"column":160}},"212":{"start":{"line":579,"column":8},"end":{"line":581,"column":9}},"213":{"start":{"line":580,"column":12},"end":{"line":580,"column":40}},"214":{"start":{"line":582,"column":8},"end":{"line":582,"column":132}},"215":{"start":{"line":582,"column":36},"end":{"line":582,"column":112}},"216":{"start":{"line":582,"column":113},"end":{"line":582,"column":130}},"217":{"start":{"line":584,"column":8},"end":{"line":584,"column":25}},"218":{"start":{"line":592,"column":23},"end":{"line":592,"column":41}},"219":{"start":{"line":593,"column":8},"end":{"line":596,"column":24}},"220":{"start":{"line":594,"column":25},"end":{"line":594,"column":60}},"221":{"start":{"line":595,"column":12},"end":{"line":595,"column":49}},"222":{"start":{"line":603,"column":8},"end":{"line":613,"column":20}},"223":{"start":{"line":620,"column":26},"end":{"line":620,"column":50}},"224":{"start":{"line":621,"column":26},"end":{"line":621,"column":35}},"225":{"start":{"line":624,"column":23},"end":{"line":624,"column":78}},"226":{"start":{"line":624,"column":43},"end":{"line":624,"column":77}},"227":{"start":{"line":625,"column":8},"end":{"line":627,"column":9}},"228":{"start":{"line":626,"column":12},"end":{"line":626,"column":67}},"229":{"start":{"line":626,"column":48},"end":{"line":626,"column":56}},"230":{"start":{"line":628,"column":8},"end":{"line":630,"column":9}},"231":{"start":{"line":629,"column":12},"end":{"line":629,"column":62}},"232":{"start":{"line":632,"column":8},"end":{"line":635,"column":11}},"233":{"start":{"line":642,"column":8},"end":{"line":645,"column":9}},"234":{"start":{"line":643,"column":12},"end":{"line":643,"column":49}},"235":{"start":{"line":644,"column":12},"end":{"line":644,"column":19}},"236":{"start":{"line":646,"column":8},"end":{"line":646,"column":52}},"237":{"start":{"line":653,"column":8},"end":{"line":655,"column":9}},"238":{"start":{"line":654,"column":12},"end":{"line":654,"column":59}},"239":{"start":{"line":656,"column":24},"end":{"line":656,"column":72}},"240":{"start":{"line":657,"column":8},"end":{"line":657,"column":53}},"241":{"start":{"line":657,"column":43},"end":{"line":657,"column":53}},"242":{"start":{"line":658,"column":8},"end":{"line":658,"column":81}},"243":{"start":{"line":658,"column":42},"end":{"line":658,"column":78}},"244":{"start":{"line":666,"column":31},"end":{"line":666,"column":73}},"245":{"start":{"line":668,"column":8},"end":{"line":671,"column":9}},"246":{"start":{"line":669,"column":12},"end":{"line":669,"column":62}},"247":{"start":{"line":670,"column":12},"end":{"line":670,"column":19}},"248":{"start":{"line":673,"column":22},"end":{"line":673,"column":63}},"249":{"start":{"line":674,"column":8},"end":{"line":686,"column":9}},"250":{"start":{"line":675,"column":24},"end":{"line":675,"column":29}},"251":{"start":{"line":676,"column":33},"end":{"line":676,"column":70}},"252":{"start":{"line":676,"column":52},"end":{"line":676,"column":69}},"253":{"start":{"line":677,"column":12},"end":{"line":679,"column":13}},"254":{"start":{"line":678,"column":16},"end":{"line":678,"column":128}},"255":{"start":{"line":680,"column":12},"end":{"line":685,"column":15}},"256":{"start":{"line":688,"column":8},"end":{"line":688,"column":42}},"257":{"start":{"line":689,"column":8},"end":{"line":689,"column":29}},"258":{"start":{"line":696,"column":8},"end":{"line":705,"column":9}},"259":{"start":{"line":697,"column":30},"end":{"line":697,"column":32}},"260":{"start":{"line":698,"column":12},"end":{"line":703,"column":13}},"261":{"start":{"line":699,"column":16},"end":{"line":699,"column":52}},"262":{"start":{"line":699,"column":43},"end":{"line":699,"column":52}},"263":{"start":{"line":700,"column":37},"end":{"line":700,"column":74}},"264":{"start":{"line":700,"column":56},"end":{"line":700,"column":73}},"265":{"start":{"line":701,"column":30},"end":{"line":701,"column":158}},"266":{"start":{"line":702,"column":16},"end":{"line":702,"column":100}},"267":{"start":{"line":704,"column":12},"end":{"line":704,"column":71}},"268":{"start":{"line":704,"column":44},"end":{"line":704,"column":69}},"269":{"start":{"line":707,"column":25},"end":{"line":707,"column":91}},"270":{"start":{"line":708,"column":8},"end":{"line":713,"column":12}},"271":{"start":{"line":708,"column":34},"end":{"line":713,"column":9}},"272":{"start":{"line":720,"column":8},"end":{"line":727,"column":10}},"273":{"start":{"line":731,"column":0},"end":{"line":731,"column":34}}},"fnMap":{"0":{"name":"(anonymous_0)","decl":{"start":{"line":17,"column":4},"end":{"line":17,"column":5}},"loc":{"start":{"line":17,"column":18},"end":{"line":55,"column":5}},"line":17},"1":{"name":"(anonymous_1)","decl":{"start":{"line":60,"column":4},"end":{"line":60,"column":5}},"loc":{"start":{"line":60,"column":24},"end":{"line":106,"column":5}},"line":60},"2":{"name":"(anonymous_2)","decl":{"start":{"line":62,"column":17},"end":{"line":62,"column":18}},"loc":{"start":{"line":62,"column":35},"end":{"line":62,"column":100}},"line":62},"3":{"name":"(anonymous_3)","decl":{"start":{"line":116,"column":4},"end":{"line":116,"column":5}},"loc":{"start":{"line":116,"column":58},"end":{"line":230,"column":5}},"line":116},"4":{"name":"(anonymous_4)","decl":{"start":{"line":188,"column":30},"end":{"line":188,"column":31}},"loc":{"start":{"line":188,"column":46},"end":{"line":202,"column":17}},"line":188},"5":{"name":"(anonymous_5)","decl":{"start":{"line":205,"column":52},"end":{"line":205,"column":53}},"loc":{"start":{"line":205,"column":58},"end":{"line":208,"column":13}},"line":205},"6":{"name":"(anonymous_6)","decl":{"start":{"line":235,"column":4},"end":{"line":235,"column":5}},"loc":{"start":{"line":235,"column":65},"end":{"line":291,"column":5}},"line":235},"7":{"name":"(anonymous_7)","decl":{"start":{"line":259,"column":30},"end":{"line":259,"column":31}},"loc":{"start":{"line":259,"column":46},"end":{"line":270,"column":17}},"line":259},"8":{"name":"(anonymous_8)","decl":{"start":{"line":275,"column":52},"end":{"line":275,"column":53}},"loc":{"start":{"line":275,"column":58},"end":{"line":278,"column":13}},"line":275},"9":{"name":"(anonymous_9)","decl":{"start":{"line":295,"column":4},"end":{"line":295,"column":5}},"loc":{"start":{"line":295,"column":40},"end":{"line":320,"column":5}},"line":295},"10":{"name":"(anonymous_10)","decl":{"start":{"line":322,"column":4},"end":{"line":322,"column":5}},"loc":{"start":{"line":322,"column":49},"end":{"line":343,"column":5}},"line":322},"11":{"name":"(anonymous_11)","decl":{"start":{"line":345,"column":4},"end":{"line":345,"column":5}},"loc":{"start":{"line":345,"column":59},"end":{"line":373,"column":5}},"line":345},"12":{"name":"(anonymous_12)","decl":{"start":{"line":364,"column":29},"end":{"line":364,"column":30}},"loc":{"start":{"line":364,"column":35},"end":{"line":371,"column":13}},"line":364},"13":{"name":"(anonymous_13)","decl":{"start":{"line":375,"column":4},"end":{"line":375,"column":5}},"loc":{"start":{"line":375,"column":41},"end":{"line":412,"column":5}},"line":375},"14":{"name":"(anonymous_14)","decl":{"start":{"line":376,"column":85},"end":{"line":376,"column":86}},"loc":{"start":{"line":376,"column":90},"end":{"line":376,"column":98}},"line":376},"15":{"name":"(anonymous_15)","decl":{"start":{"line":389,"column":27},"end":{"line":389,"column":28}},"loc":{"start":{"line":389,"column":45},"end":{"line":409,"column":13}},"line":389},"16":{"name":"(anonymous_16)","decl":{"start":{"line":393,"column":74},"end":{"line":393,"column":75}},"loc":{"start":{"line":393,"column":80},"end":{"line":393,"column":84}},"line":393},"17":{"name":"(anonymous_17)","decl":{"start":{"line":414,"column":4},"end":{"line":414,"column":5}},"loc":{"start":{"line":414,"column":45},"end":{"line":475,"column":5}},"line":414},"18":{"name":"(anonymous_18)","decl":{"start":{"line":437,"column":29},"end":{"line":437,"column":30}},"loc":{"start":{"line":437,"column":42},"end":{"line":458,"column":13}},"line":437},"19":{"name":"(anonymous_19)","decl":{"start":{"line":461,"column":48},"end":{"line":461,"column":49}},"loc":{"start":{"line":461,"column":60},"end":{"line":461,"column":99}},"line":461},"20":{"name":"(anonymous_20)","decl":{"start":{"line":462,"column":47},"end":{"line":462,"column":48}},"loc":{"start":{"line":462,"column":59},"end":{"line":462,"column":95}},"line":462},"21":{"name":"(anonymous_21)","decl":{"start":{"line":477,"column":4},"end":{"line":477,"column":5}},"loc":{"start":{"line":477,"column":38},"end":{"line":525,"column":5}},"line":477},"22":{"name":"(anonymous_22)","decl":{"start":{"line":514,"column":31},"end":{"line":514,"column":32}},"loc":{"start":{"line":514,"column":37},"end":{"line":520,"column":17}},"line":514},"23":{"name":"(anonymous_23)","decl":{"start":{"line":537,"column":4},"end":{"line":537,"column":5}},"loc":{"start":{"line":537,"column":29},"end":{"line":585,"column":5}},"line":537},"24":{"name":"(anonymous_24)","decl":{"start":{"line":540,"column":34},"end":{"line":540,"column":35}},"loc":{"start":{"line":540,"column":47},"end":{"line":553,"column":9}},"line":540},"25":{"name":"(anonymous_25)","decl":{"start":{"line":544,"column":30},"end":{"line":544,"column":31}},"loc":{"start":{"line":544,"column":38},"end":{"line":548,"column":17}},"line":544},"26":{"name":"(anonymous_26)","decl":{"start":{"line":590,"column":4},"end":{"line":590,"column":5}},"loc":{"start":{"line":590,"column":38},"end":{"line":597,"column":5}},"line":590},"27":{"name":"(anonymous_27)","decl":{"start":{"line":593,"column":26},"end":{"line":593,"column":27}},"loc":{"start":{"line":593,"column":33},"end":{"line":596,"column":9}},"line":593},"28":{"name":"(anonymous_28)","decl":{"start":{"line":602,"column":4},"end":{"line":602,"column":5}},"loc":{"start":{"line":602,"column":28},"end":{"line":614,"column":5}},"line":602},"29":{"name":"(anonymous_29)","decl":{"start":{"line":619,"column":4},"end":{"line":619,"column":5}},"loc":{"start":{"line":619,"column":37},"end":{"line":636,"column":5}},"line":619},"30":{"name":"(anonymous_30)","decl":{"start":{"line":624,"column":38},"end":{"line":624,"column":39}},"loc":{"start":{"line":624,"column":43},"end":{"line":624,"column":77}},"line":624},"31":{"name":"(anonymous_31)","decl":{"start":{"line":626,"column":43},"end":{"line":626,"column":44}},"loc":{"start":{"line":626,"column":48},"end":{"line":626,"column":56}},"line":626},"32":{"name":"(anonymous_32)","decl":{"start":{"line":641,"column":4},"end":{"line":641,"column":5}},"loc":{"start":{"line":641,"column":34},"end":{"line":647,"column":5}},"line":641},"33":{"name":"(anonymous_33)","decl":{"start":{"line":652,"column":4},"end":{"line":652,"column":5}},"loc":{"start":{"line":652,"column":32},"end":{"line":659,"column":5}},"line":652},"34":{"name":"(anonymous_34)","decl":{"start":{"line":658,"column":36},"end":{"line":658,"column":37}},"loc":{"start":{"line":658,"column":42},"end":{"line":658,"column":78}},"line":658},"35":{"name":"(anonymous_35)","decl":{"start":{"line":664,"column":4},"end":{"line":664,"column":5}},"loc":{"start":{"line":664,"column":51},"end":{"line":690,"column":5}},"line":664},"36":{"name":"(anonymous_36)","decl":{"start":{"line":676,"column":47},"end":{"line":676,"column":48}},"loc":{"start":{"line":676,"column":52},"end":{"line":676,"column":69}},"line":676},"37":{"name":"(anonymous_37)","decl":{"start":{"line":695,"column":4},"end":{"line":695,"column":5}},"loc":{"start":{"line":695,"column":33},"end":{"line":714,"column":5}},"line":695},"38":{"name":"(anonymous_38)","decl":{"start":{"line":700,"column":51},"end":{"line":700,"column":52}},"loc":{"start":{"line":700,"column":56},"end":{"line":700,"column":73}},"line":700},"39":{"name":"(anonymous_39)","decl":{"start":{"line":704,"column":34},"end":{"line":704,"column":35}},"loc":{"start":{"line":704,"column":44},"end":{"line":704,"column":69}},"line":704},"40":{"name":"(anonymous_40)","decl":{"start":{"line":708,"column":28},"end":{"line":708,"column":29}},"loc":{"start":{"line":708,"column":34},"end":{"line":713,"column":9}},"line":708},"41":{"name":"(anonymous_41)","decl":{"start":{"line":719,"column":4},"end":{"line":719,"column":5}},"loc":{"start":{"line":719,"column":21},"end":{"line":728,"column":5}},"line":719}},"branchMap":{"0":{"loc":{"start":{"line":127,"column":8},"end":{"line":171,"column":9}},"type":"if","locations":[{"start":{"line":127,"column":8},"end":{"line":171,"column":9}},{"start":{},"end":{}}],"line":127},"1":{"loc":{"start":{"line":131,"column":16},"end":{"line":167,"column":17}},"type":"if","locations":[{"start":{"line":131,"column":16},"end":{"line":167,"column":17}},{"start":{},"end":{}}],"line":131},"2":{"loc":{"start":{"line":140,"column":41},"end":{"line":140,"column":71}},"type":"binary-expr","locations":[{"start":{"line":140,"column":41},"end":{"line":140,"column":64}},{"start":{"line":140,"column":68},"end":{"line":140,"column":71}}],"line":140},"3":{"loc":{"start":{"line":141,"column":39},"end":{"line":141,"column":68}},"type":"binary-expr","locations":[{"start":{"line":141,"column":39},"end":{"line":141,"column":60}},{"start":{"line":141,"column":64},"end":{"line":141,"column":68}}],"line":141},"4":{"loc":{"start":{"line":146,"column":38},"end":{"line":146,"column":63}},"type":"binary-expr","locations":[{"start":{"line":146,"column":38},"end":{"line":146,"column":57}},{"start":{"line":146,"column":61},"end":{"line":146,"column":63}}],"line":146},"5":{"loc":{"start":{"line":149,"column":20},"end":{"line":151,"column":21}},"type":"if","locations":[{"start":{"line":149,"column":20},"end":{"line":151,"column":21}},{"start":{},"end":{}}],"line":149},"6":{"loc":{"start":{"line":149,"column":24},"end":{"line":149,"column":133}},"type":"binary-expr","locations":[{"start":{"line":149,"column":24},"end":{"line":149,"column":53}},{"start":{"line":149,"column":57},"end":{"line":149,"column":91}},{"start":{"line":149,"column":95},"end":{"line":149,"column":133}}],"line":149},"7":{"loc":{"start":{"line":184,"column":8},"end":{"line":213,"column":9}},"type":"if","locations":[{"start":{"line":184,"column":8},"end":{"line":213,"column":9}},{"start":{},"end":{}}],"line":184},"8":{"loc":{"start":{"line":191,"column":24},"end":{"line":193,"column":25}},"type":"if","locations":[{"start":{"line":191,"column":24},"end":{"line":193,"column":25}},{"start":{},"end":{}}],"line":191},"9":{"loc":{"start":{"line":206,"column":16},"end":{"line":206,"column":79}},"type":"if","locations":[{"start":{"line":206,"column":16},"end":{"line":206,"column":79}},{"start":{},"end":{}}],"line":206},"10":{"loc":{"start":{"line":221,"column":79},"end":{"line":221,"column":109}},"type":"binary-expr","locations":[{"start":{"line":221,"column":79},"end":{"line":221,"column":99}},{"start":{"line":221,"column":103},"end":{"line":221,"column":109}}],"line":221},"11":{"loc":{"start":{"line":253,"column":8},"end":{"line":283,"column":9}},"type":"if","locations":[{"start":{"line":253,"column":8},"end":{"line":283,"column":9}},{"start":{},"end":{}}],"line":253},"12":{"loc":{"start":{"line":262,"column":24},"end":{"line":262,"column":91}},"type":"if","locations":[{"start":{"line":262,"column":24},"end":{"line":262,"column":91}},{"start":{},"end":{}}],"line":262},"13":{"loc":{"start":{"line":276,"column":16},"end":{"line":276,"column":79}},"type":"if","locations":[{"start":{"line":276,"column":16},"end":{"line":276,"column":79}},{"start":{},"end":{}}],"line":276},"14":{"loc":{"start":{"line":297,"column":8},"end":{"line":305,"column":9}},"type":"if","locations":[{"start":{"line":297,"column":8},"end":{"line":305,"column":9}},{"start":{},"end":{}}],"line":297},"15":{"loc":{"start":{"line":323,"column":8},"end":{"line":331,"column":9}},"type":"if","locations":[{"start":{"line":323,"column":8},"end":{"line":331,"column":9}},{"start":{},"end":{}}],"line":323},"16":{"loc":{"start":{"line":345,"column":42},"end":{"line":345,"column":55}},"type":"default-arg","locations":[{"start":{"line":345,"column":51},"end":{"line":345,"column":55}}],"line":345},"17":{"loc":{"start":{"line":347,"column":25},"end":{"line":347,"column":95}},"type":"cond-expr","locations":[{"start":{"line":347,"column":74},"end":{"line":347,"column":86}},{"start":{"line":347,"column":89},"end":{"line":347,"column":95}}],"line":347},"18":{"loc":{"start":{"line":347,"column":25},"end":{"line":347,"column":71}},"type":"binary-expr","locations":[{"start":{"line":347,"column":25},"end":{"line":347,"column":45}},{"start":{"line":347,"column":49},"end":{"line":347,"column":71}}],"line":347},"19":{"loc":{"start":{"line":349,"column":8},"end":{"line":357,"column":9}},"type":"if","locations":[{"start":{"line":349,"column":8},"end":{"line":357,"column":9}},{"start":{},"end":{}}],"line":349},"20":{"loc":{"start":{"line":376,"column":27},"end":{"line":376,"column":99}},"type":"cond-expr","locations":[{"start":{"line":376,"column":52},"end":{"line":376,"column":59}},{"start":{"line":376,"column":62},"end":{"line":376,"column":99}}],"line":376},"21":{"loc":{"start":{"line":378,"column":8},"end":{"line":386,"column":9}},"type":"if","locations":[{"start":{"line":378,"column":8},"end":{"line":386,"column":9}},{"start":{},"end":{}}],"line":378},"22":{"loc":{"start":{"line":401,"column":29},"end":{"line":401,"column":53}},"type":"binary-expr","locations":[{"start":{"line":401,"column":29},"end":{"line":401,"column":44}},{"start":{"line":401,"column":48},"end":{"line":401,"column":53}}],"line":401},"23":{"loc":{"start":{"line":402,"column":31},"end":{"line":402,"column":57}},"type":"binary-expr","locations":[{"start":{"line":402,"column":31},"end":{"line":402,"column":48}},{"start":{"line":402,"column":52},"end":{"line":402,"column":57}}],"line":402},"24":{"loc":{"start":{"line":403,"column":31},"end":{"line":403,"column":57}},"type":"binary-expr","locations":[{"start":{"line":403,"column":31},"end":{"line":403,"column":48}},{"start":{"line":403,"column":52},"end":{"line":403,"column":57}}],"line":403},"25":{"loc":{"start":{"line":404,"column":30},"end":{"line":404,"column":61}},"type":"binary-expr","locations":[{"start":{"line":404,"column":30},"end":{"line":404,"column":52}},{"start":{"line":404,"column":56},"end":{"line":404,"column":61}}],"line":404},"26":{"loc":{"start":{"line":416,"column":8},"end":{"line":420,"column":9}},"type":"if","locations":[{"start":{"line":416,"column":8},"end":{"line":420,"column":9}},{"start":{"line":418,"column":15},"end":{"line":420,"column":9}}],"line":416},"27":{"loc":{"start":{"line":422,"column":8},"end":{"line":424,"column":9}},"type":"if","locations":[{"start":{"line":422,"column":8},"end":{"line":424,"column":9}},{"start":{},"end":{}}],"line":422},"28":{"loc":{"start":{"line":422,"column":12},"end":{"line":422,"column":69}},"type":"binary-expr","locations":[{"start":{"line":422,"column":12},"end":{"line":422,"column":40}},{"start":{"line":422,"column":44},"end":{"line":422,"column":69}}],"line":422},"29":{"loc":{"start":{"line":426,"column":8},"end":{"line":434,"column":9}},"type":"if","locations":[{"start":{"line":426,"column":8},"end":{"line":434,"column":9}},{"start":{},"end":{}}],"line":426},"30":{"loc":{"start":{"line":461,"column":67},"end":{"line":461,"column":98}},"type":"binary-expr","locations":[{"start":{"line":461,"column":67},"end":{"line":461,"column":93}},{"start":{"line":461,"column":97},"end":{"line":461,"column":98}}],"line":461},"31":{"loc":{"start":{"line":462,"column":66},"end":{"line":462,"column":94}},"type":"binary-expr","locations":[{"start":{"line":462,"column":66},"end":{"line":462,"column":89}},{"start":{"line":462,"column":93},"end":{"line":462,"column":94}}],"line":462},"32":{"loc":{"start":{"line":479,"column":8},"end":{"line":489,"column":9}},"type":"if","locations":[{"start":{"line":479,"column":8},"end":{"line":489,"column":9}},{"start":{},"end":{}}],"line":479},"33":{"loc":{"start":{"line":482,"column":16},"end":{"line":485,"column":17}},"type":"if","locations":[{"start":{"line":482,"column":16},"end":{"line":485,"column":17}},{"start":{},"end":{}}],"line":482},"34":{"loc":{"start":{"line":502,"column":12},"end":{"line":509,"column":13}},"type":"if","locations":[{"start":{"line":502,"column":12},"end":{"line":509,"column":13}},{"start":{},"end":{}}],"line":502},"35":{"loc":{"start":{"line":502,"column":16},"end":{"line":502,"column":42}},"type":"binary-expr","locations":[{"start":{"line":502,"column":16},"end":{"line":502,"column":21}},{"start":{"line":502,"column":25},"end":{"line":502,"column":42}}],"line":502},"36":{"loc":{"start":{"line":519,"column":31},"end":{"line":519,"column":52}},"type":"binary-expr","locations":[{"start":{"line":519,"column":31},"end":{"line":519,"column":47}},{"start":{"line":519,"column":51},"end":{"line":519,"column":52}}],"line":519},"37":{"loc":{"start":{"line":543,"column":30},"end":{"line":543,"column":71}},"type":"cond-expr","locations":[{"start":{"line":543,"column":54},"end":{"line":543,"column":60}},{"start":{"line":543,"column":63},"end":{"line":543,"column":71}}],"line":543},"38":{"loc":{"start":{"line":545,"column":20},"end":{"line":547,"column":21}},"type":"if","locations":[{"start":{"line":545,"column":20},"end":{"line":547,"column":21}},{"start":{},"end":{}}],"line":545},"39":{"loc":{"start":{"line":545,"column":24},"end":{"line":545,"column":46}},"type":"binary-expr","locations":[{"start":{"line":545,"column":24},"end":{"line":545,"column":33}},{"start":{"line":545,"column":37},"end":{"line":545,"column":46}}],"line":545},"40":{"loc":{"start":{"line":561,"column":8},"end":{"line":561,"column":141}},"type":"if","locations":[{"start":{"line":561,"column":8},"end":{"line":561,"column":141}},{"start":{},"end":{}}],"line":561},"41":{"loc":{"start":{"line":568,"column":8},"end":{"line":568,"column":132}},"type":"if","locations":[{"start":{"line":568,"column":8},"end":{"line":568,"column":132}},{"start":{},"end":{}}],"line":568},"42":{"loc":{"start":{"line":575,"column":8},"end":{"line":575,"column":134}},"type":"if","locations":[{"start":{"line":575,"column":8},"end":{"line":575,"column":134}},{"start":{},"end":{}}],"line":575},"43":{"loc":{"start":{"line":582,"column":8},"end":{"line":582,"column":132}},"type":"if","locations":[{"start":{"line":582,"column":8},"end":{"line":582,"column":132}},{"start":{},"end":{}}],"line":582},"44":{"loc":{"start":{"line":594,"column":25},"end":{"line":594,"column":60}},"type":"cond-expr","locations":[{"start":{"line":594,"column":47},"end":{"line":594,"column":51}},{"start":{"line":594,"column":54},"end":{"line":594,"column":60}}],"line":594},"45":{"loc":{"start":{"line":624,"column":43},"end":{"line":624,"column":77}},"type":"binary-expr","locations":[{"start":{"line":624,"column":43},"end":{"line":624,"column":65}},{"start":{"line":624,"column":69},"end":{"line":624,"column":77}}],"line":624},"46":{"loc":{"start":{"line":625,"column":8},"end":{"line":627,"column":9}},"type":"if","locations":[{"start":{"line":625,"column":8},"end":{"line":627,"column":9}},{"start":{},"end":{}}],"line":625},"47":{"loc":{"start":{"line":628,"column":8},"end":{"line":630,"column":9}},"type":"if","locations":[{"start":{"line":628,"column":8},"end":{"line":630,"column":9}},{"start":{},"end":{}}],"line":628},"48":{"loc":{"start":{"line":642,"column":8},"end":{"line":645,"column":9}},"type":"if","locations":[{"start":{"line":642,"column":8},"end":{"line":645,"column":9}},{"start":{},"end":{}}],"line":642},"49":{"loc":{"start":{"line":653,"column":8},"end":{"line":655,"column":9}},"type":"if","locations":[{"start":{"line":653,"column":8},"end":{"line":655,"column":9}},{"start":{},"end":{}}],"line":653},"50":{"loc":{"start":{"line":654,"column":19},"end":{"line":654,"column":58}},"type":"binary-expr","locations":[{"start":{"line":654,"column":19},"end":{"line":654,"column":52}},{"start":{"line":654,"column":56},"end":{"line":654,"column":58}}],"line":654},"51":{"loc":{"start":{"line":657,"column":8},"end":{"line":657,"column":53}},"type":"if","locations":[{"start":{"line":657,"column":8},"end":{"line":657,"column":53}},{"start":{},"end":{}}],"line":657},"52":{"loc":{"start":{"line":657,"column":12},"end":{"line":657,"column":41}},"type":"binary-expr","locations":[{"start":{"line":657,"column":12},"end":{"line":657,"column":20}},{"start":{"line":657,"column":24},"end":{"line":657,"column":41}}],"line":657},"53":{"loc":{"start":{"line":668,"column":8},"end":{"line":671,"column":9}},"type":"if","locations":[{"start":{"line":668,"column":8},"end":{"line":671,"column":9}},{"start":{},"end":{}}],"line":668},"54":{"loc":{"start":{"line":674,"column":8},"end":{"line":686,"column":9}},"type":"if","locations":[{"start":{"line":674,"column":8},"end":{"line":686,"column":9}},{"start":{},"end":{}}],"line":674},"55":{"loc":{"start":{"line":677,"column":12},"end":{"line":679,"column":13}},"type":"if","locations":[{"start":{"line":677,"column":12},"end":{"line":679,"column":13}},{"start":{},"end":{}}],"line":677},"56":{"loc":{"start":{"line":678,"column":24},"end":{"line":678,"column":127}},"type":"cond-expr","locations":[{"start":{"line":678,"column":59},"end":{"line":678,"column":104}},{"start":{"line":678,"column":107},"end":{"line":678,"column":127}}],"line":678},"57":{"loc":{"start":{"line":696,"column":8},"end":{"line":705,"column":9}},"type":"if","locations":[{"start":{"line":696,"column":8},"end":{"line":705,"column":9}},{"start":{},"end":{}}],"line":696},"58":{"loc":{"start":{"line":699,"column":16},"end":{"line":699,"column":52}},"type":"if","locations":[{"start":{"line":699,"column":16},"end":{"line":699,"column":52}},{"start":{},"end":{}}],"line":699},"59":{"loc":{"start":{"line":701,"column":30},"end":{"line":701,"column":158}},"type":"cond-expr","locations":[{"start":{"line":701,"column":46},"end":{"line":701,"column":149}},{"start":{"line":701,"column":153},"end":{"line":701,"column":158}}],"line":701},"60":{"loc":{"start":{"line":701,"column":46},"end":{"line":701,"column":149}},"type":"cond-expr","locations":[{"start":{"line":701,"column":81},"end":{"line":701,"column":126}},{"start":{"line":701,"column":129},"end":{"line":701,"column":149}}],"line":701},"61":{"loc":{"start":{"line":711,"column":26},"end":{"line":711,"column":60}},"type":"cond-expr","locations":[{"start":{"line":711,"column":39},"end":{"line":711,"column":56}},{"start":{"line":711,"column":59},"end":{"line":711,"column":60}}],"line":711},"62":{"loc":{"start":{"line":712,"column":23},"end":{"line":712,"column":71}},"type":"cond-expr","locations":[{"start":{"line":712,"column":37},"end":{"line":712,"column":58}},{"start":{"line":712,"column":61},"end":{"line":712,"column":71}}],"line":712}},"s":{"0":4,"1":4,"2":4,"3":4,"4":4,"5":4,"6":4,"7":4,"8":4,"9":0,"10":0,"11":0,"12":0,"13":0,"14":0,"15":0,"16":0,"17":0,"18":0,"19":0,"20":0,"21":0,"22":0,"23":0,"24":0,"25":0,"26":0,"27":0,"28":0,"29":0,"30":0,"31":0,"32":0,"33":0,"34":0,"35":0,"36":0,"37":0,"38":0,"39":0,"40":0,"41":0,"42":0,"43":0,"44":0,"45":0,"46":0,"47":0,"48":0,"49":0,"50":0,"51":0,"52":0,"53":0,"54":0,"55":0,"56":0,"57":0,"58":0,"59":0,"60":0,"61":0,"62":0,"63":0,"64":0,"65":0,"66":0,"67":0,"68":0,"69":0,"70":0,"71":0,"72":0,"73":0,"74":0,"75":0,"76":0,"77":0,"78":0,"79":0,"80":0,"81":0,"82":0,"83":0,"84":0,"85":0,"86":0,"87":0,"88":0,"89":0,"90":0,"91":0,"92":0,"93":0,"94":0,"95":0,"96":0,"97":0,"98":0,"99":0,"100":0,"101":0,"102":0,"103":0,"104":0,"105":0,"106":0,"107":0,"108":0,"109":0,"110":0,"111":0,"112":0,"113":0,"114":0,"115":0,"116":0,"117":0,"118":0,"119":0,"120":0,"121":0,"122":0,"123":0,"124":0,"125":0,"126":0,"127":0,"128":0,"129":0,"130":0,"131":0,"132":0,"133":0,"134":0,"135":0,"136":0,"137":0,"138":0,"139":0,"140":0,"141":0,"142":0,"143":0,"144":0,"145":0,"146":0,"147":0,"148":0,"149":0,"150":0,"151":0,"152":0,"153":0,"154":0,"155":0,"156":0,"157":0,"158":0,"159":0,"160":0,"161":0,"162":0,"163":0,"164":0,"165":0,"166":0,"167":0,"168":0,"169":0,"170":0,"171":0,"172":0,"173":0,"174":0,"175":0,"176":0,"177":0,"178":0,"179":0,"180":0,"181":0,"182":0,"183":0,"184":0,"185":0,"186":0,"187":0,"188":0,"189":0,"190":0,"191":0,"192":0,"193":0,"194":0,"195":0,"196":0,"197":0,"198":0,"199":0,"200":0,"201":0,"202":0,"203":0,"204":0,"205":0,"206":0,"207":0,"208":0,"209":0,"210":0,"211":0,"212":0,"213":0,"214":0,"215":0,"216":0,"217":0,"218":0,"219":0,"220":0,"221":0,"222":0,"223":0,"224":0,"225":0,"226":0,"227":0,"228":0,"229":0,"230":0,"231":0,"232":0,"233":0,"234":0,"235":0,"236":0,"237":0,"238":0,"239":0,"240":0,"241":0,"242":0,"243":0,"244":0,"245":0,"246":0,"247":0,"248":0,"249":0,"250":0,"251":0,"252":0,"253":0,"254":0,"255":0,"256":0,"257":0,"258":0,"259":0,"260":0,"261":0,"262":0,"263":0,"264":0,"265":0,"266":0,"267":0,"268":0,"269":0,"270":0,"271":0,"272":0,"273":4},"f":{"0":4,"1":0,"2":0,"3":0,"4":0,"5":0,"6":0,"7":0,"8":0,"9":0,"10":0,"11":0,"12":0,"13":0,"14":0,"15":0,"16":0,"17":0,"18":0,"19":0,"20":0,"21":0,"22":0,"23":0,"24":0,"25":0,"26":0,"27":0,"28":0,"29":0,"30":0,"31":0,"32":0,"33":0,"34":0,"35":0,"36":0,"37":0,"38":0,"39":0,"40":0,"41":0},"b":{"0":[0,0],"1":[0,0],"2":[0,0],"3":[0,0],"4":[0,0],"5":[0,0],"6":[0,0,0],"7":[0,0],"8":[0,0],"9":[0,0],"10":[0,0],"11":[0,0],"12":[0,0],"13":[0,0],"14":[0,0],"15":[0,0],"16":[0],"17":[0,0],"18":[0,0],"19":[0,0],"20":[0,0],"21":[0,0],"22":[0,0],"23":[0,0],"24":[0,0],"25":[0,0],"26":[0,0],"27":[0,0],"28":[0,0],"29":[0,0],"30":[0,0],"31":[0,0],"32":[0,0],"33":[0,0],"34":[0,0],"35":[0,0],"36":[0,0],"37":[0,0],"38":[0,0],"39":[0,0],"40":[0,0],"41":[0,0],"42":[0,0],"43":[0,0],"44":[0,0],"45":[0,0],"46":[0,0],"47":[0,0],"48":[0,0],"49":[0,0],"50":[0,0],"51":[0,0],"52":[0,0],"53":[0,0],"54":[0,0],"55":[0,0],"56":[0,0],"57":[0,0],"58":[0,0],"59":[0,0],"60":[0,0],"61":[0,0],"62":[0,0]},"_coverageSchema":"1a1c01bbd47fc00a2c39e90264f33305004495a9","hash":"fb1cd6e807bee85053eb3e8c7580a41aa8fef215"}
,"/Users/chenyousheng/work/workspace/node/StockAnalysis/src/ai/modelManager.js": {"path":"/Users/chenyousheng/work/workspace/node/StockAnalysis/src/ai/modelManager.js","statementMap":{"0":{"start":{"line":1,"column":14},"end":{"line":1,"column":30}},"1":{"start":{"line":2,"column":15},"end":{"line":2,"column":41}},"2":{"start":{"line":6,"column":8},"end":{"line":6,"column":32}},"3":{"start":{"line":13,"column":8},"end":{"line":79,"column":9}},"4":{"start":{"line":14,"column":32},"end":{"line":14,"column":73}},"5":{"start":{"line":16,"column":26},"end":{"line":16,"column":50}},"6":{"start":{"line":18,"column":12},"end":{"line":18,"column":32}},"7":{"start":{"line":20,"column":12},"end":{"line":33,"column":13}},"8":{"start":{"line":21,"column":16},"end":{"line":32,"column":19}},"9":{"start":{"line":22,"column":20},"end":{"line":31,"column":23}},"10":{"start":{"line":36,"column":37},"end":{"line":57,"column":13}},"11":{"start":{"line":59,"column":30},"end":{"line":59,"column":136}},"12":{"start":{"line":61,"column":12},"end":{"line":74,"column":15}},"13":{"start":{"line":62,"column":16},"end":{"line":73,"column":17}},"14":{"start":{"line":63,"column":20},"end":{"line":72,"column":23}},"15":{"start":{"line":76,"column":12},"end":{"line":76,"column":79}},"16":{"start":{"line":78,"column":12},"end":{"line":78,"column":56}},"17":{"start":{"line":83,"column":50},"end":{"line":83,"column":56}},"18":{"start":{"line":84,"column":8},"end":{"line":86,"column":9}},"19":{"start":{"line":85,"column":12},"end":{"line":85,"column":66}},"20":{"start":{"line":87,"column":8},"end":{"line":89,"column":9}},"21":{"start":{"line":88,"column":12},"end":{"line":88,"column":65}},"22":{"start":{"line":91,"column":8},"end":{"line":91,"column":67}},"23":{"start":{"line":91,"column":28},"end":{"line":91,"column":67}},"24":{"start":{"line":94,"column":8},"end":{"line":103,"column":9}},"25":{"start":{"line":95,"column":12},"end":{"line":102,"column":13}},"26":{"start":{"line":96,"column":32},"end":{"line":96,"column":70}},"27":{"start":{"line":97,"column":16},"end":{"line":99,"column":17}},"28":{"start":{"line":98,"column":20},"end":{"line":98,"column":71}},"29":{"start":{"line":101,"column":16},"end":{"line":101,"column":79}},"30":{"start":{"line":106,"column":28},"end":{"line":106,"column":69}},"31":{"start":{"line":107,"column":28},"end":{"line":110,"column":10}},"32":{"start":{"line":111,"column":8},"end":{"line":111,"column":33}},"33":{"start":{"line":114,"column":8},"end":{"line":114,"column":32}},"34":{"start":{"line":116,"column":8},"end":{"line":116,"column":20}},"35":{"start":{"line":120,"column":8},"end":{"line":120,"column":52}},"36":{"start":{"line":120,"column":40},"end":{"line":120,"column":52}},"37":{"start":{"line":121,"column":8},"end":{"line":128,"column":9}},"38":{"start":{"line":123,"column":29},"end":{"line":123,"column":76}},"39":{"start":{"line":124,"column":12},"end":{"line":124,"column":51}},"40":{"start":{"line":126,"column":12},"end":{"line":126,"column":75}},"41":{"start":{"line":127,"column":12},"end":{"line":127,"column":25}},"42":{"start":{"line":133,"column":23},"end":{"line":133,"column":111}},"43":{"start":{"line":135,"column":8},"end":{"line":135,"column":68}},"44":{"start":{"line":135,"column":21},"end":{"line":135,"column":68}},"45":{"start":{"line":136,"column":8},"end":{"line":138,"column":9}},"46":{"start":{"line":137,"column":12},"end":{"line":137,"column":78}},"47":{"start":{"line":140,"column":8},"end":{"line":149,"column":9}},"48":{"start":{"line":141,"column":12},"end":{"line":145,"column":13}},"49":{"start":{"line":142,"column":31},"end":{"line":142,"column":85}},"50":{"start":{"line":143,"column":29},"end":{"line":143,"column":51}},"51":{"start":{"line":144,"column":25},"end":{"line":144,"column":86}},"52":{"start":{"line":147,"column":12},"end":{"line":147,"column":60}},"53":{"start":{"line":148,"column":12},"end":{"line":148,"column":24}},"54":{"start":{"line":153,"column":8},"end":{"line":153,"column":121}},"55":{"start":{"line":154,"column":22},"end":{"line":154,"column":76}},"56":{"start":{"line":156,"column":8},"end":{"line":158,"column":9}},"57":{"start":{"line":157,"column":12},"end":{"line":157,"column":63}},"58":{"start":{"line":162,"column":8},"end":{"line":170,"column":9}},"59":{"start":{"line":163,"column":12},"end":{"line":163,"column":31}},"60":{"start":{"line":164,"column":15},"end":{"line":170,"column":9}},"61":{"start":{"line":166,"column":12},"end":{"line":166,"column":53}},"62":{"start":{"line":169,"column":12},"end":{"line":169,"column":56}},"63":{"start":{"line":172,"column":8},"end":{"line":172,"column":98}},"64":{"start":{"line":174,"column":25},"end":{"line":182,"column":10}},"65":{"start":{"line":184,"column":8},"end":{"line":184,"column":56}},"66":{"start":{"line":188,"column":8},"end":{"line":193,"column":12}},"67":{"start":{"line":188,"column":58},"end":{"line":193,"column":9}},"68":{"start":{"line":201,"column":22},"end":{"line":201,"column":48}},"69":{"start":{"line":202,"column":8},"end":{"line":202,"column":32}},"70":{"start":{"line":202,"column":20},"end":{"line":202,"column":32}},"71":{"start":{"line":203,"column":8},"end":{"line":212,"column":10}},"72":{"start":{"line":216,"column":28},"end":{"line":216,"column":69}},"73":{"start":{"line":217,"column":8},"end":{"line":217,"column":57}},"74":{"start":{"line":218,"column":8},"end":{"line":218,"column":32}},"75":{"start":{"line":222,"column":0},"end":{"line":222,"column":38}}},"fnMap":{"0":{"name":"(anonymous_0)","decl":{"start":{"line":5,"column":4},"end":{"line":5,"column":5}},"loc":{"start":{"line":5,"column":18},"end":{"line":7,"column":5}},"line":5},"1":{"name":"(anonymous_1)","decl":{"start":{"line":12,"column":4},"end":{"line":12,"column":5}},"loc":{"start":{"line":12,"column":23},"end":{"line":80,"column":5}},"line":12},"2":{"name":"(anonymous_2)","decl":{"start":{"line":21,"column":32},"end":{"line":21,"column":33}},"loc":{"start":{"line":21,"column":42},"end":{"line":32,"column":17}},"line":21},"3":{"name":"(anonymous_3)","decl":{"start":{"line":61,"column":37},"end":{"line":61,"column":38}},"loc":{"start":{"line":61,"column":49},"end":{"line":74,"column":13}},"line":61},"4":{"name":"(anonymous_4)","decl":{"start":{"line":82,"column":4},"end":{"line":82,"column":5}},"loc":{"start":{"line":82,"column":27},"end":{"line":117,"column":5}},"line":82},"5":{"name":"(anonymous_5)","decl":{"start":{"line":119,"column":4},"end":{"line":119,"column":5}},"loc":{"start":{"line":119,"column":38},"end":{"line":129,"column":5}},"line":119},"6":{"name":"(anonymous_6)","decl":{"start":{"line":131,"column":4},"end":{"line":131,"column":5}},"loc":{"start":{"line":131,"column":59},"end":{"line":150,"column":5}},"line":131},"7":{"name":"(anonymous_7)","decl":{"start":{"line":152,"column":4},"end":{"line":152,"column":5}},"loc":{"start":{"line":152,"column":46},"end":{"line":185,"column":5}},"line":152},"8":{"name":"(anonymous_8)","decl":{"start":{"line":187,"column":4},"end":{"line":187,"column":5}},"loc":{"start":{"line":187,"column":16},"end":{"line":194,"column":5}},"line":187},"9":{"name":"(anonymous_9)","decl":{"start":{"line":188,"column":52},"end":{"line":188,"column":53}},"loc":{"start":{"line":188,"column":58},"end":{"line":193,"column":9}},"line":188},"10":{"name":"(anonymous_10)","decl":{"start":{"line":200,"column":4},"end":{"line":200,"column":5}},"loc":{"start":{"line":200,"column":30},"end":{"line":213,"column":5}},"line":200},"11":{"name":"(anonymous_11)","decl":{"start":{"line":215,"column":4},"end":{"line":215,"column":5}},"loc":{"start":{"line":215,"column":33},"end":{"line":219,"column":5}},"line":215}},"branchMap":{"0":{"loc":{"start":{"line":20,"column":12},"end":{"line":33,"column":13}},"type":"if","locations":[{"start":{"line":20,"column":12},"end":{"line":33,"column":13}},{"start":{},"end":{}}],"line":20},"1":{"loc":{"start":{"line":20,"column":16},"end":{"line":20,"column":45}},"type":"binary-expr","locations":[{"start":{"line":20,"column":16},"end":{"line":20,"column":23}},{"start":{"line":20,"column":27},"end":{"line":20,"column":45}}],"line":20},"2":{"loc":{"start":{"line":28,"column":35},"end":{"line":28,"column":59}},"type":"binary-expr","locations":[{"start":{"line":28,"column":35},"end":{"line":28,"column":51}},{"start":{"line":28,"column":55},"end":{"line":28,"column":59}}],"line":28},"3":{"loc":{"start":{"line":29,"column":37},"end":{"line":29,"column":62}},"type":"binary-expr","locations":[{"start":{"line":29,"column":37},"end":{"line":29,"column":55}},{"start":{"line":29,"column":59},"end":{"line":29,"column":62}}],"line":29},"4":{"loc":{"start":{"line":59,"column":30},"end":{"line":59,"column":136}},"type":"binary-expr","locations":[{"start":{"line":59,"column":30},"end":{"line":59,"column":60}},{"start":{"line":59,"column":64},"end":{"line":59,"column":136}}],"line":59},"5":{"loc":{"start":{"line":62,"column":16},"end":{"line":73,"column":17}},"type":"if","locations":[{"start":{"line":62,"column":16},"end":{"line":73,"column":17}},{"start":{},"end":{}}],"line":62},"6":{"loc":{"start":{"line":84,"column":8},"end":{"line":86,"column":9}},"type":"if","locations":[{"start":{"line":84,"column":8},"end":{"line":86,"column":9}},{"start":{},"end":{}}],"line":84},"7":{"loc":{"start":{"line":84,"column":12},"end":{"line":84,"column":40}},"type":"binary-expr","locations":[{"start":{"line":84,"column":12},"end":{"line":84,"column":17}},{"start":{"line":84,"column":21},"end":{"line":84,"column":30}},{"start":{"line":84,"column":34},"end":{"line":84,"column":40}}],"line":84},"8":{"loc":{"start":{"line":87,"column":8},"end":{"line":89,"column":9}},"type":"if","locations":[{"start":{"line":87,"column":8},"end":{"line":89,"column":9}},{"start":{},"end":{}}],"line":87},"9":{"loc":{"start":{"line":87,"column":12},"end":{"line":87,"column":42}},"type":"binary-expr","locations":[{"start":{"line":87,"column":12},"end":{"line":87,"column":31}},{"start":{"line":87,"column":35},"end":{"line":87,"column":42}}],"line":87},"10":{"loc":{"start":{"line":91,"column":8},"end":{"line":91,"column":67}},"type":"if","locations":[{"start":{"line":91,"column":8},"end":{"line":91,"column":67}},{"start":{},"end":{}}],"line":91},"11":{"loc":{"start":{"line":94,"column":8},"end":{"line":103,"column":9}},"type":"if","locations":[{"start":{"line":94,"column":8},"end":{"line":103,"column":9}},{"start":{},"end":{}}],"line":94},"12":{"loc":{"start":{"line":94,"column":12},"end":{"line":94,"column":59}},"type":"binary-expr","locations":[{"start":{"line":94,"column":12},"end":{"line":94,"column":36}},{"start":{"line":94,"column":40},"end":{"line":94,"column":59}}],"line":94},"13":{"loc":{"start":{"line":97,"column":16},"end":{"line":99,"column":17}},"type":"if","locations":[{"start":{"line":97,"column":16},"end":{"line":99,"column":17}},{"start":{},"end":{}}],"line":97},"14":{"loc":{"start":{"line":120,"column":8},"end":{"line":120,"column":52}},"type":"if","locations":[{"start":{"line":120,"column":8},"end":{"line":120,"column":52}},{"start":{},"end":{}}],"line":120},"15":{"loc":{"start":{"line":124,"column":19},"end":{"line":124,"column":50}},"type":"binary-expr","locations":[{"start":{"line":124,"column":19},"end":{"line":124,"column":27}},{"start":{"line":124,"column":31},"end":{"line":124,"column":50}}],"line":124},"16":{"loc":{"start":{"line":131,"column":45},"end":{"line":131,"column":57}},"type":"default-arg","locations":[{"start":{"line":131,"column":55},"end":{"line":131,"column":57}}],"line":131},"17":{"loc":{"start":{"line":133,"column":23},"end":{"line":133,"column":111}},"type":"cond-expr","locations":[{"start":{"line":133,"column":61},"end":{"line":133,"column":93}},{"start":{"line":133,"column":96},"end":{"line":133,"column":111}}],"line":133},"18":{"loc":{"start":{"line":135,"column":8},"end":{"line":135,"column":68}},"type":"if","locations":[{"start":{"line":135,"column":8},"end":{"line":135,"column":68}},{"start":{},"end":{}}],"line":135},"19":{"loc":{"start":{"line":136,"column":8},"end":{"line":138,"column":9}},"type":"if","locations":[{"start":{"line":136,"column":8},"end":{"line":138,"column":9}},{"start":{},"end":{}}],"line":136},"20":{"loc":{"start":{"line":136,"column":12},"end":{"line":136,"column":74}},"type":"binary-expr","locations":[{"start":{"line":136,"column":12},"end":{"line":136,"column":47}},{"start":{"line":136,"column":51},"end":{"line":136,"column":74}}],"line":136},"21":{"loc":{"start":{"line":141,"column":12},"end":{"line":145,"column":13}},"type":"switch","locations":[{"start":{"line":142,"column":16},"end":{"line":142,"column":85}},{"start":{"line":143,"column":16},"end":{"line":143,"column":51}},{"start":{"line":144,"column":16},"end":{"line":144,"column":86}}],"line":141},"22":{"loc":{"start":{"line":154,"column":23},"end":{"line":154,"column":68}},"type":"binary-expr","locations":[{"start":{"line":154,"column":23},"end":{"line":154,"column":37}},{"start":{"line":154,"column":41},"end":{"line":154,"column":68}}],"line":154},"23":{"loc":{"start":{"line":156,"column":8},"end":{"line":158,"column":9}},"type":"if","locations":[{"start":{"line":156,"column":8},"end":{"line":158,"column":9}},{"start":{},"end":{}}],"line":156},"24":{"loc":{"start":{"line":162,"column":8},"end":{"line":170,"column":9}},"type":"if","locations":[{"start":{"line":162,"column":8},"end":{"line":170,"column":9}},{"start":{"line":164,"column":15},"end":{"line":170,"column":9}}],"line":162},"25":{"loc":{"start":{"line":164,"column":15},"end":{"line":170,"column":9}},"type":"if","locations":[{"start":{"line":164,"column":15},"end":{"line":170,"column":9}},{"start":{"line":167,"column":15},"end":{"line":170,"column":9}}],"line":164},"26":{"loc":{"start":{"line":164,"column":19},"end":{"line":164,"column":72}},"type":"binary-expr","locations":[{"start":{"line":164,"column":19},"end":{"line":164,"column":42}},{"start":{"line":164,"column":46},"end":{"line":164,"column":72}}],"line":164},"27":{"loc":{"start":{"line":177,"column":24},"end":{"line":177,"column":61}},"type":"binary-expr","locations":[{"start":{"line":177,"column":24},"end":{"line":177,"column":41}},{"start":{"line":177,"column":45},"end":{"line":177,"column":61}}],"line":177},"28":{"loc":{"start":{"line":178,"column":25},"end":{"line":178,"column":66}},"type":"binary-expr","locations":[{"start":{"line":178,"column":25},"end":{"line":178,"column":44}},{"start":{"line":178,"column":48},"end":{"line":178,"column":66}}],"line":178},"29":{"loc":{"start":{"line":202,"column":8},"end":{"line":202,"column":32}},"type":"if","locations":[{"start":{"line":202,"column":8},"end":{"line":202,"column":32}},{"start":{},"end":{}}],"line":202},"30":{"loc":{"start":{"line":209,"column":25},"end":{"line":209,"column":49}},"type":"binary-expr","locations":[{"start":{"line":209,"column":25},"end":{"line":209,"column":42}},{"start":{"line":209,"column":46},"end":{"line":209,"column":49}}],"line":209},"31":{"loc":{"start":{"line":210,"column":23},"end":{"line":210,"column":46}},"type":"binary-expr","locations":[{"start":{"line":210,"column":23},"end":{"line":210,"column":38}},{"start":{"line":210,"column":42},"end":{"line":210,"column":46}}],"line":210}},"s":{"0":4,"1":4,"2":4,"3":7,"4":7,"5":7,"6":7,"7":7,"8":3,"9":4,"10":7,"11":7,"12":7,"13":35,"14":35,"15":7,"16":0,"17":3,"18":3,"19":0,"20":3,"21":0,"22":3,"23":0,"24":3,"25":1,"26":1,"27":1,"28":1,"29":0,"30":3,"31":3,"32":3,"33":3,"34":3,"35":1,"36":0,"37":1,"38":1,"39":0,"40":1,"41":1,"42":51,"43":51,"44":0,"45":51,"46":0,"47":51,"48":51,"49":51,"50":0,"51":0,"52":1,"53":1,"54":51,"55":51,"56":51,"57":0,"58":51,"59":0,"60":51,"61":51,"62":0,"63":51,"64":51,"65":50,"66":54,"67":271,"68":0,"69":0,"70":0,"71":0,"72":0,"73":0,"74":0,"75":4},"f":{"0":4,"1":7,"2":4,"3":35,"4":3,"5":1,"6":51,"7":51,"8":54,"9":271,"10":0,"11":0},"b":{"0":[3,4],"1":[7,7],"2":[4,4],"3":[4,4],"4":[7,0],"5":[35,0],"6":[0,3],"7":[3,3,3],"8":[0,3],"9":[3,1],"10":[0,3],"11":[1,2],"12":[3,3],"13":[1,0],"14":[0,1],"15":[0,0],"16":[51],"17":[50,1],"18":[0,51],"19":[0,51],"20":[51,50],"21":[51,0,0],"22":[51,1],"23":[0,51],"24":[0,51],"25":[51,0],"26":[51,0],"27":[51,51],"28":[51,51],"29":[0,0],"30":[0,0],"31":[0,0]},"_coverageSchema":"1a1c01bbd47fc00a2c39e90264f33305004495a9","hash":"eb701ddd3b3eee955dbe73dafc9f13152ac5f3d3"}
,"/Users/chenyousheng/work/workspace/node/StockAnalysis/src/analyzer/aiAnalyzer.js": {"path":"/Users/chenyousheng/work/workspace/node/StockAnalysis/src/analyzer/aiAnalyzer.js","statementMap":{"0":{"start":{"line":1,"column":21},"end":{"line":1,"column":50}},"1":{"start":{"line":2,"column":21},"end":{"line":2,"column":59}},"2":{"start":{"line":3,"column":21},"end":{"line":3,"column":54}},"3":{"start":{"line":4,"column":15},"end":{"line":4,"column":41}},"4":{"start":{"line":8,"column":8},"end":{"line":53,"column":10}},"5":{"start":{"line":57,"column":8},"end":{"line":110,"column":9}},"6":{"start":{"line":58,"column":12},"end":{"line":58,"column":75}},"7":{"start":{"line":59,"column":30},"end":{"line":59,"column":61}},"8":{"start":{"line":61,"column":26},"end":{"line":61,"column":134}},"9":{"start":{"line":62,"column":37},"end":{"line":72,"column":14}},"10":{"start":{"line":63,"column":16},"end":{"line":71,"column":17}},"11":{"start":{"line":64,"column":33},"end":{"line":64,"column":88}},"12":{"start":{"line":65,"column":36},"end":{"line":65,"column":103}},"13":{"start":{"line":66,"column":20},"end":{"line":66,"column":61}},"14":{"start":{"line":68,"column":20},"end":{"line":68,"column":100}},"15":{"start":{"line":69,"column":20},"end":{"line":69,"column":99}},"16":{"start":{"line":70,"column":20},"end":{"line":70,"column":69}},"17":{"start":{"line":74,"column":28},"end":{"line":74,"column":63}},"18":{"start":{"line":76,"column":29},"end":{"line":76,"column":61}},"19":{"start":{"line":77,"column":29},"end":{"line":87,"column":13}},"20":{"start":{"line":89,"column":12},"end":{"line":95,"column":15}},"21":{"start":{"line":91,"column":37},"end":{"line":93,"column":27}},"22":{"start":{"line":94,"column":16},"end":{"line":94,"column":78}},"23":{"start":{"line":97,"column":32},"end":{"line":103,"column":13}},"24":{"start":{"line":105,"column":12},"end":{"line":105,"column":49}},"25":{"start":{"line":106,"column":12},"end":{"line":106,"column":31}},"26":{"start":{"line":108,"column":12},"end":{"line":108,"column":64}},"27":{"start":{"line":109,"column":12},"end":{"line":109,"column":24}},"28":{"start":{"line":114,"column":24},"end":{"line":114,"column":70}},"29":{"start":{"line":115,"column":8},"end":{"line":119,"column":9}},"30":{"start":{"line":116,"column":12},"end":{"line":116,"column":68}},"31":{"start":{"line":118,"column":12},"end":{"line":118,"column":91}},"32":{"start":{"line":121,"column":25},"end":{"line":121,"column":29}},"33":{"start":{"line":122,"column":8},"end":{"line":126,"column":9}},"34":{"start":{"line":123,"column":12},"end":{"line":123,"column":75}},"35":{"start":{"line":125,"column":12},"end":{"line":125,"column":96}},"36":{"start":{"line":128,"column":8},"end":{"line":128,"column":56}},"37":{"start":{"line":132,"column":8},"end":{"line":147,"column":10}},"38":{"start":{"line":151,"column":25},"end":{"line":151,"column":53}},"39":{"start":{"line":152,"column":23},"end":{"line":152,"column":56}},"40":{"start":{"line":153,"column":24},"end":{"line":153,"column":38}},"41":{"start":{"line":154,"column":26},"end":{"line":154,"column":50}},"42":{"start":{"line":155,"column":23},"end":{"line":155,"column":76}},"43":{"start":{"line":155,"column":43},"end":{"line":155,"column":75}},"44":{"start":{"line":156,"column":8},"end":{"line":156,"column":74}},"45":{"start":{"line":156,"column":21},"end":{"line":156,"column":74}},"46":{"start":{"line":156,"column":55},"end":{"line":156,"column":63}},"47":{"start":{"line":157,"column":8},"end":{"line":157,"column":49}},"48":{"start":{"line":157,"column":24},"end":{"line":157,"column":49}},"49":{"start":{"line":160,"column":28},"end":{"line":160,"column":142}},"50":{"start":{"line":161,"column":8},"end":{"line":161,"column":68}},"51":{"start":{"line":165,"column":21},"end":{"line":165,"column":29}},"52":{"start":{"line":166,"column":8},"end":{"line":168,"column":11}},"53":{"start":{"line":167,"column":12},"end":{"line":167,"column":85}},"54":{"start":{"line":169,"column":8},"end":{"line":169,"column":22}},"55":{"start":{"line":173,"column":8},"end":{"line":173,"column":65}},"56":{"start":{"line":173,"column":37},"end":{"line":173,"column":65}},"57":{"start":{"line":174,"column":8},"end":{"line":174,"column":47}},"58":{"start":{"line":178,"column":0},"end":{"line":178,"column":39}}},"fnMap":{"0":{"name":"(anonymous_0)","decl":{"start":{"line":7,"column":4},"end":{"line":7,"column":5}},"loc":{"start":{"line":7,"column":18},"end":{"line":54,"column":5}},"line":7},"1":{"name":"(anonymous_1)","decl":{"start":{"line":56,"column":4},"end":{"line":56,"column":5}},"loc":{"start":{"line":56,"column":43},"end":{"line":111,"column":5}},"line":56},"2":{"name":"(anonymous_2)","decl":{"start":{"line":62,"column":47},"end":{"line":62,"column":48}},"loc":{"start":{"line":62,"column":63},"end":{"line":72,"column":13}},"line":62},"3":{"name":"(anonymous_3)","decl":{"start":{"line":89,"column":28},"end":{"line":89,"column":29}},"loc":{"start":{"line":89,"column":35},"end":{"line":95,"column":13}},"line":89},"4":{"name":"(anonymous_4)","decl":{"start":{"line":113,"column":4},"end":{"line":113,"column":5}},"loc":{"start":{"line":113,"column":31},"end":{"line":129,"column":5}},"line":113},"5":{"name":"(anonymous_5)","decl":{"start":{"line":131,"column":4},"end":{"line":131,"column":5}},"loc":{"start":{"line":131,"column":55},"end":{"line":148,"column":5}},"line":131},"6":{"name":"(anonymous_6)","decl":{"start":{"line":150,"column":4},"end":{"line":150,"column":5}},"loc":{"start":{"line":150,"column":64},"end":{"line":162,"column":5}},"line":150},"7":{"name":"(anonymous_7)","decl":{"start":{"line":155,"column":38},"end":{"line":155,"column":39}},"loc":{"start":{"line":155,"column":43},"end":{"line":155,"column":75}},"line":155},"8":{"name":"(anonymous_8)","decl":{"start":{"line":156,"column":50},"end":{"line":156,"column":51}},"loc":{"start":{"line":156,"column":55},"end":{"line":156,"column":63}},"line":156},"9":{"name":"(anonymous_9)","decl":{"start":{"line":164,"column":4},"end":{"line":164,"column":5}},"loc":{"start":{"line":164,"column":33},"end":{"line":170,"column":5}},"line":164},"10":{"name":"(anonymous_10)","decl":{"start":{"line":166,"column":34},"end":{"line":166,"column":35}},"loc":{"start":{"line":166,"column":41},"end":{"line":168,"column":9}},"line":166},"11":{"name":"(anonymous_11)","decl":{"start":{"line":172,"column":4},"end":{"line":172,"column":5}},"loc":{"start":{"line":172,"column":31},"end":{"line":175,"column":5}},"line":172}},"branchMap":{"0":{"loc":{"start":{"line":56,"column":29},"end":{"line":56,"column":41}},"type":"default-arg","locations":[{"start":{"line":56,"column":39},"end":{"line":56,"column":41}}],"line":56},"1":{"loc":{"start":{"line":134,"column":26},"end":{"line":134,"column":57}},"type":"binary-expr","locations":[{"start":{"line":134,"column":26},"end":{"line":134,"column":48}},{"start":{"line":134,"column":52},"end":{"line":134,"column":57}}],"line":134},"2":{"loc":{"start":{"line":135,"column":27},"end":{"line":135,"column":52}},"type":"binary-expr","locations":[{"start":{"line":135,"column":27},"end":{"line":135,"column":44}},{"start":{"line":135,"column":48},"end":{"line":135,"column":52}}],"line":135},"3":{"loc":{"start":{"line":136,"column":27},"end":{"line":136,"column":60}},"type":"binary-expr","locations":[{"start":{"line":136,"column":27},"end":{"line":136,"column":50}},{"start":{"line":136,"column":54},"end":{"line":136,"column":60}}],"line":136},"4":{"loc":{"start":{"line":137,"column":19},"end":{"line":137,"column":55}},"type":"binary-expr","locations":[{"start":{"line":137,"column":19},"end":{"line":137,"column":46}},{"start":{"line":137,"column":50},"end":{"line":137,"column":55}}],"line":137},"5":{"loc":{"start":{"line":138,"column":19},"end":{"line":138,"column":55}},"type":"binary-expr","locations":[{"start":{"line":138,"column":19},"end":{"line":138,"column":46}},{"start":{"line":138,"column":50},"end":{"line":138,"column":55}}],"line":138},"6":{"loc":{"start":{"line":139,"column":17},"end":{"line":139,"column":51}},"type":"binary-expr","locations":[{"start":{"line":139,"column":17},"end":{"line":139,"column":42}},{"start":{"line":139,"column":46},"end":{"line":139,"column":51}}],"line":139},"7":{"loc":{"start":{"line":140,"column":18},"end":{"line":140,"column":59}},"type":"binary-expr","locations":[{"start":{"line":140,"column":18},"end":{"line":140,"column":50}},{"start":{"line":140,"column":54},"end":{"line":140,"column":59}}],"line":140},"8":{"loc":{"start":{"line":141,"column":28},"end":{"line":141,"column":75}},"type":"binary-expr","locations":[{"start":{"line":141,"column":28},"end":{"line":141,"column":66}},{"start":{"line":141,"column":70},"end":{"line":141,"column":75}}],"line":141},"9":{"loc":{"start":{"line":142,"column":28},"end":{"line":142,"column":75}},"type":"binary-expr","locations":[{"start":{"line":142,"column":28},"end":{"line":142,"column":66}},{"start":{"line":142,"column":70},"end":{"line":142,"column":75}}],"line":142},"10":{"loc":{"start":{"line":155,"column":43},"end":{"line":155,"column":75}},"type":"binary-expr","locations":[{"start":{"line":155,"column":43},"end":{"line":155,"column":63}},{"start":{"line":155,"column":67},"end":{"line":155,"column":75}}],"line":155},"11":{"loc":{"start":{"line":156,"column":8},"end":{"line":156,"column":74}},"type":"if","locations":[{"start":{"line":156,"column":8},"end":{"line":156,"column":74}},{"start":{},"end":{}}],"line":156},"12":{"loc":{"start":{"line":157,"column":8},"end":{"line":157,"column":49}},"type":"if","locations":[{"start":{"line":157,"column":8},"end":{"line":157,"column":49}},{"start":{},"end":{}}],"line":157},"13":{"loc":{"start":{"line":167,"column":65},"end":{"line":167,"column":83}},"type":"binary-expr","locations":[{"start":{"line":167,"column":65},"end":{"line":167,"column":74}},{"start":{"line":167,"column":78},"end":{"line":167,"column":83}}],"line":167},"14":{"loc":{"start":{"line":173,"column":8},"end":{"line":173,"column":65}},"type":"if","locations":[{"start":{"line":173,"column":8},"end":{"line":173,"column":65}},{"start":{},"end":{}}],"line":173}},"s":{"0":4,"1":4,"2":4,"3":4,"4":4,"5":0,"6":0,"7":0,"8":0,"9":0,"10":0,"11":0,"12":0,"13":0,"14":0,"15":0,"16":0,"17":0,"18":0,"19":0,"20":0,"21":0,"22":0,"23":0,"24":0,"25":0,"26":0,"27":0,"28":0,"29":0,"30":0,"31":0,"32":0,"33":0,"34":0,"35":0,"36":0,"37":0,"38":0,"39":0,"40":0,"41":0,"42":0,"43":0,"44":0,"45":0,"46":0,"47":0,"48":0,"49":0,"50":0,"51":0,"52":0,"53":0,"54":0,"55":0,"56":0,"57":0,"58":4},"f":{"0":4,"1":0,"2":0,"3":0,"4":0,"5":0,"6":0,"7":0,"8":0,"9":0,"10":0,"11":0},"b":{"0":[0],"1":[0,0],"2":[0,0],"3":[0,0],"4":[0,0],"5":[0,0],"6":[0,0],"7":[0,0],"8":[0,0],"9":[0,0],"10":[0,0],"11":[0,0],"12":[0,0],"13":[0,0],"14":[0,0]},"_coverageSchema":"1a1c01bbd47fc00a2c39e90264f33305004495a9","hash":"012010d686c4b9de5eb41c3873021d608fcae971"}
[...]
,"end":{"line":129,"column":136}},"type":"binary-expr","locations":[{"start":{"line":129,"column":30},"end":{"line":129,"column":60}},{"start":{"line":129,"column":64},"end":{"line":129,"column":136}}],"line":129},"16":{"loc":{"start":{"line":145,"column":16},"end":{"line":147,"column":17}},"type":"if","locations":[{"start":{"line":145,"column":16},"end":{"line":147,"column":17}},{"start":{},"end":{}}],"line":145},"17":{"loc":{"start":{"line":145,"column":20},"end":{"line":145,"column":57}},"type":"binary-expr","locations":[{"start":{"line":145,"column":20},"end":{"line":145,"column":44}},{"start":{"line":145,"column":48},"end":{"line":145,"column":57}}],"line":145},"18":{"loc":{"start":{"line":152,"column":16},"end":{"line":160,"column":17}},"type":"if","locations":[{"start":{"line":152,"column":16},"end":{"line":160,"column":17}},{"start":{"line":156,"column":23},"end":{"line":160,"column":17}}],"line":152},"19":{"loc":{"start":{"line":154,"column":20},"end":{"line":154,"column":94}},"type":"if","locations":[{"start":{"line":154,"column":20},"end":{"line":154,"column":94}},{"start":{},"end":{}}],"line":154},"20":{"loc":{"start":{"line":158,"column":20},"end":{"line":158,"column":124}},"type":"if","locations":[{"start":{"line":158,"column":20},"end":{"line":158,"column":124}},{"start":{},"end":{}}],"line":158},"21":{"loc":{"start":{"line":166,"column":23},"end":{"line":166,"column":44}},"type":"binary-expr","locations":[{"start":{"line":166,"column":23},"end":{"line":166,"column":38}},{"start":{"line":166,"column":42},"end":{"line":166,"column":44}}],"line":166},"22":{"loc":{"start":{"line":167,"column":31},"end":{"line":167,"column":57}},"type":"binary-expr","locations":[{"start":{"line":167,"column":31},"end":{"line":167,"column":50}},{"start":{"line":167,"column":54},"end":{"line":167,"column":57}}],"line":167},"23":{"loc":{"start":{"line":168,"column":32},"end":{"line":168,"column":58}},"type":"binary-expr","locations":[{"start":{"line":168,"column":32},"end":{"line":168,"column":51}},{"start":{"line":168,"column":55},"end":{"line":168,"column":58}}],"line":168},"24":{"loc":{"start":{"line":169,"column":29},"end":{"line":169,"column":57}},"type":"binary-expr","locations":[{"start":{"line":169,"column":29},"end":{"line":169,"column":49}},{"start":{"line":169,"column":53},"end":{"line":169,"column":57}}],"line":169},"25":{"loc":{"start":{"line":170,"column":22},"end":{"line":170,"column":49}},"type":"binary-expr","locations":[{"start":{"line":170,"column":22},"end":{"line":170,"column":34}},{"start":{"line":170,"column":38},"end":{"line":170,"column":49}}],"line":170},"26":{"loc":{"start":{"line":174,"column":8},"end":{"line":177,"column":9}},"type":"if","locations":[{"start":{"line":174,"column":8},"end":{"line":177,"column":9}},{"start":{},"end":{}}],"line":174},"27":{"loc":{"start":{"line":174,"column":12},"end":{"line":174,"column":53}},"type":"binary-expr","locations":[{"start":{"line":174,"column":12},"end":{"line":174,"column":33}},{"start":{"line":174,"column":37},"end":{"line":174,"column":53}}],"line":174},"28":{"loc":{"start":{"line":178,"column":8},"end":{"line":181,"column":9}},"type":"if","locations":[{"start":{"line":178,"column":8},"end":{"line":181,"column":9}},{"start":{},"end":{}}],"line":178},"29":{"loc":{"start":{"line":178,"column":12},"end":{"line":178,"column":51}},"type":"binary-expr","locations":[{"start":{"line":178,"column":12},"end":{"line":178,"column":31}},{"start":{"line":178,"column":35},"end":{"line":178,"column":51}}],"line":178},"30":{"loc":{"start":{"line":183,"column":8},"end":{"line":186,"column":9}},"type":"if","locations":[{"start":{"line":183,"column":8},"end":{"line":186,"column":9}},{"start":{},"end":{}}],"line":183},"31":{"loc":{"start":{"line":194,"column":16},"end":{"line":194,"column":36}},"type":"if","locations":[{"start":{"line":194,"column":16},"end":{"line":194,"column":36}},{"start":{},"end":{}}],"line":194},"32":{"loc":{"start":{"line":205,"column":16},"end":{"line":249,"column":17}},"type":"if","locations":[{"start":{"line":205,"column":16},"end":{"line":249,"column":17}},{"start":{},"end":{}}],"line":205},"33":{"loc":{"start":{"line":211,"column":32},"end":{"line":211,"column":143}},"type":"cond-expr","locations":[{"start":{"line":211,"column":77},"end":{"line":211,"column":134}},{"start":{"line":211,"column":138},"end":{"line":211,"column":143}}],"line":211},"34":{"loc":{"start":{"line":211,"column":33},"end":{"line":211,"column":72}},"type":"binary-expr","locations":[{"start":{"line":211,"column":33},"end":{"line":211,"column":52}},{"start":{"line":211,"column":56},"end":{"line":211,"column":72}}],"line":211},"35":{"loc":{"start":{"line":215,"column":20},"end":{"line":218,"column":21}},"type":"if","locations":[{"start":{"line":215,"column":20},"end":{"line":218,"column":21}},{"start":{},"end":{}}],"line":215},"36":{"loc":{"start":{"line":216,"column":42},"end":{"line":216,"column":102}},"type":"cond-expr","locations":[{"start":{"line":216,"column":81},"end":{"line":216,"column":90}},{"start":{"line":216,"column":93},"end":{"line":216,"column":102}}],"line":216},"37":{"loc":{"start":{"line":219,"column":20},"end":{"line":222,"column":21}},"type":"if","locations":[{"start":{"line":219,"column":20},"end":{"line":222,"column":21}},{"start":{},"end":{}}],"line":219},"38":{"loc":{"start":{"line":225,"column":20},"end":{"line":232,"column":21}},"type":"if","locations":[{"start":{"line":225,"column":20},"end":{"line":232,"column":21}},{"start":{},"end":{}}],"line":225},"39":{"loc":{"start":{"line":227,"column":24},"end":{"line":231,"column":25}},"type":"if","locations":[{"start":{"line":227,"column":24},"end":{"line":231,"column":25}},{"start":{},"end":{}}],"line":227},"40":{"loc":{"start":{"line":227,"column":28},"end":{"line":227,"column":50}},"type":"binary-expr","locations":[{"start":{"line":227,"column":28},"end":{"line":227,"column":34}},{"start":{"line":227,"column":38},"end":{"line":227,"column":50}}],"line":227},"41":{"loc":{"start":{"line":229,"column":46},"end":{"line":229,"column":121}},"type":"cond-expr","locations":[{"start":{"line":229,"column":80},"end":{"line":229,"column":99}},{"start":{"line":229,"column":102},"end":{"line":229,"column":121}}],"line":229},"42":{"loc":{"start":{"line":236,"column":20},"end":{"line":243,"column":21}},"type":"if","locations":[{"start":{"line":236,"column":20},"end":{"line":243,"column":21}},{"start":{"line":240,"column":27},"end":{"line":243,"column":21}}],"line":236},"43":{"loc":{"start":{"line":238,"column":38},"end":{"line":238,"column":67}},"type":"binary-expr","locations":[{"start":{"line":238,"column":38},"end":{"line":238,"column":50}},{"start":{"line":238,"column":54},"end":{"line":238,"column":67}}],"line":238},"44":{"loc":{"start":{"line":239,"column":24},"end":{"line":239,"column":84}},"type":"if","locations":[{"start":{"line":239,"column":24},"end":{"line":239,"column":84}},{"start":{},"end":{}}],"line":239},"45":{"loc":{"start":{"line":239,"column":59},"end":{"line":239,"column":83}},"type":"binary-expr","locations":[{"start":{"line":239,"column":59},"end":{"line":239,"column":70}},{"start":{"line":239,"column":74},"end":{"line":239,"column":83}}],"line":239},"46":{"loc":{"start":{"line":242,"column":38},"end":{"line":242,"column":101}},"type":"binary-expr","locations":[{"start":{"line":242,"column":38},"end":{"line":242,"column":50}},{"start":{"line":242,"column":54},"end":{"line":242,"column":67}},{"start":{"line":242,"column":72},"end":{"line":242,"column":87}},{"start":{"line":242,"column":91},"end":{"line":242,"column":100}}],"line":242},"47":{"loc":{"start":{"line":245,"column":20},"end":{"line":248,"column":21}},"type":"if","locations":[{"start":{"line":245,"column":20},"end":{"line":248,"column":21}},{"start":{},"end":{}}],"line":245},"48":{"loc":{"start":{"line":259,"column":8},"end":{"line":278,"column":9}},"type":"if","locations":[{"start":{"line":259,"column":8},"end":{"line":278,"column":9}},{"start":{},"end":{}}],"line":259},"49":{"loc":{"start":{"line":270,"column":12},"end":{"line":277,"column":13}},"type":"if","locations":[{"start":{"line":270,"column":12},"end":{"line":277,"column":13}},{"start":{},"end":{}}],"line":270}},"s":{"0":4,"1":4,"2":4,"3":4,"4":4,"5":4,"6":4,"7":4,"8":4,"9":4,"10":0,"11":0,"12":0,"13":0,"14":0,"15":0,"16":0,"17":0,"18":0,"19":0,"20":0,"21":0,"22":0,"23":0,"24":0,"25":0,"26":0,"27":0,"28":0,"29":0,"30":0,"31":0,"32":0,"33":0,"34":0,"35":0,"36":0,"37":0,"38":0,"39":0,"40":0,"41":0,"42":0,"43":0,"44":0,"45":0,"46":0,"47":0,"48":0,"49":0,"50":0,"51":0,"52":0,"53":0,"54":0,"55":0,"56":0,"57":0,"58":0,"59":0,"60":0,"61":0,"62":0,"63":0,"64":0,"65":0,"66":0,"67":0,"68":0,"69":0,"70":0,"71":0,"72":0,"73":0,"74":0,"75":0,"76":0,"77":0,"78":0,"79":0,"80":0,"81":0,"82":0,"83":0,"84":0,"85":0,"86":0,"87":0,"88":0,"89":0,"90":0,"91":0,"92":0,"93":0,"94":0,"95":0,"96":0,"97":0,"98":0,"99":0,"100":0,"101":0,"102":0,"103":0,"104":0,"105":0,"106":0,"107":0,"108":0,"109":0,"110":0,"111":0,"112":0,"113":0,"114":0,"115":0,"116":0,"117":0,"118":0,"119":0,"120":0,"121":0,"122":0,"123":0,"124":0,"125":0,"126":0,"127":0,"128":0,"129":0,"130":0,"131":0,"132":0,"133":0,"134":0,"135":0,"136":0,"137":0,"138":0,"139":0,"140":0,"141":0,"142":0,"143":0,"144":0,"145":0,"146":0,"147":0,"148":0,"149":0,"150":0,"151":0,"152":0,"153":4},"f":{"0":4,"1":0,"2":0,"3":0,"4":0,"5":0,"6":0,"7":0,"8":0,"9":0,"10":0,"11":0,"12":0,"13":0,"14":0},"b":{"0":[0,0],"1":[0,0],"2":[0,0],"3":[0,0],"4":[0,0],"5":[0,0],"6":[0,0],"7":[0,0],"8":[0,0],"9":[0,0],"10":[0,0],"11":[0,0],"12":[0,0],"13":[0,0],"14":[0,0],"15":[0,0],"16":[0,0],"17":[0,0],"18":[0,0],"19":[0,0],"20":[0,0],"21":[0,0],"22":[0,0],"23":[0,0],"24":[0,0],"25":[0,0],"26":[0,0],"27":[0,0],"28":[0,0],"29":[0,0],"30":[0,0],"31":[0,0],"32":[0,0],"33":[0,0],"34":[0,0],"35":[0,0],"36":[0,0],"37":[0,0],"38":[0,0],"39":[0,0],"40":[0,0],"41":[0,0],"42":[0,0],"43":[0,0],"44":[0,0],"45":[0,0],"46":[0,0,0,0],"47":[0,0],"48":[0,0],"49":[0,0]},"_coverageSchema":"1a1c01bbd47fc00a2c39e90264f33305004495a9","hash":"13dbd3dff6eb3ecfc1433bd8f313925b95fcf257"}
,"/Users/chenyousheng/work/workspace/node/StockAnalysis/src/services/pythonClient.js": {"path":"/Users/chenyousheng/work/workspace/node/StockAnalysis/src/services/pythonClient.js","statementMap":{"0":{"start":{"line":7,"column":14},"end":{"line":7,"column":30}},"1":{"start":{"line":8,"column":15},"end":{"line":8,"column":41}},"2":{"start":{"line":10,"column":27},"end":{"line":10,"column":84}},"3":{"start":{"line":11,"column":22},"end":{"line":11,"column":28}},"4":{"start":{"line":13,"column":23},"end":{"line":13,"column":27}},"5":{"start":{"line":14,"column":17},"end":{"line":14,"column":18}},"6":{"start":{"line":15,"column":23},"end":{"line":15,"column":28}},"7":{"start":{"line":21,"column":16},"end":{"line":21,"column":26}},"8":{"start":{"line":22,"column":4},"end":{"line":24,"column":5}},"9":{"start":{"line":23,"column":8},"end":{"line":23,"column":32}},"10":{"start":{"line":25,"column":4},"end":{"line":30,"column":5}},"11":{"start":{"line":26,"column":20},"end":{"line":26,"column":86}},"12":{"start":{"line":27,"column":8},"end":{"line":27,"column":53}},"13":{"start":{"line":29,"column":8},"end":{"line":29,"column":33}},"14":{"start":{"line":31,"column":4},"end":{"line":31,"column":21}},"15":{"start":{"line":32,"column":4},"end":{"line":32,"column":76}},"16":{"start":{"line":33,"column":4},"end":{"line":33,"column":28}},"17":{"start":{"line":46,"column":16},"end":{"line":46,"column":54}},"18":{"start":{"line":47,"column":4},"end":{"line":47,"column":120}},"19":{"start":{"line":49,"column":16},"end":{"line":61,"column":6}},"20":{"start":{"line":63,"column":4},"end":{"line":65,"column":5}},"21":{"start":{"line":64,"column":8},"end":{"line":64,"column":29}},"22":{"start":{"line":66,"column":4},"end":{"line":66,"column":85}},"23":{"start":{"line":79,"column":16},"end":{"line":79,"column":61}},"24":{"start":{"line":80,"column":4},"end":{"line":80,"column":129}},"25":{"start":{"line":82,"column":21},"end":{"line":97,"column":6}},"26":{"start":{"line":99,"column":4},"end":{"line":102,"column":5}},"27":{"start":{"line":100,"column":21},"end":{"line":100,"column":42}},"28":{"start":{"line":101,"column":8},"end":{"line":101,"column":84}},"29":{"start":{"line":104,"column":4},"end":{"line":104,"column":25}},"30":{"start":{"line":111,"column":16},"end":{"line":111,"column":105}},"31":{"start":{"line":112,"column":4},"end":{"line":112,"column":48}},"32":{"start":{"line":112,"column":27},"end":{"line":112,"column":48}},"33":{"start":{"line":113,"column":4},"end":{"line":113,"column":49}},"34":{"start":{"line":120,"column":16},"end":{"line":123,"column":6}},"35":{"start":{"line":124,"column":4},"end":{"line":124,"column":48}},"36":{"start":{"line":124,"column":27},"end":{"line":124,"column":48}},"37":{"start":{"line":125,"column":4},"end":{"line":125,"column":61}},"38":{"start":{"line":132,"column":16},"end":{"line":132,"column":108}},"39":{"start":{"line":133,"column":4},"end":{"line":133,"column":48}},"40":{"start":{"line":133,"column":27},"end":{"line":133,"column":48}},"41":{"start":{"line":134,"column":4},"end":{"line":134,"column":27}},"42":{"start":{"line":137,"column":0},"end":{"line":145,"column":2}}},"fnMap":{"0":{"name":"isPythonServiceAvailable","decl":{"start":{"line":20,"column":15},"end":{"line":20,"column":39}},"loc":{"start":{"line":20,"column":42},"end":{"line":34,"column":1}},"line":20},"1":{"name":"runAgentChat","decl":{"start":{"line":45,"column":15},"end":{"line":45,"column":27}},"loc":{"start":{"line":45,"column":77},"end":{"line":67,"column":1}},"line":45},"2":{"name":"runAgentChatStream","decl":{"start":{"line":78,"column":15},"end":{"line":78,"column":33}},"loc":{"start":{"line":78,"column":83},"end":{"line":105,"column":1}},"line":78},"3":{"name":"getStockPrice","decl":{"start":{"line":110,"column":15},"end":{"line":110,"column":28}},"loc":{"start":{"line":110,"column":37},"end":{"line":114,"column":1}},"line":110},"4":{"name":"getMarketNews","decl":{"start":{"line":119,"column":15},"end":{"line":119,"column":28}},"loc":{"start":{"line":119,"column":57},"end":{"line":126,"column":1}},"line":119},"5":{"name":"getMACross","decl":{"start":{"line":131,"column":15},"end":{"line":131,"column":25}},"loc":{"start":{"line":131,"column":34},"end":{"line":135,"column":1}},"line":131}},"branchMap":{"0":{"loc":{"start":{"line":10,"column":27},"end":{"line":10,"column":84}},"type":"binary-expr","locations":[{"start":{"line":10,"column":27},"end":{"line":10,"column":57}},{"start":{"line":10,"column":61},"end":{"line":10,"column":84}}],"line":10},"1":{"loc":{"start":{"line":22,"column":4},"end":{"line":24,"column":5}},"type":"if","locations":[{"start":{"line":22,"column":4},"end":{"line":24,"column":5}},{"start":{},"end":{}}],"line":22},"2":{"loc":{"start":{"line":22,"column":8},"end":{"line":22,"column":70}},"type":"binary-expr","locations":[{"start":{"line":22,"column":8},"end":{"line":22,"column":33}},{"start":{"line":22,"column":37},"end":{"line":22,"column":70}}],"line":22},"3":{"loc":{"start":{"line":45,"column":51},"end":{"line":45,"column":75}},"type":"default-arg","locations":[{"start":{"line":45,"column":73},"end":{"line":45,"column":75}}],"line":45},"4":{"loc":{"start":{"line":55,"column":25},"end":{"line":55,"column":55}},"type":"binary-expr","locations":[{"start":{"line":55,"column":25},"end":{"line":55,"column":48}},{"start":{"line":55,"column":52},"end":{"line":55,"column":55}}],"line":55},"5":{"loc":{"start":{"line":56,"column":23},"end":{"line":56,"column":52}},"type":"binary-expr","locations":[{"start":{"line":56,"column":23},"end":{"line":56,"column":44}},{"start":{"line":56,"column":48},"end":{"line":56,"column":52}}],"line":56},"6":{"loc":{"start":{"line":63,"column":4},"end":{"line":65,"column":5}},"type":"if","locations":[{"start":{"line":63,"column":4},"end":{"line":65,"column":5}},{"start":{},"end":{}}],"line":63},"7":{"loc":{"start":{"line":66,"column":20},"end":{"line":66,"column":83}},"type":"binary-expr","locations":[{"start":{"line":66,"column":20},"end":{"line":66,"column":36}},{"start":{"line":66,"column":40},"end":{"line":66,"column":83}}],"line":66},"8":{"loc":{"start":{"line":78,"column":57},"end":{"line":78,"column":81}},"type":"default-arg","locations":[{"start":{"line":78,"column":79},"end":{"line":78,"column":81}}],"line":78},"9":{"loc":{"start":{"line":91,"column":29},"end":{"line":91,"column":59}},"type":"binary-expr","locations":[{"start":{"line":91,"column":29},"end":{"line":91,"column":52}},{"start":{"line":91,"column":56},"end":{"line":91,"column":59}}],"line":91},"10":{"loc":{"start":{"line":92,"column":27},"end":{"line":92,"column":56}},"type":"binary-expr","locations":[{"start":{"line":92,"column":27},"end":{"line":92,"column":48}},{"start":{"line":92,"column":52},"end":{"line":92,"column":56}}],"line":92},"11":{"loc":{"start":{"line":99,"column":4},"end":{"line":102,"column":5}},"type":"if","locations":[{"start":{"line":99,"column":4},"end":{"line":102,"column":5}},{"start":{},"end":{}}],"line":99},"12":{"loc":{"start":{"line":112,"column":4},"end":{"line":112,"column":48}},"type":"if","locations":[{"start":{"line":112,"column":4},"end":{"line":112,"column":48}},{"start":{},"end":{}}],"line":112},"13":{"loc":{"start":{"line":119,"column":29},"end":{"line":119,"column":43}},"type":"default-arg","locations":[{"start":{"line":119,"column":37},"end":{"line":119,"column":43}}],"line":119},"14":{"loc":{"start":{"line":119,"column":45},"end":{"line":119,"column":55}},"type":"default-arg","locations":[{"start":{"line":119,"column":53},"end":{"line":119,"column":55}}],"line":119},"15":{"loc":{"start":{"line":124,"column":4},"end":{"line":124,"column":48}},"type":"if","locations":[{"start":{"line":124,"column":4},"end":{"line":124,"column":48}},{"start":{},"end":{}}],"line":124},"16":{"loc":{"start":{"line":133,"column":4},"end":{"line":133,"column":48}},"type":"if","locations":[{"start":{"line":133,"column":4},"end":{"line":133,"column":48}},{"start":{},"end":{}}],"line":133}},"s":{"0":4,"1":4,"2":4,"3":4,"4":4,"5":4,"6":4,"7":1,"8":1,"9":0,"10":1,"11":1,"12":1,"13":0,"14":1,"15":1,"16":1,"17":0,"18":0,"19":0,"20":0,"21":0,"22":0,"23":0,"24":0,"25":0,"26":0,"27":0,"28":0,"29":0,"30":0,"31":0,"32":0,"33":0,"34":1,"35":0,"36":0,"37":0,"38":0,"39":0,"40":0,"41":0,"42":4},"f":{"0":1,"1":0,"2":0,"3":0,"4":1,"5":0},"b":{"0":[4,4],"1":[0,1],"2":[1,0],"3":[0],"4":[0,0],"5":[0,0],"6":[0,0],"7":[0,0],"8":[0],"9":[0,0],"10":[0,0],"11":[0,0],"12":[0,0],"13":[0],"14":[0],"15":[0,0],"16":[0,0]},"_coverageSchema":"1a1c01bbd47fc00a2c39e90264f33305004495a9","hash":"818f7a11c74e90eff6074444e4508e7ba50083d8"}
,"/Users/chenyousheng/work/workspace/node/StockAnalysis/src/utils/logger.js": {"path":"/Users/chenyousheng/work/workspace/node/StockAnalysis/src/utils/logger.js","statementMap":{"0":{"start":{"line":5,"column":16},"end":{"line":5,"column":34}},"1":{"start":{"line":6,"column":13},"end":{"line":6,"column":28}},"2":{"start":{"line":9,"column":16},"end":{"line":9,"column":50}},"3":{"start":{"line":11,"column":15},"end":{"line":35,"column":2}},"4":{"start":{"line":38,"column":0},"end":{"line":45,"column":1}},"5":{"start":{"line":39,"column":4},"end":{"line":44,"column":8}},"6":{"start":{"line":47,"column":0},"end":{"line":47,"column":24}}},"fnMap":{},"branchMap":{"0":{"loc":{"start":{"line":12,"column":11},"end":{"line":12,"column":42}},"type":"binary-expr","locations":[{"start":{"line":12,"column":11},"end":{"line":12,"column":32}},{"start":{"line":12,"column":36},"end":{"line":12,"column":42}}],"line":12},"1":{"loc":{"start":{"line":38,"column":0},"end":{"line":45,"column":1}},"type":"if","locations":[{"start":{"line":38,"column":0},"end":{"line":45,"column":1}},{"start":{},"end":{}}],"line":38}},"s":{"0":4,"1":4,"2":4,"3":4,"4":4,"5":4,"6":4},"f":{},"b":{"0":[4,0],"1":[4,0]},"_coverageSchema":"1a1c01bbd47fc00a2c39e90264f33305004495a9","hash":"2b1aee249fac858836b94565c7721a5b14944963"}
}
