{"/Users/chenyousheng/work/workspace/node/StockAnalysis/src/app.js": {"path":"/Users/chenyousheng/work/workspace/node/StockAnalysis/src/app.js","statementMap":{"0":{"start":{"line":1,"column":16},"end":{"line":1,"column":34}},"1":{"start":{"line":2,"column":13},"end":{"line":2,"column":28}},"2":{"start":{"line":3,"column":17},"end":{"line":3,"column":37}},"3":{"start":{"line":4,"column":13},"end":{"line":4,"column":28}},"4":{"start":{"line":5,"column":15},"end":{"line":5,"column":32}},"5":{"start":{"line":6,"column":13},"end":{"line":6,"column":28}},"6":{"start":{"line":7,"column":0},"end":{"line":7,"column":27}},"7":{"start":{"line":9,"column":15},"end":{"line":9,"column":40}},"8":{"start":{"line":10,"column":17},"end":{"line":10,"column":49}},"9":{"start":{"line":13,"column":4},"end":{"line":73,"column":5}},"10":{"start":{"line":14,"column":8},"end":{"line":14,"column":33}},"11":{"start":{"line":16,"column":29},"end":{"line":16,"column":57}},"12":{"start":{"line":17,"column":27},"end":{"line":17,"column":59}},"13":{"start":{"line":18,"column":26},"end":{"line":18,"column":62}},"14":{"start":{"line":20,"column":20},"end":{"line":20,"column":29}},"15":{"start":{"line":21,"column":23},"end":{"line":21,"column":45}},"16":{"start":{"line":22,"column":19},"end":{"line":24,"column":10}},"17":{"start":{"line":26,"column":8},"end":{"line":34,"column":14}},"18":{"start":{"line":35,"column":8},"end":{"line":35,"column":24}},"19":{"start":{"line":36,"column":8},"end":{"line":36,"column":49}},"20":{"start":{"line":37,"column":8},"end":{"line":37,"column":56}},"21":{"start":{"line":38,"column":8},"end":{"line":38,"column":42}},"22":{"start":{"line":40,"column":8},"end":{"line":40,"column":23}},"23":{"start":{"line":42,"column":8},"end":{"line":52,"column":11}},"24":{"start":{"line":43,"column":12},"end":{"line":43,"column":58}},"25":{"start":{"line":44,"column":12},"end":{"line":51,"column":15}},"26":{"start":{"line":45,"column":16},"end":{"line":50,"column":17}},"27":{"start":{"line":46,"column":35},"end":{"line":46,"column":96}},"28":{"start":{"line":47,"column":20},"end":{"line":47,"column":59}},"29":{"start":{"line":49,"column":20},"end":{"line":49,"column":78}},"30":{"start":{"line":54,"column":8},"end":{"line":54,"column":55}},"31":{"start":{"line":55,"column":8},"end":{"line":55,"column":57}},"32":{"start":{"line":56,"column":8},"end":{"line":56,"column":55}},"33":{"start":{"line":57,"column":8},"end":{"line":57,"column":49}},"34":{"start":{"line":59,"column":8},"end":{"line":61,"column":11}},"35":{"start":{"line":60,"column":12},"end":{"line":60,"column":71}},"36":{"start":{"line":63,"column":8},"end":{"line":63,"column":40}},"37":{"start":{"line":65,"column":8},"end":{"line":67,"column":9}},"38":{"start":{"line":66,"column":12},"end":{"line":66,"column":30}},"39":{"start":{"line":69,"column":8},"end":{"line":69,"column":52}},"40":{"start":{"line":71,"column":8},"end":{"line":71,"column":52}},"41":{"start":{"line":72,"column":8},"end":{"line":72,"column":20}},"42":{"start":{"line":77,"column":0},"end":{"line":89,"column":1}},"43":{"start":{"line":78,"column":4},"end":{"line":88,"column":7}},"44":{"start":{"line":79,"column":21},"end":{"line":79,"column":45}},"45":{"start":{"line":80,"column":8},"end":{"line":82,"column":11}},"46":{"start":{"line":81,"column":12},"end":{"line":81,"column":116}},"47":{"start":{"line":84,"column":8},"end":{"line":87,"column":11}},"48":{"start":{"line":86,"column":12},"end":{"line":86,"column":28}},"49":{"start":{"line":91,"column":0},"end":{"line":91,"column":27}}},"fnMap":{"0":{"name":"createApp","decl":{"start":{"line":12,"column":15},"end":{"line":12,"column":24}},"loc":{"start":{"line":12,"column":27},"end":{"line":74,"column":1}},"line":12},"1":{"name":"(anonymous_1)","decl":{"start":{"line":42,"column":28},"end":{"line":42,"column":29}},"loc":{"start":{"line":42,"column":40},"end":{"line":52,"column":9}},"line":42},"2":{"name":"(anonymous_2)","decl":{"start":{"line":44,"column":42},"end":{"line":44,"column":43}},"loc":{"start":{"line":44,"column":58},"end":{"line":51,"column":13}},"line":44},"3":{"name":"(anonymous_3)","decl":{"start":{"line":59,"column":21},"end":{"line":59,"column":22}},"loc":{"start":{"line":59,"column":35},"end":{"line":61,"column":9}},"line":59},"4":{"name":"(anonymous_4)","decl":{"start":{"line":78,"column":21},"end":{"line":78,"column":22}},"loc":{"start":{"line":78,"column":37},"end":{"line":88,"column":5}},"line":78},"5":{"name":"(anonymous_5)","decl":{"start":{"line":80,"column":28},"end":{"line":80,"column":29}},"loc":{"start":{"line":80,"column":34},"end":{"line":82,"column":9}},"line":80},"6":{"name":"(anonymous_6)","decl":{"start":{"line":84,"column":29},"end":{"line":84,"column":30}},"loc":{"start":{"line":84,"column":41},"end":{"line":87,"column":9}},"line":84}},"branchMap":{"0":{"loc":{"start":{"line":65,"column":8},"end":{"line":67,"column":9}},"type":"if","locations":[{"start":{"line":65,"column":8},"end":{"line":67,"column":9}},{"start":{},"end":{}}],"line":65},"1":{"loc":{"start":{"line":77,"column":0},"end":{"line":89,"column":1}},"type":"if","locations":[{"start":{"line":77,"column":0},"end":{"line":89,"column":1}},{"start":{},"end":{}}],"line":77},"2":{"loc":{"start":{"line":79,"column":21},"end":{"line":79,"column":45}},"type":"binary-expr","locations":[{"start":{"line":79,"column":21},"end":{"line":79,"column":37}},{"start":{"line":79,"column":41},"end":{"line":79,"column":45}}],"line":79},"3":{"loc":{"start":{"line":81,"column":68},"end":{"line":81,"column":111}},"type":"cond-expr","locations":[{"start":{"line":81,"column":88},"end":{"line":81,"column":99}},{"start":{"line":81,"column":102},"end":{"line":81,"column":111}}],"line":81}},"s":{"0":1,"1":1,"2":1,"3":1,"4":1,"5":1,"6":1,"7":1,"8":1,"9":1,"10":1,"11":1,"12":1,"13":1,"14":1,"15":1,"16":1,"17":1,"18":1,"19":1,"20":1,"21":1,"22":1,"23":1,"24":0,"25":0,"26":0,"27":0,"28":0,"29":0,"30":1,"31":1,"32":1,"33":1,"34":1,"35":0,"36":1,"37":1,"38":0,"39":1,"40":0,"41":0,"42":1,"43":0,"44":0,"45":0,"46":0,"47":0,"48":0,"49":1},"f":{"0":1,"1":0,"2":0,"3":0,"4":0,"5":0,"6":0},"b":{"0":[0,1],"1":[0,1],"2":[0,0],"3":[0,0]},"_coverageSchema":"1a1c01bbd47fc00a2c39e90264f33305004495a9","hash":"2c542d3a2e3e4ff23e99d7b4503ed622c9a7edad"}
,"/Users/chenyousheng/work/workspace/node/StockAnalysis/src/ai/modelManager.js": {"path":"/Users/chenyousheng/work/workspace/node/StockAnalysis/src/ai/modelManager.js","statementMap":{"0":{"start":{"line":6,"column":14},"end":{"line":6,"column":30}},"1":{"start":{"line":7,"column":15},"end":{"line":7,"column":41}},"2":{"start":{"line":11,"column":8},"end":{"line":11,"column":32}},"3":{"start":{"line":19,"column":8},"end":{"line":53,"column":9}},"4":{"start":{"line":21,"column":12},"end":{"line":29,"column":15}},"5":{"start":{"line":31,"column":32},"end":{"line":31,"column":73}},"6":{"start":{"line":34,"column":28},"end":{"line":34,"column":68}},"7":{"start":{"line":36,"column":12},"end":{"line":48,"column":13}},"8":{"start":{"line":37,"column":16},"end":{"line":47,"column":19}},"9":{"start":{"line":38,"column":20},"end":{"line":46,"column":23}},"10":{"start":{"line":50,"column":12},"end":{"line":50,"column":64}},"11":{"start":{"line":52,"column":12},"end":{"line":52,"column":61}},"12":{"start":{"line":60,"column":50},"end":{"line":60,"column":56}},"13":{"start":{"line":62,"column":8},"end":{"line":64,"column":9}},"14":{"start":{"line":63,"column":12},"end":{"line":63,"column":68}},"15":{"start":{"line":66,"column":24},"end":{"line":66,"column":62}},"16":{"start":{"line":67,"column":8},"end":{"line":69,"column":9}},"17":{"start":{"line":68,"column":12},"end":{"line":68,"column":60}},"18":{"start":{"line":71,"column":28},"end":{"line":71,"column":69}},"19":{"start":{"line":72,"column":28},"end":{"line":72,"column":51}},"20":{"start":{"line":73,"column":8},"end":{"line":73,"column":33}},"21":{"start":{"line":75,"column":8},"end":{"line":78,"column":11}},"22":{"start":{"line":80,"column":8},"end":{"line":80,"column":59}},"23":{"start":{"line":81,"column":8},"end":{"line":81,"column":20}},"24":{"start":{"line":88,"column":8},"end":{"line":88,"column":52}},"25":{"start":{"line":88,"column":40},"end":{"line":88,"column":52}},"26":{"start":{"line":89,"column":8},"end":{"line":95,"column":9}},"27":{"start":{"line":90,"column":29},"end":{"line":90,"column":91}},"28":{"start":{"line":91,"column":12},"end":{"line":91,"column":51}},"29":{"start":{"line":93,"column":12},"end":{"line":93,"column":84}},"30":{"start":{"line":94,"column":12},"end":{"line":94,"column":25}},"31":{"start":{"line":102,"column":23},"end":{"line":102,"column":93}},"32":{"start":{"line":104,"column":8},"end":{"line":106,"column":9}},"33":{"start":{"line":105,"column":12},"end":{"line":105,"column":60}},"34":{"start":{"line":108,"column":8},"end":{"line":126,"column":9}},"35":{"start":{"line":109,"column":12},"end":{"line":122,"column":13}},"36":{"start":{"line":111,"column":20},"end":{"line":111,"column":74}},"37":{"start":{"line":113,"column":20},"end":{"line":113,"column":74}},"38":{"start":{"line":115,"column":20},"end":{"line":115,"column":74}},"39":{"start":{"line":117,"column":20},"end":{"line":117,"column":73}},"40":{"start":{"line":119,"column":20},"end":{"line":119,"column":72}},"41":{"start":{"line":121,"column":20},"end":{"line":121,"column":80}},"42":{"start":{"line":124,"column":12},"end":{"line":124,"column":57}},"43":{"start":{"line":125,"column":12},"end":{"line":125,"column":24}},"44":{"start":{"line":133,"column":25},"end":{"line":143,"column":10}},"45":{"start":{"line":145,"column":8},"end":{"line":145,"column":56}},"46":{"start":{"line":152,"column":25},"end":{"line":162,"column":10}},"47":{"start":{"line":164,"column":8},"end":{"line":164,"column":45}},"48":{"start":{"line":171,"column":25},"end":{"line":179,"column":10}},"49":{"start":{"line":181,"column":8},"end":{"line":181,"column":65}},"50":{"start":{"line":188,"column":25},"end":{"line":198,"column":10}},"51":{"start":{"line":200,"column":8},"end":{"line":200,"column":56}},"52":{"start":{"line":208,"column":24},"end":{"line":208,"column":66}},"53":{"start":{"line":209,"column":8},"end":{"line":209,"column":65}},"54":{"start":{"line":216,"column":8},"end":{"line":221,"column":12}},"55":{"start":{"line":216,"column":74},"end":{"line":221,"column":9}},"56":{"start":{"line":228,"column":28},"end":{"line":228,"column":69}},"57":{"start":{"line":229,"column":8},"end":{"line":229,"column":57}},"58":{"start":{"line":230,"column":8},"end":{"line":230,"column":38}},"59":{"start":{"line":231,"column":8},"end":{"line":231,"column":53}},"60":{"start":{"line":235,"column":0},"end":{"line":235,"column":38}}},"fnMap":{"0":{"name":"(anonymous_0)","decl":{"start":{"line":10,"column":4},"end":{"line":10,"column":5}},"loc":{"start":{"line":10,"column":18},"end":{"line":13,"column":5}},"line":10},"1":{"name":"(anonymous_1)","decl":{"start":{"line":18,"column":4},"end":{"line":18,"column":5}},"loc":{"start":{"line":18,"column":23},"end":{"line":54,"column":5}},"line":18},"2":{"name":"(anonymous_2)","decl":{"start":{"line":37,"column":32},"end":{"line":37,"column":33}},"loc":{"start":{"line":37,"column":42},"end":{"line":47,"column":17}},"line":37},"3":{"name":"(anonymous_3)","decl":{"start":{"line":59,"column":4},"end":{"line":59,"column":5}},"loc":{"start":{"line":59,"column":27},"end":{"line":82,"column":5}},"line":59},"4":{"name":"(anonymous_4)","decl":{"start":{"line":87,"column":4},"end":{"line":87,"column":5}},"loc":{"start":{"line":87,"column":38},"end":{"line":96,"column":5}},"line":87},"5":{"name":"(anonymous_5)","decl":{"start":{"line":101,"column":4},"end":{"line":101,"column":5}},"loc":{"start":{"line":101,"column":53},"end":{"line":127,"column":5}},"line":101},"6":{"name":"(anonymous_6)","decl":{"start":{"line":132,"column":4},"end":{"line":132,"column":5}},"loc":{"start":{"line":132,"column":46},"end":{"line":146,"column":5}},"line":132},"7":{"name":"(anonymous_7)","decl":{"start":{"line":151,"column":4},"end":{"line":151,"column":5}},"loc":{"start":{"line":151,"column":46},"end":{"line":165,"column":5}},"line":151},"8":{"name":"(anonymous_8)","decl":{"start":{"line":170,"column":4},"end":{"line":170,"column":5}},"loc":{"start":{"line":170,"column":46},"end":{"line":182,"column":5}},"line":170},"9":{"name":"(anonymous_9)","decl":{"start":{"line":187,"column":4},"end":{"line":187,"column":5}},"loc":{"start":{"line":187,"column":45},"end":{"line":201,"column":5}},"line":187},"10":{"name":"(anonymous_10)","decl":{"start":{"line":206,"column":4},"end":{"line":206,"column":5}},"loc":{"start":{"line":206,"column":44},"end":{"line":210,"column":5}},"line":206},"11":{"name":"(anonymous_11)","decl":{"start":{"line":215,"column":4},"end":{"line":215,"column":5}},"loc":{"start":{"line":215,"column":16},"end":{"line":222,"column":5}},"line":215},"12":{"name":"(anonymous_12)","decl":{"start":{"line":216,"column":53},"end":{"line":216,"column":54}},"loc":{"start":{"line":216,"column":74},"end":{"line":221,"column":9}},"line":216},"13":{"name":"(anonymous_13)","decl":{"start":{"line":227,"column":4},"end":{"line":227,"column":5}},"loc":{"start":{"line":227,"column":33},"end":{"line":232,"column":5}},"line":227}},"branchMap":{"0":{"loc":{"start":{"line":36,"column":12},"end":{"line":48,"column":13}},"type":"if","locations":[{"start":{"line":36,"column":12},"end":{"line":48,"column":13}},{"start":{},"end":{}}],"line":36},"1":{"loc":{"start":{"line":36,"column":16},"end":{"line":36,"column":45}},"type":"binary-expr","locations":[{"start":{"line":36,"column":16},"end":{"line":36,"column":23}},{"start":{"line":36,"column":27},"end":{"line":36,"column":45}}],"line":36},"2":{"loc":{"start":{"line":43,"column":35},"end":{"line":43,"column":59}},"type":"binary-expr","locations":[{"start":{"line":43,"column":35},"end":{"line":43,"column":51}},{"start":{"line":43,"column":55},"end":{"line":43,"column":59}}],"line":43},"3":{"loc":{"start":{"line":44,"column":37},"end":{"line":44,"column":62}},"type":"binary-expr","locations":[{"start":{"line":44,"column":37},"end":{"line":44,"column":55}},{"start":{"line":44,"column":59},"end":{"line":44,"column":62}}],"line":44},"4":{"loc":{"start":{"line":62,"column":8},"end":{"line":64,"column":9}},"type":"if","locations":[{"start":{"line":62,"column":8},"end":{"line":64,"column":9}},{"start":{},"end":{}}],"line":62},"5":{"loc":{"start":{"line":62,"column":12},"end":{"line":62,"column":76}},"type":"binary-expr","locations":[{"start":{"line":62,"column":12},"end":{"line":62,"column":17}},{"start":{"line":62,"column":21},"end":{"line":62,"column":30}},{"start":{"line":62,"column":35},"end":{"line":62,"column":42}},{"start":{"line":62,"column":46},"end":{"line":62,"column":65}},{"start":{"line":62,"column":70},"end":{"line":62,"column":76}}],"line":62},"6":{"loc":{"start":{"line":67,"column":8},"end":{"line":69,"column":9}},"type":"if","locations":[{"start":{"line":67,"column":8},"end":{"line":69,"column":9}},{"start":{},"end":{}}],"line":67},"7":{"loc":{"start":{"line":77,"column":20},"end":{"line":77,"column":70}},"type":"cond-expr","locations":[{"start":{"line":77,"column":50},"end":{"line":77,"column":63}},{"start":{"line":77,"column":66},"end":{"line":77,"column":70}}],"line":77},"8":{"loc":{"start":{"line":88,"column":8},"end":{"line":88,"column":52}},"type":"if","locations":[{"start":{"line":88,"column":8},"end":{"line":88,"column":52}},{"start":{},"end":{}}],"line":88},"9":{"loc":{"start":{"line":91,"column":19},"end":{"line":91,"column":50}},"type":"binary-expr","locations":[{"start":{"line":91,"column":19},"end":{"line":91,"column":27}},{"start":{"line":91,"column":31},"end":{"line":91,"column":50}}],"line":91},"10":{"loc":{"start":{"line":101,"column":39},"end":{"line":101,"column":51}},"type":"default-arg","locations":[{"start":{"line":101,"column":49},"end":{"line":101,"column":51}}],"line":101},"11":{"loc":{"start":{"line":102,"column":23},"end":{"line":102,"column":93}},"type":"cond-expr","locations":[{"start":{"line":102,"column":55},"end":{"line":102,"column":81}},{"start":{"line":102,"column":84},"end":{"line":102,"column":93}}],"line":102},"12":{"loc":{"start":{"line":104,"column":8},"end":{"line":106,"column":9}},"type":"if","locations":[{"start":{"line":104,"column":8},"end":{"line":106,"column":9}},{"start":{},"end":{}}],"line":104},"13":{"loc":{"start":{"line":109,"column":12},"end":{"line":122,"column":13}},"type":"switch","locations":[{"start":{"line":110,"column":16},"end":{"line":111,"column":74}},{"start":{"line":112,"column":16},"end":{"line":113,"column":74}},{"start":{"line":114,"column":16},"end":{"line":115,"column":74}},{"start":{"line":116,"column":16},"end":{"line":117,"column":73}},{"start":{"line":118,"column":16},"end":{"line":119,"column":72}},{"start":{"line":120,"column":16},"end":{"line":121,"column":80}}],"line":109},"14":{"loc":{"start":{"line":133,"column":45},"end":{"line":133,"column":87}},"type":"binary-expr","locations":[{"start":{"line":133,"column":45},"end":{"line":133,"column":59}},{"start":{"line":133,"column":63},"end":{"line":133,"column":87}}],"line":133},"15":{"loc":{"start":{"line":136,"column":24},"end":{"line":136,"column":61}},"type":"binary-expr","locations":[{"start":{"line":136,"column":24},"end":{"line":136,"column":41}},{"start":{"line":136,"column":45},"end":{"line":136,"column":61}}],"line":136},"16":{"loc":{"start":{"line":137,"column":25},"end":{"line":137,"column":66}},"type":"binary-expr","locations":[{"start":{"line":137,"column":25},"end":{"line":137,"column":44}},{"start":{"line":137,"column":48},"end":{"line":137,"column":66}}],"line":137},"17":{"loc":{"start":{"line":152,"column":45},"end":{"line":152,"column":90}},"type":"binary-expr","locations":[{"start":{"line":152,"column":45},"end":{"line":152,"column":59}},{"start":{"line":152,"column":63},"end":{"line":152,"column":90}}],"line":152},"18":{"loc":{"start":{"line":154,"column":24},"end":{"line":154,"column":61}},"type":"binary-expr","locations":[{"start":{"line":154,"column":24},"end":{"line":154,"column":41}},{"start":{"line":154,"column":45},"end":{"line":154,"column":61}}],"line":154},"19":{"loc":{"start":{"line":171,"column":45},"end":{"line":171,"column":106}},"type":"binary-expr","locations":[{"start":{"line":171,"column":45},"end":{"line":171,"column":59}},{"start":{"line":171,"column":63},"end":{"line":171,"column":106}}],"line":171},"20":{"loc":{"start":{"line":188,"column":45},"end":{"line":188,"column":89}},"type":"binary-expr","locations":[{"start":{"line":188,"column":45},"end":{"line":188,"column":59}},{"start":{"line":188,"column":63},"end":{"line":188,"column":89}}],"line":188},"21":{"loc":{"start":{"line":191,"column":24},"end":{"line":191,"column":61}},"type":"binary-expr","locations":[{"start":{"line":191,"column":24},"end":{"line":191,"column":41}},{"start":{"line":191,"column":45},"end":{"line":191,"column":61}}],"line":191},"22":{"loc":{"start":{"line":192,"column":25},"end":{"line":192,"column":66}},"type":"binary-expr","locations":[{"start":{"line":192,"column":25},"end":{"line":192,"column":44}},{"start":{"line":192,"column":48},"end":{"line":192,"column":66}}],"line":192},"23":{"loc":{"start":{"line":208,"column":24},"end":{"line":208,"column":66}},"type":"cond-expr","locations":[{"start":{"line":208,"column":33},"end":{"line":208,"column":57}},{"start":{"line":208,"column":60},"end":{"line":208,"column":66}}],"line":208}},"s":{"0":1,"1":1,"2":1,"3":1,"4":1,"5":1,"6":1,"7":1,"8":0,"9":0,"10":1,"11":0,"12":1,"13":1,"14":0,"15":1,"16":1,"17":1,"18":0,"19":0,"20":0,"21":0,"22":0,"23":0,"24":1,"25":0,"26":1,"27":1,"28":0,"29":1,"30":1,"31":1,"32":1,"33":0,"34":1,"35":1,"36":1,"37":0,"38":0,"39":0,"40":0,"41":0,"42":1,"43":1,"44":1,"45":0,"46":0,"47":0,"48":0,"49":0,"50":0,"51":0,"52":0,"53":0,"54":2,"55":2,"56":0,"57":0,"58":0,"59":0,"60":1},"f":{"0":1,"1":1,"2":0,"3":1,"4":1,"5":1,"6":1,"7":0,"8":0,"9":0,"10":0,"11":2,"12":2,"13":0},"b":{"0":[0,1],"1":[1,1],"2":[0,0],"3":[0,0],"4":[0,1],"5":[1,1,1,0,1],"6":[1,0],"7":[0,0],"8":[0,1],"9":[0,0],"10":[1],"11":[0,1],"12":[0,1],"13":[1,0,0,0,0,0],"14":[1,1],"15":[1,1],"16":[1,1],"17":[0,0],"18":[0,0],"19":[0,0],"20":[0,0],"21":[0,0],"22":[0,0],"23":[0,0]},"_coverageSchema":"1a1c01bbd47fc00a2c39e90264f33305004495a9","hash":"d034f841cf2c162b88276d26d9dde0a01f006a2e"}
,"/Users/chenyousheng/work/workspace/node/StockAnalysis/src/analyzer/aiAnalyzer.js": {"path":"/Users/chenyousheng/work/workspace/node/StockAnalysis/src/analyzer/aiAnalyzer.js","statementMap":{"0":{"start":{"line":6,"column":21},"end":{"line":6,"column":50}},"1":{"start":{"line":7,"column":21},"end":{"line":7,"column":59}},"2":{"start":{"line":8,"column":21},"end":{"line":8,"column":54}},"3":{"start":{"line":9,"column":15},"end":{"line":9,"column":41}},"4":{"start":{"line":13,"column":8},"end":{"line":132,"column":10}},"5":{"start":{"line":139,"column":8},"end":{"line":174,"column":9}},"6":{"start":{"line":140,"column":12},"end":{"line":140,"column":80}},"7":{"start":{"line":143,"column":30},"end":{"line":143,"column":61}},"8":{"start":{"line":146,"column":33},"end":{"line":146,"column":96}},"9":{"start":{"line":149,"column":29},"end":{"line":149,"column":93}},"10":{"start":{"line":152,"column":27},"end":{"line":159,"column":13}},"11":{"start":{"line":161,"column":12},"end":{"line":161,"column":44}},"12":{"start":{"line":164,"column":12},"end":{"line":166,"column":13}},"13":{"start":{"line":165,"column":16},"end":{"line":165,"column":54}},"14":{"start":{"line":168,"column":12},"end":{"line":168,"column":63}},"15":{"start":{"line":169,"column":12},"end":{"line":169,"column":26}},"16":{"start":{"line":172,"column":12},"end":{"line":172,"column":69}},"17":{"start":{"line":173,"column":12},"end":{"line":173,"column":24}},"18":{"start":{"line":181,"column":8},"end":{"line":201,"column":9}},"19":{"start":{"line":183,"column":33},"end":{"line":183,"column":76}},"20":{"start":{"line":186,"column":35},"end":{"line":186,"column":85}},"21":{"start":{"line":189,"column":40},"end":{"line":189,"column":89}},"22":{"start":{"line":191,"column":12},"end":{"line":195,"column":14}},"23":{"start":{"line":198,"column":12},"end":{"line":198,"column":75}},"24":{"start":{"line":200,"column":12},"end":{"line":200,"column":49}},"25":{"start":{"line":208,"column":25},"end":{"line":216,"column":9}},"26":{"start":{"line":218,"column":8},"end":{"line":273,"column":9}},"27":{"start":{"line":220,"column":16},"end":{"line":229,"column":18}},"28":{"start":{"line":232,"column":16},"end":{"line":241,"column":18}},"29":{"start":{"line":244,"column":16},"end":{"line":252,"column":18}},"30":{"start":{"line":255,"column":16},"end":{"line":269,"column":18}},"31":{"start":{"line":272,"column":16},"end":{"line":272,"column":32}},"32":{"start":{"line":280,"column":25},"end":{"line":280,"column":61}},"33":{"start":{"line":281,"column":8},"end":{"line":283,"column":9}},"34":{"start":{"line":282,"column":12},"end":{"line":282,"column":70}},"35":{"start":{"line":286,"column":23},"end":{"line":286,"column":56}},"36":{"start":{"line":289,"column":26},"end":{"line":289,"column":60}},"37":{"start":{"line":290,"column":8},"end":{"line":292,"column":9}},"38":{"start":{"line":291,"column":12},"end":{"line":291,"column":66}},"39":{"start":{"line":295,"column":25},"end":{"line":295,"column":72}},"40":{"start":{"line":296,"column":8},"end":{"line":296,"column":24}},"41":{"start":{"line":303,"column":21},"end":{"line":303,"column":29}},"42":{"start":{"line":304,"column":8},"end":{"line":307,"column":11}},"43":{"start":{"line":305,"column":26},"end":{"line":305,"column":91}},"44":{"start":{"line":306,"column":12},"end":{"line":306,"column":72}},"45":{"start":{"line":308,"column":8},"end":{"line":308,"column":22}},"46":{"start":{"line":315,"column":23},"end":{"line":315,"column":47}},"47":{"start":{"line":316,"column":29},"end":{"line":316,"column":57}},"48":{"start":{"line":316,"column":48},"end":{"line":316,"column":56}},"49":{"start":{"line":318,"column":8},"end":{"line":318,"column":51}},"50":{"start":{"line":318,"column":39},"end":{"line":318,"column":51}},"51":{"start":{"line":321,"column":28},"end":{"line":326,"column":9}},"52":{"start":{"line":328,"column":26},"end":{"line":328,"column":72}},"53":{"start":{"line":330,"column":8},"end":{"line":336,"column":9}},"54":{"start":{"line":331,"column":26},"end":{"line":334,"column":13}},"55":{"start":{"line":332,"column":16},"end":{"line":333,"column":51}},"56":{"start":{"line":335,"column":12},"end":{"line":335,"column":41}},"57":{"start":{"line":335,"column":23},"end":{"line":335,"column":41}},"58":{"start":{"line":338,"column":8},"end":{"line":338,"column":36}},"59":{"start":{"line":345,"column":25},"end":{"line":345,"column":62}},"60":{"start":{"line":348,"column":27},"end":{"line":348,"column":57}},"61":{"start":{"line":349,"column":28},"end":{"line":349,"column":56}},"62":{"start":{"line":351,"column":29},"end":{"line":351,"column":81}},"63":{"start":{"line":351,"column":55},"end":{"line":351,"column":80}},"64":{"start":{"line":352,"column":30},"end":{"line":352,"column":83}},"65":{"start":{"line":352,"column":57},"end":{"line":352,"column":82}},"66":{"start":{"line":354,"column":8},"end":{"line":354,"column":45}},"67":{"start":{"line":361,"column":8},"end":{"line":366,"column":9}},"68":{"start":{"line":362,"column":12},"end":{"line":362,"column":66}},"69":{"start":{"line":363,"column":12},"end":{"line":363,"column":79}},"70":{"start":{"line":365,"column":12},"end":{"line":365,"column":67}},"71":{"start":{"line":373,"column":8},"end":{"line":389,"column":9}},"72":{"start":{"line":376,"column":12},"end":{"line":378,"column":13}},"73":{"start":{"line":377,"column":16},"end":{"line":377,"column":44}},"74":{"start":{"line":380,"column":12},"end":{"line":380,"column":51}},"75":{"start":{"line":383,"column":12},"end":{"line":385,"column":13}},"76":{"start":{"line":384,"column":16},"end":{"line":384,"column":78}},"77":{"start":{"line":388,"column":12},"end":{"line":388,"column":60}},"78":{"start":{"line":396,"column":8},"end":{"line":396,"column":47}},"79":{"start":{"line":396,"column":37},"end":{"line":396,"column":47}},"80":{"start":{"line":398,"column":22},"end":{"line":398,"column":77}},"81":{"start":{"line":398,"column":57},"end":{"line":398,"column":76}},"82":{"start":{"line":400,"column":8},"end":{"line":402,"column":9}},"83":{"start":{"line":401,"column":12},"end":{"line":401,"column":75}},"84":{"start":{"line":401,"column":42},"end":{"line":401,"column":73}},"85":{"start":{"line":404,"column":8},"end":{"line":404,"column":39}},"86":{"start":{"line":411,"column":8},"end":{"line":430,"column":10}},"87":{"start":{"line":434,"column":8},"end":{"line":434,"column":37}},"88":{"start":{"line":434,"column":24},"end":{"line":434,"column":37}},"89":{"start":{"line":435,"column":8},"end":{"line":435,"column":74}},"90":{"start":{"line":435,"column":30},"end":{"line":435,"column":74}},"91":{"start":{"line":436,"column":8},"end":{"line":436,"column":72}},"92":{"start":{"line":436,"column":29},"end":{"line":436,"column":72}},"93":{"start":{"line":437,"column":8},"end":{"line":437,"column":72}},"94":{"start":{"line":437,"column":29},"end":{"line":437,"column":72}},"95":{"start":{"line":438,"column":8},"end":{"line":438,"column":31}},"96":{"start":{"line":441,"column":34},"end":{"line":441,"column":54}},"97":{"start":{"line":442,"column":31},"end":{"line":442,"column":45}},"98":{"start":{"line":443,"column":31},"end":{"line":443,"column":44}},"99":{"start":{"line":444,"column":27},"end":{"line":444,"column":42}},"100":{"start":{"line":445,"column":36},"end":{"line":445,"column":51}},"101":{"start":{"line":446,"column":36},"end":{"line":446,"column":50}},"102":{"start":{"line":447,"column":37},"end":{"line":447,"column":52}},"103":{"start":{"line":448,"column":37},"end":{"line":448,"column":55}},"104":{"start":{"line":449,"column":34},"end":{"line":449,"column":48}},"105":{"start":{"line":450,"column":37},"end":{"line":450,"column":50}},"106":{"start":{"line":451,"column":32},"end":{"line":451,"column":46}},"107":{"start":{"line":452,"column":26},"end":{"line":452,"column":40}},"108":{"start":{"line":453,"column":34},"end":{"line":453,"column":75}},"109":{"start":{"line":454,"column":29},"end":{"line":454,"column":46}},"110":{"start":{"line":455,"column":30},"end":{"line":455,"column":45}},"111":{"start":{"line":458,"column":0},"end":{"line":458,"column":39}}},"fnMap":{"0":{"name":"(anonymous_0)","decl":{"start":{"line":12,"column":4},"end":{"line":12,"column":5}},"loc":{"start":{"line":12,"column":18},"end":{"line":133,"column":5}},"line":12},"1":{"name":"(anonymous_1)","decl":{"start":{"line":138,"column":4},"end":{"line":138,"column":5}},"loc":{"start":{"line":138,"column":73},"end":{"line":175,"column":5}},"line":138},"2":{"name":"(anonymous_2)","decl":{"start":{"line":180,"column":4},"end":{"line":180,"column":5}},"loc":{"start":{"line":180,"column":31},"end":{"line":202,"column":5}},"line":180},"3":{"name":"(anonymous_3)","decl":{"start":{"line":207,"column":4},"end":{"line":207,"column":5}},"loc":{"start":{"line":207,"column":63},"end":{"line":274,"column":5}},"line":207},"4":{"name":"(anonymous_4)","decl":{"start":{"line":279,"column":4},"end":{"line":279,"column":5}},"loc":{"start":{"line":279,"column":56},"end":{"line":297,"column":5}},"line":279},"5":{"name":"(anonymous_5)","decl":{"start":{"line":302,"column":4},"end":{"line":302,"column":5}},"loc":{"start":{"line":302,"column":33},"end":{"line":309,"column":5}},"line":302},"6":{"name":"(anonymous_6)","decl":{"start":{"line":304,"column":34},"end":{"line":304,"column":35}},"loc":{"start":{"line":304,"column":41},"end":{"line":307,"column":9}},"line":304},"7":{"name":"(anonymous_7)","decl":{"start":{"line":314,"column":4},"end":{"line":314,"column":5}},"loc":{"start":{"line":314,"column":34},"end":{"line":339,"column":5}},"line":314},"8":{"name":"(anonymous_8)","decl":{"start":{"line":316,"column":43},"end":{"line":316,"column":44}},"loc":{"start":{"line":316,"column":48},"end":{"line":316,"column":56}},"line":316},"9":{"name":"(anonymous_9)","decl":{"start":{"line":331,"column":44},"end":{"line":331,"column":45}},"loc":{"start":{"line":332,"column":16},"end":{"line":333,"column":51}},"line":332},"10":{"name":"(anonymous_10)","decl":{"start":{"line":344,"column":4},"end":{"line":344,"column":5}},"loc":{"start":{"line":344,"column":43},"end":{"line":355,"column":5}},"line":344},"11":{"name":"(anonymous_11)","decl":{"start":{"line":351,"column":45},"end":{"line":351,"column":46}},"loc":{"start":{"line":351,"column":55},"end":{"line":351,"column":80}},"line":351},"12":{"name":"(anonymous_12)","decl":{"start":{"line":352,"column":47},"end":{"line":352,"column":48}},"loc":{"start":{"line":352,"column":57},"end":{"line":352,"column":82}},"line":352},"13":{"name":"(anonymous_13)","decl":{"start":{"line":360,"column":4},"end":{"line":360,"column":5}},"loc":{"start":{"line":360,"column":45},"end":{"line":367,"column":5}},"line":360},"14":{"name":"(anonymous_14)","decl":{"start":{"line":372,"column":4},"end":{"line":372,"column":5}},"loc":{"start":{"line":372,"column":31},"end":{"line":390,"column":5}},"line":372},"15":{"name":"(anonymous_15)","decl":{"start":{"line":395,"column":4},"end":{"line":395,"column":5}},"loc":{"start":{"line":395,"column":70},"end":{"line":405,"column":5}},"line":395},"16":{"name":"(anonymous_16)","decl":{"start":{"line":398,"column":52},"end":{"line":398,"column":53}},"loc":{"start":{"line":398,"column":57},"end":{"line":398,"column":76}},"line":398},"17":{"name":"(anonymous_17)","decl":{"start":{"line":401,"column":37},"end":{"line":401,"column":38}},"loc":{"start":{"line":401,"column":42},"end":{"line":401,"column":73}},"line":401},"18":{"name":"(anonymous_18)","decl":{"start":{"line":410,"column":4},"end":{"line":410,"column":5}},"loc":{"start":{"line":410,"column":29},"end":{"line":431,"column":5}},"line":410},"19":{"name":"(anonymous_19)","decl":{"start":{"line":433,"column":4},"end":{"line":433,"column":5}},"loc":{"start":{"line":433,"column":31},"end":{"line":439,"column":5}},"line":433},"20":{"name":"(anonymous_20)","decl":{"start":{"line":441,"column":4},"end":{"line":441,"column":5}},"loc":{"start":{"line":441,"column":32},"end":{"line":441,"column":56}},"line":441},"21":{"name":"(anonymous_21)","decl":{"start":{"line":442,"column":4},"end":{"line":442,"column":5}},"loc":{"start":{"line":442,"column":29},"end":{"line":442,"column":47}},"line":442},"22":{"name":"(anonymous_22)","decl":{"start":{"line":443,"column":4},"end":{"line":443,"column":5}},"loc":{"start":{"line":443,"column":29},"end":{"line":443,"column":46}},"line":443},"23":{"name":"(anonymous_23)","decl":{"start":{"line":444,"column":4},"end":{"line":444,"column":5}},"loc":{"start":{"line":444,"column":25},"end":{"line":444,"column":44}},"line":444},"24":{"name":"(anonymous_24)","decl":{"start":{"line":445,"column":4},"end":{"line":445,"column":5}},"loc":{"start":{"line":445,"column":34},"end":{"line":445,"column":53}},"line":445},"25":{"name":"(anonymous_25)","decl":{"start":{"line":446,"column":4},"end":{"line":446,"column":5}},"loc":{"start":{"line":446,"column":34},"end":{"line":446,"column":52}},"line":446},"26":{"name":"(anonymous_26)","decl":{"start":{"line":447,"column":4},"end":{"line":447,"column":5}},"loc":{"start":{"line":447,"column":35},"end":{"line":447,"column":54}},"line":447},"27":{"name":"(anonymous_27)","decl":{"start":{"line":448,"column":4},"end":{"line":448,"column":5}},"loc":{"start":{"line":448,"column":35},"end":{"line":448,"column":57}},"line":448},"28":{"name":"(anonymous_28)","decl":{"start":{"line":449,"column":4},"end":{"line":449,"column":5}},"loc":{"start":{"line":449,"column":32},"end":{"line":449,"column":50}},"line":449},"29":{"name":"(anonymous_29)","decl":{"start":{"line":450,"column":4},"end":{"line":450,"column":5}},"loc":{"start":{"line":450,"column":35},"end":{"line":450,"column":52}},"line":450},"30":{"name":"(anonymous_30)","decl":{"start":{"line":451,"column":4},"end":{"line":451,"column":5}},"loc":{"start":{"line":451,"column":30},"end":{"line":451,"column":48}},"line":451},"31":{"name":"(anonymous_31)","decl":{"start":{"line":452,"column":4},"end":{"line":452,"column":5}},"loc":{"start":{"line":452,"column":24},"end":{"line":452,"column":42}},"line":452},"32":{"name":"(anonymous_32)","decl":{"start":{"line":453,"column":4},"end":{"line":453,"column":5}},"loc":{"start":{"line":453,"column":32},"end":{"line":453,"column":77}},"line":453},"33":{"name":"(anonymous_33)","decl":{"start":{"line":454,"column":4},"end":{"line":454,"column":5}},"loc":{"start":{"line":454,"column":27},"end":{"line":454,"column":48}},"line":454},"34":{"name":"(anonymous_34)","decl":{"start":{"line":455,"column":4},"end":{"line":455,"column":5}},"loc":{"start":{"line":455,"column":28},"end":{"line":455,"column":47}},"line":455}},"branchMap":{"0":{"loc":{"start":{"line":138,"column":31},"end":{"line":138,"column":57}},"type":"default-arg","locations":[{"start":{"line":138,"column":46},"end":{"line":138,"column":57}}],"line":138},"1":{"loc":{"start":{"line":138,"column":59},"end":{"line":138,"column":71}},"type":"default-arg","locations":[{"start":{"line":138,"column":69},"end":{"line":138,"column":71}}],"line":138},"2":{"loc":{"start":{"line":164,"column":12},"end":{"line":166,"column":13}},"type":"if","locations":[{"start":{"line":164,"column":12},"end":{"line":166,"column":13}},{"start":{},"end":{}}],"line":164},"3":{"loc":{"start":{"line":164,"column":16},"end":{"line":164,"column":89}},"type":"binary-expr","locations":[{"start":{"line":164,"column":16},"end":{"line":164,"column":50}},{"start":{"line":164,"column":54},"end":{"line":164,"column":89}}],"line":164},"4":{"loc":{"start":{"line":210,"column":26},"end":{"line":210,"column":57}},"type":"binary-expr","locations":[{"start":{"line":210,"column":26},"end":{"line":210,"column":48}},{"start":{"line":210,"column":52},"end":{"line":210,"column":57}}],"line":210},"5":{"loc":{"start":{"line":211,"column":27},"end":{"line":211,"column":59}},"type":"binary-expr","locations":[{"start":{"line":211,"column":27},"end":{"line":211,"column":50}},{"start":{"line":211,"column":54},"end":{"line":211,"column":59}}],"line":211},"6":{"loc":{"start":{"line":212,"column":18},"end":{"line":212,"column":41}},"type":"binary-expr","locations":[{"start":{"line":212,"column":18},"end":{"line":212,"column":32}},{"start":{"line":212,"column":36},"end":{"line":212,"column":41}}],"line":212},"7":{"loc":{"start":{"line":213,"column":17},"end":{"line":213,"column":39}},"type":"binary-expr","locations":[{"start":{"line":213,"column":17},"end":{"line":213,"column":30}},{"start":{"line":213,"column":34},"end":{"line":213,"column":39}}],"line":213},"8":{"loc":{"start":{"line":214,"column":20},"end":{"line":214,"column":45}},"type":"binary-expr","locations":[{"start":{"line":214,"column":20},"end":{"line":214,"column":36}},{"start":{"line":214,"column":40},"end":{"line":214,"column":45}}],"line":214},"9":{"loc":{"start":{"line":218,"column":8},"end":{"line":273,"column":9}},"type":"switch","locations":[{"start":{"line":219,"column":12},"end":{"line":229,"column":18}},{"start":{"line":231,"column":12},"end":{"line":241,"column":18}},{"start":{"line":243,"column":12},"end":{"line":252,"column":18}},{"start":{"line":254,"column":12},"end":{"line":269,"column":18}},{"start":{"line":271,"column":12},"end":{"line":272,"column":32}}],"line":218},"10":{"loc":{"start":{"line":222,"column":27},"end":{"line":222,"column":63}},"type":"binary-expr","locations":[{"start":{"line":222,"column":27},"end":{"line":222,"column":54}},{"start":{"line":222,"column":58},"end":{"line":222,"column":63}}],"line":222},"11":{"loc":{"start":{"line":223,"column":27},"end":{"line":223,"column":63}},"type":"binary-expr","locations":[{"start":{"line":223,"column":27},"end":{"line":223,"column":54}},{"start":{"line":223,"column":58},"end":{"line":223,"column":63}}],"line":223},"12":{"loc":{"start":{"line":224,"column":25},"end":{"line":224,"column":59}},"type":"binary-expr","locations":[{"start":{"line":224,"column":25},"end":{"line":224,"column":50}},{"start":{"line":224,"column":54},"end":{"line":224,"column":59}}],"line":224},"13":{"loc":{"start":{"line":225,"column":26},"end":{"line":225,"column":67}},"type":"binary-expr","locations":[{"start":{"line":225,"column":26},"end":{"line":225,"column":58}},{"start":{"line":225,"column":62},"end":{"line":225,"column":67}}],"line":225},"14":{"loc":{"start":{"line":226,"column":36},"end":{"line":226,"column":83}},"type":"binary-expr","locations":[{"start":{"line":226,"column":36},"end":{"line":226,"column":74}},{"start":{"line":226,"column":78},"end":{"line":226,"column":83}}],"line":226},"15":{"loc":{"start":{"line":227,"column":37},"end":{"line":227,"column":85}},"type":"binary-expr","locations":[{"start":{"line":227,"column":37},"end":{"line":227,"column":76}},{"start":{"line":227,"column":80},"end":{"line":227,"column":85}}],"line":227},"16":{"loc":{"start":{"line":228,"column":36},"end":{"line":228,"column":83}},"type":"binary-expr","locations":[{"start":{"line":228,"column":36},"end":{"line":228,"column":74}},{"start":{"line":228,"column":78},"end":{"line":228,"column":83}}],"line":228},"17":{"loc":{"start":{"line":281,"column":8},"end":{"line":283,"column":9}},"type":"if","locations":[{"start":{"line":281,"column":8},"end":{"line":283,"column":9}},{"start":{},"end":{}}],"line":281},"18":{"loc":{"start":{"line":290,"column":8},"end":{"line":292,"column":9}},"type":"if","locations":[{"start":{"line":290,"column":8},"end":{"line":292,"column":9}},{"start":{},"end":{}}],"line":290},"19":{"loc":{"start":{"line":305,"column":26},"end":{"line":305,"column":91}},"type":"cond-expr","locations":[{"start":{"line":305,"column":74},"end":{"line":305,"column":83}},{"start":{"line":305,"column":86},"end":{"line":305,"column":91}}],"line":305},"20":{"loc":{"start":{"line":305,"column":26},"end":{"line":305,"column":71}},"type":"binary-expr","locations":[{"start":{"line":305,"column":26},"end":{"line":305,"column":44}},{"start":{"line":305,"column":48},"end":{"line":305,"column":71}}],"line":305},"21":{"loc":{"start":{"line":318,"column":8},"end":{"line":318,"column":51}},"type":"if","locations":[{"start":{"line":318,"column":8},"end":{"line":318,"column":51}},{"start":{},"end":{}}],"line":318},"22":{"loc":{"start":{"line":328,"column":26},"end":{"line":328,"column":72}},"type":"binary-expr","locations":[{"start":{"line":328,"column":26},"end":{"line":328,"column":51}},{"start":{"line":328,"column":55},"end":{"line":328,"column":72}}],"line":328},"23":{"loc":{"start":{"line":332,"column":16},"end":{"line":333,"column":51}},"type":"binary-expr","locations":[{"start":{"line":332,"column":16},"end":{"line":332,"column":66}},{"start":{"line":333,"column":16},"end":{"line":333,"column":51}}],"line":332},"24":{"loc":{"start":{"line":335,"column":12},"end":{"line":335,"column":41}},"type":"if","locations":[{"start":{"line":335,"column":12},"end":{"line":335,"column":41}},{"start":{},"end":{}}],"line":335},"25":{"loc":{"start":{"line":354,"column":15},"end":{"line":354,"column":44}},"type":"binary-expr","locations":[{"start":{"line":354,"column":15},"end":{"line":354,"column":27}},{"start":{"line":354,"column":31},"end":{"line":354,"column":44}}],"line":354},"26":{"loc":{"start":{"line":376,"column":12},"end":{"line":378,"column":13}},"type":"if","locations":[{"start":{"line":376,"column":12},"end":{"line":378,"column":13}},{"start":{},"end":{}}],"line":376},"27":{"loc":{"start":{"line":383,"column":12},"end":{"line":385,"column":13}},"type":"if","locations":[{"start":{"line":383,"column":12},"end":{"line":385,"column":13}},{"start":{},"end":{}}],"line":383},"28":{"loc":{"start":{"line":395,"column":37},"end":{"line":395,"column":56}},"type":"default-arg","locations":[{"start":{"line":395,"column":52},"end":{"line":395,"column":56}}],"line":395},"29":{"loc":{"start":{"line":395,"column":58},"end":{"line":395,"column":68}},"type":"default-arg","locations":[{"start":{"line":395,"column":66},"end":{"line":395,"column":68}}],"line":395},"30":{"loc":{"start":{"line":396,"column":8},"end":{"line":396,"column":47}},"type":"if","locations":[{"start":{"line":396,"column":8},"end":{"line":396,"column":47}},{"start":{},"end":{}}],"line":396},"31":{"loc":{"start":{"line":400,"column":8},"end":{"line":402,"column":9}},"type":"if","locations":[{"start":{"line":400,"column":8},"end":{"line":402,"column":9}},{"start":{},"end":{}}],"line":400},"32":{"loc":{"start":{"line":434,"column":8},"end":{"line":434,"column":37}},"type":"if","locations":[{"start":{"line":434,"column":8},"end":{"line":434,"column":37}},{"start":{},"end":{}}],"line":434},"33":{"loc":{"start":{"line":435,"column":8},"end":{"line":435,"column":74}},"type":"if","locations":[{"start":{"line":435,"column":8},"end":{"line":435,"column":74}},{"start":{},"end":{}}],"line":435},"34":{"loc":{"start":{"line":436,"column":8},"end":{"line":436,"column":72}},"type":"if","locations":[{"start":{"line":436,"column":8},"end":{"line":436,"column":72}},{"start":{},"end":{}}],"line":436},"35":{"loc":{"start":{"line":437,"column":8},"end":{"line":437,"column":72}},"type":"if","locations":[{"start":{"line":437,"column":8},"end":{"line":437,"column":72}},{"start":{},"end":{}}],"line":437}},"s":{"0":1,"1":1,"2":1,"3":1,"4":1,"5":0,"6":0,"7":0,"8":0,"9":0,"10":0,"11":0,"12":0,"13":0,"14":0,"15":0,"16":0,"17":0,"18":0,"19":0,"20":0,"21":0,"22":0,"23":0,"24":0,"25":0,"26":0,"27":0,"28":0,"29":0,"30":0,"31":0,"32":0,"33":0,"34":0,"35":0,"36":0,"37":0,"38":0,"39":0,"40":0,"41":0,"42":0,"43":0,"44":0,"45":0,"46":0,"47":0,"48":0,"49":0,"50":0,"51":0,"52":0,"53":0,"54":0,"55":0,"56":0,"57":0,"58":0,"59":0,"60":0,"61":0,"62":0,"63":0,"64":0,"65":0,"66":0,"67":0,"68":0,"69":0,"70":0,"71":0,"72":0,"73":0,"74":0,"75":0,"76":0,"77":0,"78":0,"79":0,"80":0,"81":0,"82":0,"83":0,"84":0,"85":0,"86":0,"87":0,"88":0,"89":0,"90":0,"91":0,"92":0,"93":0,"94":0,"95":0,"96":0,"97":0,"98":0,"99":0,"100":0,"101":0,"102":0,"103":0,"104":0,"105":0,"106":0,"107":0,"108":0,"109":0,"110":0,"111":1},"f":{"0":1,"1":0,"2":0,"3":0,"4":0,"5":0,"6":0,"7":0,"8":0,"9":0,"10":0,"11":0,"12":0,"13":0,"14":0,"15":0,"16":0,"17":0,"18":0,"19":0,"20":0,"21":0,"22":0,"23":0,"24":0,"25":0,"26":0,"27":0,"28":0,"29":0,"30":0,"31":0,"32":0,"33":0,"34":0},"b":{"0":[0],"1":[0],"2":[0,0],"3":[0,0],"4":[0,0],"5":[0,0],"6":[0,0],"7":[0,0],"8":[0,0],"9":[0,0,0,0,0],"10":[0,0],"11":[0,0],"12":[0,0],"13":[0,0],"14":[0,0],"15":[0,0],"16":[0,0],"17":[0,0],"18":[0,0],"19":[0,0],"20":[0,0],"21":[0,0],"22":[0,0],"23":[0,0],"24":[0,0],"25":[0,0],"26":[0,0],"27":[0,0],"28":[0],"29":[0],"30":[0,0],"31":[0,0],"32":[0,0],"33":[0,0],"34":[0,0],"35":[0,0]},"_coverageSchema":"1a1c01bbd47fc00a2c39e90264f33305004495a9","hash":"a343fe9bf68b13da3969b8f731d93755d3cf6b66"}
,"/Users/chenyousheng/work/workspace/node/StockAnalysis/src/analyzer/newsProcessor.js": {"path":"/Users/chenyousheng/work/workspace/node/StockAnalysis/src/analyzer/newsProcessor.js","statementMap":{"0":{"start":{"line":1,"column":14},"end":{"line":1,"column":49}},"1":{"start":{"line":2,"column":15},"end":{"line":2,"column":41}},"2":{"start":{"line":6,"column":21},"end":{"line":6,"column":60}},"3":{"start":{"line":7,"column":24},"end":{"line":7,"column":53}},"4":{"start":{"line":9,"column":33},"end":{"line":9,"column":61}},"5":{"start":{"line":10,"column":27},"end":{"line":10,"column":74}},"6":{"start":{"line":12,"column":8},"end":{"line":30,"column":9}},"7":{"start":{"line":13,"column":12},"end":{"line":29,"column":13}},"8":{"start":{"line":14,"column":28},"end":{"line":14,"column":65}},"9":{"start":{"line":15,"column":16},"end":{"line":26,"column":17}},"10":{"start":{"line":16,"column":20},"end":{"line":16,"column":41}},"11":{"start":{"line":17,"column":20},"end":{"line":17,"column":55}},"12":{"start":{"line":18,"column":20},"end":{"line":18,"column":39}},"13":{"start":{"line":20,"column":20},"end":{"line":24,"column":23}},"14":{"start":{"line":25,"column":20},"end":{"line":25,"column":39}},"15":{"start":{"line":28,"column":16},"end":{"line":28,"column":84}},"16":{"start":{"line":32,"column":8},"end":{"line":32,"column":26}},"17":{"start":{"line":36,"column":24},"end":{"line":36,"column":26}},"18":{"start":{"line":37,"column":30},"end":{"line":37,"column":116}},"19":{"start":{"line":39,"column":8},"end":{"line":44,"column":9}},"20":{"start":{"line":40,"column":26},"end":{"line":40,"column":60}},"21":{"start":{"line":41,"column":12},"end":{"line":43,"column":13}},"22":{"start":{"line":42,"column":16},"end":{"line":42,"column":37}},"23":{"start":{"line":46,"column":8},"end":{"line":46,"column":23}},"24":{"start":{"line":50,"column":8},"end":{"line":50,"column":77}},"25":{"start":{"line":51,"column":8},"end":{"line":53,"column":9}},"26":{"start":{"line":52,"column":12},"end":{"line":52,"column":57}},"27":{"start":{"line":57,"column":0},"end":{"line":57,"column":37}}},"fnMap":{"0":{"name":"(anonymous_0)","decl":{"start":{"line":5,"column":4},"end":{"line":5,"column":5}},"loc":{"start":{"line":5,"column":34},"end":{"line":33,"column":5}},"line":5},"1":{"name":"(anonymous_1)","decl":{"start":{"line":35,"column":4},"end":{"line":35,"column":5}},"loc":{"start":{"line":35,"column":28},"end":{"line":47,"column":5}},"line":35},"2":{"name":"(anonymous_2)","decl":{"start":{"line":49,"column":4},"end":{"line":49,"column":5}},"loc":{"start":{"line":49,"column":34},"end":{"line":54,"column":5}},"line":49}},"branchMap":{"0":{"loc":{"start":{"line":7,"column":24},"end":{"line":7,"column":53}},"type":"binary-expr","locations":[{"start":{"line":7,"column":24},"end":{"line":7,"column":47}},{"start":{"line":7,"column":51},"end":{"line":7,"column":53}}],"line":7},"1":{"loc":{"start":{"line":15,"column":16},"end":{"line":26,"column":17}},"type":"if","locations":[{"start":{"line":15,"column":16},"end":{"line":26,"column":17}},{"start":{"line":19,"column":23},"end":{"line":26,"column":17}}],"line":15},"2":{"loc":{"start":{"line":41,"column":12},"end":{"line":43,"column":13}},"type":"if","locations":[{"start":{"line":41,"column":12},"end":{"line":43,"column":13}},{"start":{},"end":{}}],"line":41}},"s":{"0":1,"1":1,"2":0,"3":0,"4":0,"5":0,"6":0,"7":0,"8":0,"9":0,"10":0,"11":0,"12":0,"13":0,"14":0,"15":0,"16":0,"17":0,"18":0,"19":0,"20":0,"21":0,"22":0,"23":0,"24":0,"25":0,"26":0,"27":1},"f":{"0":0,"1":0,"2":0},"b":{"0":[0,0],"1":[0,0],"2":[0,0]},"_coverageSchema":"1a1c01bbd47fc00a2c39e90264f33305004495a9","hash":"445689f7bbd23de60d4615fd9de9524a70bfa6ba"}
,"/Users/chenyousheng/work/workspace/node/StockAnalysis/src/crawler/newsCrawler.js": {"path":"/Users/chenyousheng/work/workspace/node/StockAnalysis/src/crawler/newsCrawler.js","statementMap":{"0":{"start":{"line":1,"column":14},"end":{"line":1,"column":30}},"1":{"start":{"line":2,"column":16},"end":{"line":2,"column":34}},"2":{"start":{"line":3,"column":15},"end":{"line":3,"column":41}},"3":{"start":{"line":4,"column":17},"end":{"line":4,"column":55}},"4":{"start":{"line":5,"column":22},"end":{"line":5,"column":58}},"5":{"start":{"line":9,"column":8},"end":{"line":25,"column":10}},"6":{"start":{"line":29,"column":8},"end":{"line":29,"column":67}},"7":{"start":{"line":30,"column":24},"end":{"line":30,"column":26}},"8":{"start":{"line":31,"column":8},"end":{"line":38,"column":9}},"9":{"start":{"line":32,"column":12},"end":{"line":37,"column":13}},"10":{"start":{"line":33,"column":30},"end":{"line":33,"column":64}},"11":{"start":{"line":34,"column":16},"end":{"line":34,"column":39}},"12":{"start":{"line":36,"column":16},"end":{"line":36,"column":76}},"13":{"start":{"line":39,"column":8},"end":{"line":39,"column":23}},"14":{"start":{"line":43,"column":8},"end":{"line":52,"column":9}},"15":{"start":{"line":45,"column":16},"end":{"line":45,"column":52}},"16":{"start":{"line":47,"column":16},"end":{"line":47,"column":63}},"17":{"start":{"line":49,"column":16},"end":{"line":49,"column":64}},"18":{"start":{"line":51,"column":16},"end":{"line":51,"column":75}},"19":{"start":{"line":56,"column":25},"end":{"line":73,"column":9}},"20":{"start":{"line":74,"column":8},"end":{"line":74,"column":24}},"21":{"start":{"line":78,"column":8},"end":{"line":104,"column":9}},"22":{"start":{"line":79,"column":29},"end":{"line":79,"column":49}},"23":{"start":{"line":80,"column":22},"end":{"line":80,"column":68}},"24":{"start":{"line":81,"column":26},"end":{"line":81,"column":28}},"25":{"start":{"line":83,"column":12},"end":{"line":98,"column":15}},"26":{"start":{"line":84,"column":16},"end":{"line":84,"column":36}},"27":{"start":{"line":84,"column":29},"end":{"line":84,"column":36}},"28":{"start":{"line":85,"column":30},"end":{"line":85,"column":56}},"29":{"start":{"line":86,"column":29},"end":{"line":86,"column":54}},"30":{"start":{"line":87,"column":32},"end":{"line":87,"column":64}},"31":{"start":{"line":88,"column":32},"end":{"line":88,"column":60}},"32":{"start":{"line":90,"column":16},"end":{"line":97,"column":19}},"33":{"start":{"line":100,"column":12},"end":{"line":100,"column":25}},"34":{"start":{"line":102,"column":12},"end":{"line":102,"column":67}},"35":{"start":{"line":103,"column":12},"end":{"line":103,"column":22}},"36":{"start":{"line":108,"column":8},"end":{"line":139,"column":9}},"37":{"start":{"line":109,"column":29},"end":{"line":113,"column":14}},"38":{"start":{"line":114,"column":22},"end":{"line":114,"column":49}},"39":{"start":{"line":115,"column":26},"end":{"line":115,"column":28}},"40":{"start":{"line":117,"column":12},"end":{"line":133,"column":15}},"41":{"start":{"line":118,"column":16},"end":{"line":118,"column":35}},"42":{"start":{"line":118,"column":28},"end":{"line":118,"column":35}},"43":{"start":{"line":119,"column":30},"end":{"line":119,"column":60}},"44":{"start":{"line":120,"column":29},"end":{"line":120,"column":57}},"45":{"start":{"line":121,"column":32},"end":{"line":121,"column":98}},"46":{"start":{"line":123,"column":16},"end":{"line":132,"column":17}},"47":{"start":{"line":124,"column":20},"end":{"line":131,"column":23}},"48":{"start":{"line":135,"column":12},"end":{"line":135,"column":25}},"49":{"start":{"line":137,"column":12},"end":{"line":137,"column":68}},"50":{"start":{"line":138,"column":12},"end":{"line":138,"column":22}},"51":{"start":{"line":143,"column":25},"end":{"line":143,"column":26}},"52":{"start":{"line":144,"column":27},"end":{"line":144,"column":28}},"53":{"start":{"line":146,"column":8},"end":{"line":161,"column":9}},"54":{"start":{"line":147,"column":12},"end":{"line":160,"column":13}},"55":{"start":{"line":148,"column":31},"end":{"line":148,"column":72}},"56":{"start":{"line":149,"column":16},"end":{"line":152,"column":17}},"57":{"start":{"line":150,"column":20},"end":{"line":150,"column":35}},"58":{"start":{"line":151,"column":20},"end":{"line":151,"column":29}},"59":{"start":{"line":154,"column":29},"end":{"line":154,"column":47}},"60":{"start":{"line":155,"column":16},"end":{"line":155,"column":56}},"61":{"start":{"line":156,"column":16},"end":{"line":156,"column":34}},"62":{"start":{"line":157,"column":16},"end":{"line":157,"column":29}},"63":{"start":{"line":159,"column":16},"end":{"line":159,"column":75}},"64":{"start":{"line":163,"column":8},"end":{"line":163,"column":95}},"65":{"start":{"line":164,"column":8},"end":{"line":164,"column":44}},"66":{"start":{"line":168,"column":0},"end":{"line":168,"column":35}}},"fnMap":{"0":{"name":"(anonymous_0)","decl":{"start":{"line":8,"column":4},"end":{"line":8,"column":5}},"loc":{"start":{"line":8,"column":18},"end":{"line":26,"column":5}},"line":8},"1":{"name":"(anonymous_1)","decl":{"start":{"line":28,"column":4},"end":{"line":28,"column":5}},"loc":{"start":{"line":28,"column":21},"end":{"line":40,"column":5}},"line":28},"2":{"name":"(anonymous_2)","decl":{"start":{"line":42,"column":4},"end":{"line":42,"column":5}},"loc":{"start":{"line":42,"column":40},"end":{"line":53,"column":5}},"line":42},"3":{"name":"(anonymous_3)","decl":{"start":{"line":55,"column":4},"end":{"line":55,"column":5}},"loc":{"start":{"line":55,"column":34},"end":{"line":75,"column":5}},"line":55},"4":{"name":"(anonymous_4)","decl":{"start":{"line":77,"column":4},"end":{"line":77,"column":5}},"loc":{"start":{"line":77,"column":38},"end":{"line":105,"column":5}},"line":77},"5":{"name":"(anonymous_5)","decl":{"start":{"line":83,"column":27},"end":{"line":83,"column":28}},"loc":{"start":{"line":83,"column":38},"end":{"line":98,"column":13}},"line":83},"6":{"name":"(anonymous_6)","decl":{"start":{"line":107,"column":4},"end":{"line":107,"column":5}},"loc":{"start":{"line":107,"column":39},"end":{"line":140,"column":5}},"line":107},"7":{"name":"(anonymous_7)","decl":{"start":{"line":117,"column":30},"end":{"line":117,"column":31}},"loc":{"start":{"line":117,"column":41},"end":{"line":133,"column":13}},"line":117},"8":{"name":"(anonymous_8)","decl":{"start":{"line":142,"column":4},"end":{"line":142,"column":5}},"loc":{"start":{"line":142,"column":30},"end":{"line":165,"column":5}},"line":142}},"branchMap":{"0":{"loc":{"start":{"line":43,"column":8},"end":{"line":52,"column":9}},"type":"switch","locations":[{"start":{"line":44,"column":12},"end":{"line":45,"column":52}},{"start":{"line":46,"column":12},"end":{"line":47,"column":63}},{"start":{"line":48,"column":12},"end":{"line":49,"column":64}},{"start":{"line":50,"column":12},"end":{"line":51,"column":75}}],"line":43},"1":{"loc":{"start":{"line":84,"column":16},"end":{"line":84,"column":36}},"type":"if","locations":[{"start":{"line":84,"column":16},"end":{"line":84,"column":36}},{"start":{},"end":{}}],"line":84},"2":{"loc":{"start":{"line":118,"column":16},"end":{"line":118,"column":35}},"type":"if","locations":[{"start":{"line":118,"column":16},"end":{"line":118,"column":35}},{"start":{},"end":{}}],"line":118},"3":{"loc":{"start":{"line":121,"column":32},"end":{"line":121,"column":98}},"type":"cond-expr","locations":[{"start":{"line":121,"column":59},"end":{"line":121,"column":63}},{"start":{"line":121,"column":66},"end":{"line":121,"column":98}}],"line":121},"4":{"loc":{"start":{"line":123,"column":16},"end":{"line":132,"column":17}},"type":"if","locations":[{"start":{"line":123,"column":16},"end":{"line":132,"column":17}},{"start":{},"end":{}}],"line":123},"5":{"loc":{"start":{"line":123,"column":20},"end":{"line":123,"column":33}},"type":"binary-expr","locations":[{"start":{"line":123,"column":20},"end":{"line":123,"column":25}},{"start":{"line":123,"column":29},"end":{"line":123,"column":33}}],"line":123},"6":{"loc":{"start":{"line":149,"column":16},"end":{"line":152,"column":17}},"type":"if","locations":[{"start":{"line":149,"column":16},"end":{"line":152,"column":17}},{"start":{},"end":{}}],"line":149}},"s":{"0":1,"1":1,"2":1,"3":1,"4":1,"5":1,"6":0,"7":0,"8":0,"9":0,"10":0,"11":0,"12":0,"13":0,"14":0,"15":0,"16":0,"17":0,"18":0,"19":0,"20":0,"21":0,"22":0,"23":0,"24":0,"25":0,"26":0,"27":0,"28":0,"29":0,"30":0,"31":0,"32":0,"33":0,"34":0,"35":0,"36":0,"37":0,"38":0,"39":0,"40":0,"41":0,"42":0,"43":0,"44":0,"45":0,"46":0,"47":0,"48":0,"49":0,"50":0,"51":0,"52":0,"53":0,"54":0,"55":0,"56":0,"57":0,"58":0,"59":0,"60":0,"61":0,"62":0,"63":0,"64":0,"65":0,"66":1},"f":{"0":1,"1":0,"2":0,"3":0,"4":0,"5":0,"6":0,"7":0,"8":0},"b":{"0":[0,0,0,0],"1":[0,0],"2":[0,0],"3":[0,0],"4":[0,0],"5":[0,0],"6":[0,0]},"_coverageSchema":"1a1c01bbd47fc00a2c39e90264f33305004495a9","hash":"374b89605277d24b08bf67664f26af441d67b274"}
,"/Users/chenyousheng/work/workspace/node/StockAnalysis/src/crawler/stockDataCrawler.js": {"path":"/Users/chenyousheng/work/workspace/node/StockAnalysis/src/crawler/stockDataCrawler.js","statementMap":{"0":{"start":{"line":6,"column":14},"end":{"line":6,"column":30}},"1":{"start":{"line":7,"column":16},"end":{"line":7,"column":34}},"2":{"start":{"line":8,"column":15},"end":{"line":8,"column":41}},"3":{"start":{"line":12,"column":8},"end":{"line":26,"column":10}},"4":{"start":{"line":28,"column":8},"end":{"line":28,"column":31}},"5":{"start":{"line":29,"column":8},"end":{"line":29,"column":42}},"6":{"start":{"line":36,"column":8},"end":{"line":62,"column":9}},"7":{"start":{"line":37,"column":29},"end":{"line":37,"column":56}},"8":{"start":{"line":38,"column":27},"end":{"line":38,"column":54}},"9":{"start":{"line":39,"column":12},"end":{"line":39,"column":38}},"10":{"start":{"line":39,"column":24},"end":{"line":39,"column":38}},"11":{"start":{"line":42,"column":12},"end":{"line":54,"column":13}},"12":{"start":{"line":44,"column":20},"end":{"line":44,"column":60}},"13":{"start":{"line":45,"column":20},"end":{"line":45,"column":26}},"14":{"start":{"line":47,"column":20},"end":{"line":47,"column":59}},"15":{"start":{"line":48,"column":20},"end":{"line":48,"column":26}},"16":{"start":{"line":50,"column":20},"end":{"line":50,"column":64}},"17":{"start":{"line":51,"column":20},"end":{"line":51,"column":26}},"18":{"start":{"line":53,"column":20},"end":{"line":53,"column":60}},"19":{"start":{"line":56,"column":12},"end":{"line":56,"column":42}},"20":{"start":{"line":57,"column":12},"end":{"line":57,"column":24}},"21":{"start":{"line":60,"column":12},"end":{"line":60,"column":80}},"22":{"start":{"line":61,"column":12},"end":{"line":61,"column":24}},"23":{"start":{"line":69,"column":8},"end":{"line":101,"column":9}},"24":{"start":{"line":70,"column":29},"end":{"line":78,"column":13}},"25":{"start":{"line":80,"column":27},"end":{"line":80,"column":56}},"26":{"start":{"line":81,"column":25},"end":{"line":81,"column":36}},"27":{"start":{"line":82,"column":26},"end":{"line":82,"column":52}},"28":{"start":{"line":84,"column":12},"end":{"line":96,"column":14}},"29":{"start":{"line":99,"column":12},"end":{"line":99,"column":74}},"30":{"start":{"line":100,"column":12},"end":{"line":100,"column":72}},"31":{"start":{"line":108,"column":8},"end":{"line":148,"column":9}},"32":{"start":{"line":110,"column":31},"end":{"line":110,"column":63}},"33":{"start":{"line":112,"column":29},"end":{"line":121,"column":13}},"34":{"start":{"line":123,"column":25},"end":{"line":123,"column":38}},"35":{"start":{"line":124,"column":26},"end":{"line":124,"column":50}},"36":{"start":{"line":126,"column":12},"end":{"line":128,"column":13}},"37":{"start":{"line":127,"column":16},"end":{"line":127,"column":59}},"38":{"start":{"line":130,"column":26},"end":{"line":130,"column":45}},"39":{"start":{"line":132,"column":12},"end":{"line":143,"column":14}},"40":{"start":{"line":146,"column":12},"end":{"line":146,"column":73}},"41":{"start":{"line":147,"column":12},"end":{"line":147,"column":71}},"42":{"start":{"line":155,"column":8},"end":{"line":182,"column":9}},"43":{"start":{"line":156,"column":29},"end":{"line":162,"column":14}},"44":{"start":{"line":164,"column":25},"end":{"line":164,"column":43}},"45":{"start":{"line":166,"column":12},"end":{"line":177,"column":14}},"46":{"start":{"line":180,"column":12},"end":{"line":180,"column":71}},"47":{"start":{"line":181,"column":12},"end":{"line":181,"column":77}},"48":{"start":{"line":189,"column":8},"end":{"line":229,"column":9}},"49":{"start":{"line":190,"column":29},"end":{"line":190,"column":70}},"50":{"start":{"line":191,"column":27},"end":{"line":191,"column":54}},"51":{"start":{"line":192,"column":12},"end":{"line":192,"column":38}},"52":{"start":{"line":192,"column":24},"end":{"line":192,"column":38}},"53":{"start":{"line":195,"column":28},"end":{"line":195,"column":57}},"54":{"start":{"line":196,"column":30},"end":{"line":196,"column":64}},"55":{"start":{"line":198,"column":29},"end":{"line":208,"column":13}},"56":{"start":{"line":210,"column":27},"end":{"line":210,"column":56}},"57":{"start":{"line":211,"column":31},"end":{"line":211,"column":47}},"58":{"start":{"line":212,"column":27},"end":{"line":212,"column":53}},"59":{"start":{"line":214,"column":35},"end":{"line":221,"column":51}},"60":{"start":{"line":214,"column":73},"end":{"line":221,"column":13}},"61":{"start":{"line":221,"column":31},"end":{"line":221,"column":50}},"62":{"start":{"line":223,"column":12},"end":{"line":223,"column":68}},"63":{"start":{"line":224,"column":12},"end":{"line":224,"column":34}},"64":{"start":{"line":227,"column":12},"end":{"line":227,"column":80}},"65":{"start":{"line":228,"column":12},"end":{"line":228,"column":24}},"66":{"start":{"line":236,"column":8},"end":{"line":252,"column":9}},"67":{"start":{"line":237,"column":35},"end":{"line":237,"column":79}},"68":{"start":{"line":239,"column":12},"end":{"line":247,"column":14}},"69":{"start":{"line":250,"column":12},"end":{"line":250,"column":91}},"70":{"start":{"line":251,"column":12},"end":{"line":251,"column":24}},"71":{"start":{"line":259,"column":8},"end":{"line":259,"column":46}},"72":{"start":{"line":259,"column":34},"end":{"line":259,"column":46}},"73":{"start":{"line":261,"column":23},"end":{"line":261,"column":42}},"74":{"start":{"line":262,"column":20},"end":{"line":262,"column":69}},"75":{"start":{"line":262,"column":49},"end":{"line":262,"column":65}},"76":{"start":{"line":263,"column":8},"end":{"line":263,"column":41}},"77":{"start":{"line":270,"column":8},"end":{"line":270,"column":46}},"78":{"start":{"line":270,"column":34},"end":{"line":270,"column":46}},"79":{"start":{"line":272,"column":27},"end":{"line":272,"column":43}},"80":{"start":{"line":273,"column":18},"end":{"line":273,"column":31}},"81":{"start":{"line":275,"column":8},"end":{"line":277,"column":9}},"82":{"start":{"line":275,"column":21},"end":{"line":275,"column":22}},"83":{"start":{"line":276,"column":12},"end":{"line":276,"column":74}},"84":{"start":{"line":279,"column":8},"end":{"line":279,"column":30}},"85":{"start":{"line":286,"column":8},"end":{"line":286,"column":50}},"86":{"start":{"line":286,"column":38},"end":{"line":286,"column":50}},"87":{"start":{"line":288,"column":20},"end":{"line":288,"column":21}},"88":{"start":{"line":289,"column":21},"end":{"line":289,"column":22}},"89":{"start":{"line":291,"column":8},"end":{"line":298,"column":9}},"90":{"start":{"line":291,"column":21},"end":{"line":291,"column":22}},"91":{"start":{"line":292,"column":27},"end":{"line":292,"column":60}},"92":{"start":{"line":293,"column":12},"end":{"line":297,"column":13}},"93":{"start":{"line":294,"column":16},"end":{"line":294,"column":32}},"94":{"start":{"line":296,"column":16},"end":{"line":296,"column":33}},"95":{"start":{"line":300,"column":24},"end":{"line":300,"column":38}},"96":{"start":{"line":301,"column":24},"end":{"line":301,"column":39}},"97":{"start":{"line":302,"column":19},"end":{"line":302,"column":36}},"98":{"start":{"line":303,"column":20},"end":{"line":303,"column":42}},"99":{"start":{"line":305,"column":8},"end":{"line":305,"column":30}},"100":{"start":{"line":312,"column":22},"end":{"line":312,"column":54}},"101":{"start":{"line":313,"column":22},"end":{"line":313,"column":54}},"102":{"start":{"line":315,"column":8},"end":{"line":315,"column":42}},"103":{"start":{"line":315,"column":30},"end":{"line":315,"column":42}},"104":{"start":{"line":317,"column":25},"end":{"line":317,"column":74}},"105":{"start":{"line":319,"column":8},"end":{"line":323,"column":10}},"106":{"start":{"line":330,"column":8},"end":{"line":330,"column":46}},"107":{"start":{"line":330,"column":34},"end":{"line":330,"column":46}},"108":{"start":{"line":332,"column":20},"end":{"line":332,"column":63}},"109":{"start":{"line":333,"column":23},"end":{"line":333,"column":42}},"110":{"start":{"line":335,"column":25},"end":{"line":337,"column":22}},"111":{"start":{"line":336,"column":12},"end":{"line":336,"column":55}},"112":{"start":{"line":339,"column":34},"end":{"line":339,"column":53}},"113":{"start":{"line":341,"column":8},"end":{"line":345,"column":10}},"114":{"start":{"line":352,"column":24},"end":{"line":352,"column":26}},"115":{"start":{"line":354,"column":8},"end":{"line":370,"column":9}},"116":{"start":{"line":355,"column":12},"end":{"line":369,"column":13}},"117":{"start":{"line":356,"column":29},"end":{"line":356,"column":72}},"118":{"start":{"line":357,"column":16},"end":{"line":357,"column":35}},"119":{"start":{"line":360,"column":16},"end":{"line":360,"column":71}},"120":{"start":{"line":360,"column":45},"end":{"line":360,"column":69}},"121":{"start":{"line":363,"column":16},"end":{"line":363,"column":73}},"122":{"start":{"line":364,"column":16},"end":{"line":368,"column":19}},"123":{"start":{"line":372,"column":8},"end":{"line":372,"column":23}},"124":{"start":{"line":380,"column":8},"end":{"line":380,"column":44}},"125":{"start":{"line":385,"column":8},"end":{"line":385,"column":31}},"126":{"start":{"line":389,"column":8},"end":{"line":389,"column":46}},"127":{"start":{"line":389,"column":34},"end":{"line":389,"column":46}},"128":{"start":{"line":391,"column":25},"end":{"line":391,"column":27}},"129":{"start":{"line":392,"column":27},"end":{"line":392,"column":43}},"130":{"start":{"line":393,"column":18},"end":{"line":393,"column":31}},"131":{"start":{"line":394,"column":8},"end":{"line":394,"column":27}},"132":{"start":{"line":396,"column":8},"end":{"line":399,"column":9}},"133":{"start":{"line":396,"column":21},"end":{"line":396,"column":22}},"134":{"start":{"line":397,"column":12},"end":{"line":397,"column":74}},"135":{"start":{"line":398,"column":12},"end":{"line":398,"column":31}},"136":{"start":{"line":401,"column":8},"end":{"line":401,"column":24}},"137":{"start":{"line":405,"column":24},"end":{"line":412,"column":9}},"138":{"start":{"line":414,"column":8},"end":{"line":414,"column":60}},"139":{"start":{"line":418,"column":23},"end":{"line":418,"column":42}},"140":{"start":{"line":419,"column":8},"end":{"line":421,"column":9}},"141":{"start":{"line":420,"column":12},"end":{"line":420,"column":31}},"142":{"start":{"line":422,"column":8},"end":{"line":422,"column":20}},"143":{"start":{"line":426,"column":8},"end":{"line":430,"column":11}},"144":{"start":{"line":434,"column":8},"end":{"line":434,"column":27}},"145":{"start":{"line":438,"column":0},"end":{"line":438,"column":40}}},"fnMap":{"0":{"name":"(anonymous_0)","decl":{"start":{"line":11,"column":4},"end":{"line":11,"column":5}},"loc":{"start":{"line":11,"column":18},"end":{"line":30,"column":5}},"line":11},"1":{"name":"(anonymous_1)","decl":{"start":{"line":35,"column":4},"end":{"line":35,"column":5}},"loc":{"start":{"line":35,"column":53},"end":{"line":63,"column":5}},"line":35},"2":{"name":"(anonymous_2)","decl":{"start":{"line":68,"column":4},"end":{"line":68,"column":5}},"loc":{"start":{"line":68,"column":32},"end":{"line":102,"column":5}},"line":68},"3":{"name":"(anonymous_3)","decl":{"start":{"line":107,"column":4},"end":{"line":107,"column":5}},"loc":{"start":{"line":107,"column":31},"end":{"line":149,"column":5}},"line":107},"4":{"name":"(anonymous_4)","decl":{"start":{"line":154,"column":4},"end":{"line":154,"column":5}},"loc":{"start":{"line":154,"column":36},"end":{"line":183,"column":5}},"line":154},"5":{"name":"(anonymous_5)","decl":{"start":{"line":188,"column":4},"end":{"line":188,"column":5}},"loc":{"start":{"line":188,"column":68},"end":{"line":230,"column":5}},"line":188},"6":{"name":"(anonymous_6)","decl":{"start":{"line":214,"column":50},"end":{"line":214,"column":51}},"loc":{"start":{"line":214,"column":73},"end":{"line":221,"column":13}},"line":214},"7":{"name":"(anonymous_7)","decl":{"start":{"line":221,"column":23},"end":{"line":221,"column":24}},"loc":{"start":{"line":221,"column":31},"end":{"line":221,"column":50}},"line":221},"8":{"name":"(anonymous_8)","decl":{"start":{"line":235,"column":4},"end":{"line":235,"column":5}},"loc":{"start":{"line":235,"column":56},"end":{"line":253,"column":5}},"line":235},"9":{"name":"(anonymous_9)","decl":{"start":{"line":258,"column":4},"end":{"line":258,"column":5}},"loc":{"start":{"line":258,"column":31},"end":{"line":264,"column":5}},"line":258},"10":{"name":"(anonymous_10)","decl":{"start":{"line":262,"column":34},"end":{"line":262,"column":35}},"loc":{"start":{"line":262,"column":49},"end":{"line":262,"column":65}},"line":262},"11":{"name":"(anonymous_11)","decl":{"start":{"line":269,"column":4},"end":{"line":269,"column":5}},"loc":{"start":{"line":269,"column":31},"end":{"line":280,"column":5}},"line":269},"12":{"name":"(anonymous_12)","decl":{"start":{"line":285,"column":4},"end":{"line":285,"column":5}},"loc":{"start":{"line":285,"column":36},"end":{"line":306,"column":5}},"line":285},"13":{"name":"(anonymous_13)","decl":{"start":{"line":311,"column":4},"end":{"line":311,"column":5}},"loc":{"start":{"line":311,"column":24},"end":{"line":324,"column":5}},"line":311},"14":{"name":"(anonymous_14)","decl":{"start":{"line":329,"column":4},"end":{"line":329,"column":5}},"loc":{"start":{"line":329,"column":59},"end":{"line":346,"column":5}},"line":329},"15":{"name":"(anonymous_15)","decl":{"start":{"line":335,"column":39},"end":{"line":335,"column":40}},"loc":{"start":{"line":335,"column":54},"end":{"line":337,"column":9}},"line":335},"16":{"name":"(anonymous_16)","decl":{"start":{"line":351,"column":4},"end":{"line":351,"column":5}},"loc":{"start":{"line":351,"column":55},"end":{"line":373,"column":5}},"line":351},"17":{"name":"(anonymous_17)","decl":{"start":{"line":360,"column":34},"end":{"line":360,"column":35}},"loc":{"start":{"line":360,"column":45},"end":{"line":360,"column":69}},"line":360},"18":{"name":"(anonymous_18)","decl":{"start":{"line":378,"column":4},"end":{"line":378,"column":5}},"loc":{"start":{"line":378,"column":32},"end":{"line":381,"column":5}},"line":378},"19":{"name":"(anonymous_19)","decl":{"start":{"line":383,"column":4},"end":{"line":383,"column":5}},"loc":{"start":{"line":383,"column":36},"end":{"line":386,"column":5}},"line":383},"20":{"name":"(anonymous_20)","decl":{"start":{"line":388,"column":4},"end":{"line":388,"column":5}},"loc":{"start":{"line":388,"column":36},"end":{"line":402,"column":5}},"line":388},"21":{"name":"(anonymous_21)","decl":{"start":{"line":404,"column":4},"end":{"line":404,"column":5}},"loc":{"start":{"line":404,"column":34},"end":{"line":415,"column":5}},"line":404},"22":{"name":"(anonymous_22)","decl":{"start":{"line":417,"column":4},"end":{"line":417,"column":5}},"loc":{"start":{"line":417,"column":22},"end":{"line":423,"column":5}},"line":417},"23":{"name":"(anonymous_23)","decl":{"start":{"line":425,"column":4},"end":{"line":425,"column":5}},"loc":{"start":{"line":425,"column":40},"end":{"line":431,"column":5}},"line":425},"24":{"name":"(anonymous_24)","decl":{"start":{"line":433,"column":4},"end":{"line":433,"column":5}},"loc":{"start":{"line":433,"column":17},"end":{"line":435,"column":5}},"line":433}},"branchMap":{"0":{"loc":{"start":{"line":35,"column":35},"end":{"line":35,"column":51}},"type":"default-arg","locations":[{"start":{"line":35,"column":44},"end":{"line":35,"column":51}}],"line":35},"1":{"loc":{"start":{"line":39,"column":12},"end":{"line":39,"column":38}},"type":"if","locations":[{"start":{"line":39,"column":12},"end":{"line":39,"column":38}},{"start":{},"end":{}}],"line":39},"2":{"loc":{"start":{"line":42,"column":12},"end":{"line":54,"column":13}},"type":"switch","locations":[{"start":{"line":43,"column":16},"end":{"line":45,"column":26}},{"start":{"line":46,"column":16},"end":{"line":48,"column":26}},{"start":{"line":49,"column":16},"end":{"line":51,"column":26}},{"start":{"line":52,"column":16},"end":{"line":53,"column":60}}],"line":42},"3":{"loc":{"start":{"line":126,"column":12},"end":{"line":128,"column":13}},"type":"if","locations":[{"start":{"line":126,"column":12},"end":{"line":128,"column":13}},{"start":{},"end":{}}],"line":126},"4":{"loc":{"start":{"line":188,"column":36},"end":{"line":188,"column":49}},"type":"default-arg","locations":[{"start":{"line":188,"column":45},"end":{"line":188,"column":49}}],"line":188},"5":{"loc":{"start":{"line":188,"column":51},"end":{"line":188,"column":66}},"type":"default-arg","locations":[{"start":{"line":188,"column":62},"end":{"line":188,"column":66}}],"line":188},"6":{"loc":{"start":{"line":192,"column":12},"end":{"line":192,"column":38}},"type":"if","locations":[{"start":{"line":192,"column":12},"end":{"line":192,"column":38}},{"start":{},"end":{}}],"line":192},"7":{"loc":{"start":{"line":235,"column":41},"end":{"line":235,"column":54}},"type":"default-arg","locations":[{"start":{"line":235,"column":50},"end":{"line":235,"column":54}}],"line":235},"8":{"loc":{"start":{"line":259,"column":8},"end":{"line":259,"column":46}},"type":"if","locations":[{"start":{"line":259,"column":8},"end":{"line":259,"column":46}},{"start":{},"end":{}}],"line":259},"9":{"loc":{"start":{"line":270,"column":8},"end":{"line":270,"column":46}},"type":"if","locations":[{"start":{"line":270,"column":8},"end":{"line":270,"column":46}},{"start":{},"end":{}}],"line":270},"10":{"loc":{"start":{"line":285,"column":23},"end":{"line":285,"column":34}},"type":"default-arg","locations":[{"start":{"line":285,"column":32},"end":{"line":285,"column":34}}],"line":285},"11":{"loc":{"start":{"line":286,"column":8},"end":{"line":286,"column":50}},"type":"if","locations":[{"start":{"line":286,"column":8},"end":{"line":286,"column":50}},{"start":{},"end":{}}],"line":286},"12":{"loc":{"start":{"line":293,"column":12},"end":{"line":297,"column":13}},"type":"if","locations":[{"start":{"line":293,"column":12},"end":{"line":297,"column":13}},{"start":{"line":295,"column":19},"end":{"line":297,"column":13}}],"line":293},"13":{"loc":{"start":{"line":315,"column":8},"end":{"line":315,"column":42}},"type":"if","locations":[{"start":{"line":315,"column":8},"end":{"line":315,"column":42}},{"start":{},"end":{}}],"line":315},"14":{"loc":{"start":{"line":315,"column":12},"end":{"line":315,"column":28}},"type":"binary-expr","locations":[{"start":{"line":315,"column":12},"end":{"line":315,"column":18}},{"start":{"line":315,"column":22},"end":{"line":315,"column":28}}],"line":315},"15":{"loc":{"start":{"line":329,"column":34},"end":{"line":329,"column":45}},"type":"default-arg","locations":[{"start":{"line":329,"column":43},"end":{"line":329,"column":45}}],"line":329},"16":{"loc":{"start":{"line":329,"column":47},"end":{"line":329,"column":57}},"type":"default-arg","locations":[{"start":{"line":329,"column":56},"end":{"line":329,"column":57}}],"line":329},"17":{"loc":{"start":{"line":330,"column":8},"end":{"line":330,"column":46}},"type":"if","locations":[{"start":{"line":330,"column":8},"end":{"line":330,"column":46}},{"start":{},"end":{}}],"line":330},"18":{"loc":{"start":{"line":351,"column":37},"end":{"line":351,"column":53}},"type":"default-arg","locations":[{"start":{"line":351,"column":46},"end":{"line":351,"column":53}}],"line":351},"19":{"loc":{"start":{"line":389,"column":8},"end":{"line":389,"column":46}},"type":"if","locations":[{"start":{"line":389,"column":8},"end":{"line":389,"column":46}},{"start":{},"end":{}}],"line":389},"20":{"loc":{"start":{"line":414,"column":26},"end":{"line":414,"column":58}},"type":"binary-expr","locations":[{"start":{"line":414,"column":26},"end":{"line":414,"column":41}},{"start":{"line":414,"column":45},"end":{"line":414,"column":58}}],"line":414},"21":{"loc":{"start":{"line":419,"column":8},"end":{"line":421,"column":9}},"type":"if","locations":[{"start":{"line":419,"column":8},"end":{"line":421,"column":9}},{"start":{},"end":{}}],"line":419},"22":{"loc":{"start":{"line":419,"column":12},"end":{"line":419,"column":71}},"type":"binary-expr","locations":[{"start":{"line":419,"column":12},"end":{"line":419,"column":18}},{"start":{"line":419,"column":22},"end":{"line":419,"column":71}}],"line":419},"23":{"loc":{"start":{"line":425,"column":24},"end":{"line":425,"column":38}},"type":"default-arg","locations":[{"start":{"line":425,"column":34},"end":{"line":425,"column":38}}],"line":425},"24":{"loc":{"start":{"line":429,"column":21},"end":{"line":429,"column":49}},"type":"binary-expr","locations":[{"start":{"line":429,"column":21},"end":{"line":429,"column":28}},{"start":{"line":429,"column":32},"end":{"line":429,"column":49}}],"line":429}},"s":{"0":1,"1":1,"2":1,"3":1,"4":1,"5":1,"6":0,"7":0,"8":0,"9":0,"10":0,"11":0,"12":0,"13":0,"14":0,"15":0,"16":0,"17":0,"18":0,"19":0,"20":0,"21":0,"22":0,"23":0,"24":0,"25":0,"26":0,"27":0,"28":0,"29":0,"30":0,"31":0,"32":0,"33":0,"34":0,"35":0,"36":0,"37":0,"38":0,"39":0,"40":0,"41":0,"42":0,"43":0,"44":0,"45":0,"46":0,"47":0,"48":0,"49":0,"50":0,"51":0,"52":0,"53":0,"54":0,"55":0,"56":0,"57":0,"58":0,"59":0,"60":0,"61":0,"62":0,"63":0,"64":0,"65":0,"66":0,"67":0,"68":0,"69":0,"70":0,"71":0,"72":0,"73":0,"74":0,"75":0,"76":0,"77":0,"78":0,"79":0,"80":0,"81":0,"82":0,"83":0,"84":0,"85":0,"86":0,"87":0,"88":0,"89":0,"90":0,"91":0,"92":0,"93":0,"94":0,"95":0,"96":0,"97":0,"98":0,"99":0,"100":0,"101":0,"102":0,"103":0,"104":0,"105":0,"106":0,"107":0,"108":0,"109":0,"110":0,"111":0,"112":0,"113":0,"114":0,"115":0,"116":0,"117":0,"118":0,"119":0,"120":0,"121":0,"122":0,"123":0,"124":0,"125":0,"126":0,"127":0,"128":0,"129":0,"130":0,"131":0,"132":0,"133":0,"134":0,"135":0,"136":0,"137":0,"138":0,"139":0,"140":0,"141":0,"142":0,"143":0,"144":0,"145":1},"f":{"0":1,"1":0,"2":0,"3":0,"4":0,"5":0,"6":0,"7":0,"8":0,"9":0,"10":0,"11":0,"12":0,"13":0,"14":0,"15":0,"16":0,"17":0,"18":0,"19":0,"20":0,"21":0,"22":0,"23":0,"24":0},"b":{"0":[0],"1":[0,0],"2":[0,0,0,0],"3":[0,0],"4":[0],"5":[0],"6":[0,0],"7":[0],"8":[0,0],"9":[0,0],"10":[0],"11":[0,0],"12":[0,0],"13":[0,0],"14":[0,0],"15":[0],"16":[0],"17":[0,0],"18":[0],"19":[0,0],"20":[0,0],"21":[0,0],"22":[0,0],"23":[0],"24":[0,0]},"_coverageSchema":"1a1c01bbd47fc00a2c39e90264f33305004495a9","hash":"9269586237f50f929dfdb2917d6107f3b560fbb6"}
[...]
ine":497,"column":77}},"148":{"start":{"line":498,"column":12},"end":{"line":498,"column":25}},"149":{"start":{"line":500,"column":12},"end":{"line":500,"column":67}},"150":{"start":{"line":502,"column":12},"end":{"line":502,"column":67}},"151":{"start":{"line":507,"column":25},"end":{"line":507,"column":45}},"152":{"start":{"line":508,"column":8},"end":{"line":514,"column":9}},"153":{"start":{"line":509,"column":12},"end":{"line":511,"column":13}},"154":{"start":{"line":510,"column":16},"end":{"line":510,"column":37}},"155":{"start":{"line":512,"column":12},"end":{"line":512,"column":36}},"156":{"start":{"line":513,"column":12},"end":{"line":513,"column":54}},"157":{"start":{"line":518,"column":8},"end":{"line":518,"column":34}},"158":{"start":{"line":518,"column":27},"end":{"line":518,"column":34}},"159":{"start":{"line":520,"column":8},"end":{"line":524,"column":11}},"160":{"start":{"line":521,"column":12},"end":{"line":523,"column":13}},"161":{"start":{"line":522,"column":16},"end":{"line":522,"column":37}},"162":{"start":{"line":526,"column":8},"end":{"line":526,"column":27}},"163":{"start":{"line":527,"column":8},"end":{"line":527,"column":29}},"164":{"start":{"line":528,"column":8},"end":{"line":528,"column":49}},"165":{"start":{"line":532,"column":23},"end":{"line":532,"column":25}},"166":{"start":{"line":533,"column":8},"end":{"line":539,"column":11}},"167":{"start":{"line":534,"column":12},"end":{"line":538,"column":14}},"168":{"start":{"line":540,"column":8},"end":{"line":540,"column":22}},"169":{"start":{"line":544,"column":8},"end":{"line":544,"column":33}},"170":{"start":{"line":545,"column":8},"end":{"line":545,"column":68}},"171":{"start":{"line":549,"column":8},"end":{"line":549,"column":63}},"172":{"start":{"line":549,"column":38},"end":{"line":549,"column":61}},"173":{"start":{"line":553,"column":0},"end":{"line":553,"column":37}}},"fnMap":{"0":{"name":"(anonymous_0)","decl":{"start":{"line":13,"column":4},"end":{"line":13,"column":5}},"loc":{"start":{"line":13,"column":18},"end":{"line":21,"column":5}},"line":13},"1":{"name":"(anonymous_1)","decl":{"start":{"line":26,"column":4},"end":{"line":26,"column":5}},"loc":{"start":{"line":26,"column":17},"end":{"line":48,"column":5}},"line":26},"2":{"name":"(anonymous_2)","decl":{"start":{"line":53,"column":4},"end":{"line":53,"column":5}},"loc":{"start":{"line":53,"column":12},"end":{"line":68,"column":5}},"line":53},"3":{"name":"(anonymous_3)","decl":{"start":{"line":73,"column":4},"end":{"line":73,"column":5}},"loc":{"start":{"line":73,"column":23},"end":{"line":91,"column":5}},"line":73},"4":{"name":"(anonymous_4)","decl":{"start":{"line":75,"column":75},"end":{"line":75,"column":76}},"loc":{"start":{"line":75,"column":87},"end":{"line":78,"column":9}},"line":75},"5":{"name":"(anonymous_5)","decl":{"start":{"line":81,"column":74},"end":{"line":81,"column":75}},"loc":{"start":{"line":81,"column":86},"end":{"line":84,"column":9}},"line":81},"6":{"name":"(anonymous_6)","decl":{"start":{"line":87,"column":77},"end":{"line":87,"column":78}},"loc":{"start":{"line":87,"column":89},"end":{"line":90,"column":9}},"line":87},"7":{"name":"(anonymous_7)","decl":{"start":{"line":96,"column":4},"end":{"line":96,"column":5}},"loc":{"start":{"line":96,"column":25},"end":{"line":114,"column":5}},"line":96},"8":{"name":"(anonymous_8)","decl":{"start":{"line":98,"column":64},"end":{"line":98,"column":65}},"loc":{"start":{"line":98,"column":76},"end":{"line":101,"column":9}},"line":98},"9":{"name":"(anonymous_9)","decl":{"start":{"line":104,"column":66},"end":{"line":104,"column":67}},"loc":{"start":{"line":104,"column":78},"end":{"line":107,"column":9}},"line":104},"10":{"name":"(anonymous_10)","decl":{"start":{"line":110,"column":72},"end":{"line":110,"column":73}},"loc":{"start":{"line":110,"column":84},"end":{"line":113,"column":9}},"line":110},"11":{"name":"(anonymous_11)","decl":{"start":{"line":119,"column":4},"end":{"line":119,"column":5}},"loc":{"start":{"line":119,"column":27},"end":{"line":129,"column":5}},"line":119},"12":{"name":"(anonymous_12)","decl":{"start":{"line":121,"column":68},"end":{"line":121,"column":69}},"loc":{"start":{"line":121,"column":80},"end":{"line":123,"column":9}},"line":121},"13":{"name":"(anonymous_13)","decl":{"start":{"line":126,"column":61},"end":{"line":126,"column":62}},"loc":{"start":{"line":126,"column":73},"end":{"line":128,"column":9}},"line":126},"14":{"name":"(anonymous_14)","decl":{"start":{"line":134,"column":4},"end":{"line":134,"column":5}},"loc":{"start":{"line":134,"column":28},"end":{"line":145,"column":5}},"line":134},"15":{"name":"(anonymous_15)","decl":{"start":{"line":136,"column":51},"end":{"line":136,"column":52}},"loc":{"start":{"line":136,"column":63},"end":{"line":139,"column":9}},"line":136},"16":{"name":"(anonymous_16)","decl":{"start":{"line":142,"column":52},"end":{"line":142,"column":53}},"loc":{"start":{"line":142,"column":64},"end":{"line":144,"column":9}},"line":142},"17":{"name":"(anonymous_17)","decl":{"start":{"line":150,"column":4},"end":{"line":150,"column":5}},"loc":{"start":{"line":150,"column":33},"end":{"line":182,"column":5}},"line":150},"18":{"name":"(anonymous_18)","decl":{"start":{"line":187,"column":4},"end":{"line":187,"column":5}},"loc":{"start":{"line":187,"column":34},"end":{"line":224,"column":5}},"line":187},"19":{"name":"(anonymous_19)","decl":{"start":{"line":229,"column":4},"end":{"line":229,"column":5}},"loc":{"start":{"line":229,"column":34},"end":{"line":262,"column":5}},"line":229},"20":{"name":"(anonymous_20)","decl":{"start":{"line":267,"column":4},"end":{"line":267,"column":5}},"loc":{"start":{"line":267,"column":33},"end":{"line":284,"column":5}},"line":267},"21":{"name":"(anonymous_21)","decl":{"start":{"line":289,"column":4},"end":{"line":289,"column":5}},"loc":{"start":{"line":289,"column":24},"end":{"line":298,"column":5}},"line":289},"22":{"name":"(anonymous_22)","decl":{"start":{"line":303,"column":4},"end":{"line":303,"column":5}},"loc":{"start":{"line":303,"column":33},"end":{"line":311,"column":5}},"line":303},"23":{"name":"(anonymous_23)","decl":{"start":{"line":316,"column":4},"end":{"line":316,"column":5}},"loc":{"start":{"line":316,"column":53},"end":{"line":324,"column":5}},"line":316},"24":{"name":"(anonymous_24)","decl":{"start":{"line":329,"column":4},"end":{"line":329,"column":5}},"loc":{"start":{"line":329,"column":31},"end":{"line":349,"column":5}},"line":329},"25":{"name":"(anonymous_25)","decl":{"start":{"line":354,"column":4},"end":{"line":354,"column":5}},"loc":{"start":{"line":354,"column":36},"end":{"line":364,"column":5}},"line":354},"26":{"name":"(anonymous_26)","decl":{"start":{"line":366,"column":4},"end":{"line":366,"column":5}},"loc":{"start":{"line":366,"column":40},"end":{"line":377,"column":5}},"line":366},"27":{"name":"(anonymous_27)","decl":{"start":{"line":379,"column":4},"end":{"line":379,"column":5}},"loc":{"start":{"line":379,"column":37},"end":{"line":393,"column":5}},"line":379},"28":{"name":"(anonymous_28)","decl":{"start":{"line":395,"column":4},"end":{"line":395,"column":5}},"loc":{"start":{"line":395,"column":42},"end":{"line":406,"column":5}},"line":395},"29":{"name":"(anonymous_29)","decl":{"start":{"line":411,"column":4},"end":{"line":411,"column":5}},"loc":{"start":{"line":411,"column":36},"end":{"line":414,"column":5}},"line":411},"30":{"name":"(anonymous_30)","decl":{"start":{"line":412,"column":42},"end":{"line":412,"column":43}},"loc":{"start":{"line":412,"column":47},"end":{"line":412,"column":57}},"line":412},"31":{"name":"(anonymous_31)","decl":{"start":{"line":413,"column":53},"end":{"line":413,"column":54}},"loc":{"start":{"line":413,"column":58},"end":{"line":413,"column":66}},"line":413},"32":{"name":"(anonymous_32)","decl":{"start":{"line":416,"column":4},"end":{"line":416,"column":5}},"loc":{"start":{"line":416,"column":38},"end":{"line":420,"column":5}},"line":416},"33":{"name":"(anonymous_33)","decl":{"start":{"line":417,"column":46},"end":{"line":417,"column":47}},"loc":{"start":{"line":418,"column":12},"end":{"line":418,"column":80}},"line":418},"34":{"name":"(anonymous_34)","decl":{"start":{"line":422,"column":4},"end":{"line":422,"column":5}},"loc":{"start":{"line":422,"column":26},"end":{"line":425,"column":5}},"line":422},"35":{"name":"(anonymous_35)","decl":{"start":{"line":424,"column":47},"end":{"line":424,"column":48}},"loc":{"start":{"line":424,"column":52},"end":{"line":424,"column":60}},"line":424},"36":{"name":"(anonymous_36)","decl":{"start":{"line":427,"column":4},"end":{"line":427,"column":5}},"loc":{"start":{"line":427,"column":35},"end":{"line":434,"column":5}},"line":427},"37":{"name":"(anonymous_37)","decl":{"start":{"line":436,"column":4},"end":{"line":436,"column":5}},"loc":{"start":{"line":436,"column":29},"end":{"line":440,"column":5}},"line":436},"38":{"name":"(anonymous_38)","decl":{"start":{"line":442,"column":4},"end":{"line":442,"column":5}},"loc":{"start":{"line":442,"column":33},"end":{"line":444,"column":5}},"line":442},"39":{"name":"(anonymous_39)","decl":{"start":{"line":446,"column":4},"end":{"line":446,"column":5}},"loc":{"start":{"line":446,"column":25},"end":{"line":448,"column":5}},"line":446},"40":{"name":"(anonymous_40)","decl":{"start":{"line":450,"column":4},"end":{"line":450,"column":5}},"loc":{"start":{"line":450,"column":21},"end":{"line":452,"column":5}},"line":450},"41":{"name":"(anonymous_41)","decl":{"start":{"line":454,"column":4},"end":{"line":454,"column":5}},"loc":{"start":{"line":454,"column":34},"end":{"line":460,"column":5}},"line":454},"42":{"name":"(anonymous_42)","decl":{"start":{"line":462,"column":4},"end":{"line":462,"column":5}},"loc":{"start":{"line":462,"column":36},"end":{"line":468,"column":5}},"line":462},"43":{"name":"(anonymous_43)","decl":{"start":{"line":470,"column":4},"end":{"line":470,"column":5}},"loc":{"start":{"line":470,"column":34},"end":{"line":476,"column":5}},"line":470},"44":{"name":"(anonymous_44)","decl":{"start":{"line":478,"column":4},"end":{"line":478,"column":5}},"loc":{"start":{"line":478,"column":34},"end":{"line":480,"column":5}},"line":478},"45":{"name":"(anonymous_45)","decl":{"start":{"line":485,"column":4},"end":{"line":485,"column":5}},"loc":{"start":{"line":485,"column":37},"end":{"line":504,"column":5}},"line":485},"46":{"name":"(anonymous_46)","decl":{"start":{"line":506,"column":4},"end":{"line":506,"column":5}},"loc":{"start":{"line":506,"column":21},"end":{"line":515,"column":5}},"line":506},"47":{"name":"(anonymous_47)","decl":{"start":{"line":517,"column":4},"end":{"line":517,"column":5}},"loc":{"start":{"line":517,"column":11},"end":{"line":529,"column":5}},"line":517},"48":{"name":"(anonymous_48)","decl":{"start":{"line":520,"column":27},"end":{"line":520,"column":28}},"loc":{"start":{"line":520,"column":47},"end":{"line":524,"column":9}},"line":520},"49":{"name":"(anonymous_49)","decl":{"start":{"line":531,"column":4},"end":{"line":531,"column":5}},"loc":{"start":{"line":531,"column":20},"end":{"line":541,"column":5}},"line":531},"50":{"name":"(anonymous_50)","decl":{"start":{"line":533,"column":27},"end":{"line":533,"column":28}},"loc":{"start":{"line":533,"column":47},"end":{"line":539,"column":9}},"line":533},"51":{"name":"(anonymous_51)","decl":{"start":{"line":543,"column":4},"end":{"line":543,"column":5}},"loc":{"start":{"line":543,"column":29},"end":{"line":546,"column":5}},"line":543},"52":{"name":"(anonymous_52)","decl":{"start":{"line":548,"column":4},"end":{"line":548,"column":5}},"loc":{"start":{"line":548,"column":14},"end":{"line":550,"column":5}},"line":548},"53":{"name":"(anonymous_53)","decl":{"start":{"line":549,"column":27},"end":{"line":549,"column":28}},"loc":{"start":{"line":549,"column":38},"end":{"line":549,"column":61}},"line":549}},"branchMap":{"0":{"loc":{"start":{"line":54,"column":8},"end":{"line":54,"column":33}},"type":"if","locations":[{"start":{"line":54,"column":8},"end":{"line":54,"column":33}},{"start":{},"end":{}}],"line":54},"1":{"loc":{"start":{"line":175,"column":12},"end":{"line":177,"column":13}},"type":"if","locations":[{"start":{"line":175,"column":12},"end":{"line":177,"column":13}},{"start":{},"end":{}}],"line":175},"2":{"loc":{"start":{"line":197,"column":20},"end":{"line":204,"column":21}},"type":"if","locations":[{"start":{"line":197,"column":20},"end":{"line":204,"column":21}},{"start":{},"end":{}}],"line":197},"3":{"loc":{"start":{"line":217,"column":12},"end":{"line":219,"column":13}},"type":"if","locations":[{"start":{"line":217,"column":12},"end":{"line":219,"column":13}},{"start":{},"end":{}}],"line":217},"4":{"loc":{"start":{"line":217,"column":16},"end":{"line":217,"column":59}},"type":"binary-expr","locations":[{"start":{"line":217,"column":16},"end":{"line":217,"column":33}},{"start":{"line":217,"column":37},"end":{"line":217,"column":59}}],"line":217},"5":{"loc":{"start":{"line":255,"column":12},"end":{"line":257,"column":13}},"type":"if","locations":[{"start":{"line":255,"column":12},"end":{"line":257,"column":13}},{"start":{},"end":{}}],"line":255},"6":{"loc":{"start":{"line":255,"column":16},"end":{"line":255,"column":61}},"type":"binary-expr","locations":[{"start":{"line":255,"column":16},"end":{"line":255,"column":38}},{"start":{"line":255,"column":42},"end":{"line":255,"column":61}}],"line":255},"7":{"loc":{"start":{"line":273,"column":26},"end":{"line":273,"column":68}},"type":"binary-expr","locations":[{"start":{"line":273,"column":26},"end":{"line":273,"column":62}},{"start":{"line":273,"column":66},"end":{"line":273,"column":68}}],"line":273},"8":{"loc":{"start":{"line":277,"column":12},"end":{"line":279,"column":13}},"type":"if","locations":[{"start":{"line":277,"column":12},"end":{"line":279,"column":13}},{"start":{},"end":{}}],"line":277},"9":{"loc":{"start":{"line":341,"column":12},"end":{"line":344,"column":13}},"type":"if","locations":[{"start":{"line":341,"column":12},"end":{"line":344,"column":13}},{"start":{},"end":{}}],"line":341},"10":{"loc":{"start":{"line":341,"column":16},"end":{"line":341,"column":78}},"type":"binary-expr","locations":[{"start":{"line":341,"column":16},"end":{"line":341,"column":32}},{"start":{"line":341,"column":36},"end":{"line":341,"column":55}},{"start":{"line":341,"column":59},"end":{"line":341,"column":78}}],"line":341},"11":{"loc":{"start":{"line":437,"column":15},"end":{"line":439,"column":57}},"type":"binary-expr","locations":[{"start":{"line":437,"column":15},"end":{"line":437,"column":56}},{"start":{"line":438,"column":15},"end":{"line":438,"column":56}},{"start":{"line":439,"column":15},"end":{"line":439,"column":57}}],"line":437},"12":{"loc":{"start":{"line":457,"column":37},"end":{"line":457,"column":66}},"type":"cond-expr","locations":[{"start":{"line":457,"column":55},"end":{"line":457,"column":59}},{"start":{"line":457,"column":62},"end":{"line":457,"column":66}}],"line":457},"13":{"loc":{"start":{"line":457,"column":75},"end":{"line":457,"column":107}},"type":"cond-expr","locations":[{"start":{"line":457,"column":96},"end":{"line":457,"column":100}},{"start":{"line":457,"column":103},"end":{"line":457,"column":107}}],"line":457},"14":{"loc":{"start":{"line":487,"column":12},"end":{"line":490,"column":13}},"type":"if","locations":[{"start":{"line":487,"column":12},"end":{"line":490,"column":13}},{"start":{},"end":{}}],"line":487},"15":{"loc":{"start":{"line":508,"column":8},"end":{"line":514,"column":9}},"type":"if","locations":[{"start":{"line":508,"column":8},"end":{"line":514,"column":9}},{"start":{},"end":{}}],"line":508},"16":{"loc":{"start":{"line":509,"column":12},"end":{"line":511,"column":13}},"type":"if","locations":[{"start":{"line":509,"column":12},"end":{"line":511,"column":13}},{"start":{},"end":{}}],"line":509},"17":{"loc":{"start":{"line":509,"column":16},"end":{"line":509,"column":73}},"type":"binary-expr","locations":[{"start":{"line":509,"column":16},"end":{"line":509,"column":29}},{"start":{"line":509,"column":33},"end":{"line":509,"column":73}}],"line":509},"18":{"loc":{"start":{"line":518,"column":8},"end":{"line":518,"column":34}},"type":"if","locations":[{"start":{"line":518,"column":8},"end":{"line":518,"column":34}},{"start":{},"end":{}}],"line":518},"19":{"loc":{"start":{"line":521,"column":12},"end":{"line":523,"column":13}},"type":"if","locations":[{"start":{"line":521,"column":12},"end":{"line":523,"column":13}},{"start":{},"end":{}}],"line":521},"20":{"loc":{"start":{"line":521,"column":16},"end":{"line":521,"column":73}},"type":"binary-expr","locations":[{"start":{"line":521,"column":16},"end":{"line":521,"column":29}},{"start":{"line":521,"column":33},"end":{"line":521,"column":73}}],"line":521}},"s":{"0":1,"1":1,"2":1,"3":1,"4":1,"5":1,"6":1,"7":1,"8":1,"9":1,"10":0,"11":0,"12":0,"13":0,"14":0,"15":0,"16":0,"17":0,"18":0,"19":0,"20":0,"21":0,"22":0,"23":0,"24":0,"25":0,"26":0,"27":0,"28":0,"29":0,"30":0,"31":0,"32":0,"33":0,"34":0,"35":0,"36":0,"37":0,"38":0,"39":0,"40":0,"41":0,"42":0,"43":0,"44":0,"45":0,"46":0,"47":0,"48":0,"49":0,"50":0,"51":0,"52":0,"53":0,"54":0,"55":0,"56":0,"57":0,"58":0,"59":0,"60":0,"61":0,"62":0,"63":0,"64":0,"65":0,"66":0,"67":0,"68":0,"69":0,"70":0,"71":0,"72":0,"73":0,"74":0,"75":0,"76":0,"77":0,"78":0,"79":0,"80":0,"81":0,"82":0,"83":0,"84":0,"85":0,"86":0,"87":0,"88":0,"89":0,"90":0,"91":0,"92":0,"93":0,"94":0,"95":0,"96":0,"97":0,"98":0,"99":0,"100":0,"101":0,"102":0,"103":0,"104":0,"105":0,"106":0,"107":0,"108":0,"109":0,"110":0,"111":0,"112":0,"113":0,"114":0,"115":0,"116":0,"117":0,"118":0,"119":0,"120":0,"121":0,"122":0,"123":0,"124":0,"125":0,"126":0,"127":0,"128":0,"129":0,"130":0,"131":0,"132":0,"133":0,"134":0,"135":0,"136":0,"137":0,"138":0,"139":0,"140":0,"141":0,"142":0,"143":0,"144":0,"145":0,"146":0,"147":0,"148":0,"149":0,"150":0,"151":0,"152":0,"153":0,"154":0,"155":0,"156":0,"157":0,"158":0,"159":0,"160":0,"161":0,"162":0,"163":0,"164":0,"165":0,"166":0,"167":0,"168":0,"169":0,"170":0,"171":0,"172":0,"173":1},"f":{"0":1,"1":1,"2":0,"3":0,"4":0,"5":0,"6":0,"7":0,"8":0,"9":0,"10":0,"11":0,"12":0,"13":0,"14":0,"15":0,"16":0,"17":0,"18":0,"19":0,"20":0,"21":0,"22":0,"23":0,"24":0,"25":0,"26":0,"27":0,"28":0,"29":0,"30":0,"31":0,"32":0,"33":0,"34":0,"35":0,"36":0,"37":0,"38":0,"39":0,"40":0,"41":0,"42":0,"43":0,"44":0,"45":0,"46":0,"47":0,"48":0,"49":0,"50":0,"51":0,"52":0,"53":0},"b":{"0":[0,0],"1":[0,0],"2":[0,0],"3":[0,0],"4":[0,0],"5":[0,0],"6":[0,0],"7":[0,0],"8":[0,0],"9":[0,0],"10":[0,0,0],"11":[0,0,0],"12":[0,0],"13":[0,0],"14":[0,0],"15":[0,0],"16":[0,0],"17":[0,0],"18":[0,0],"19":[0,0],"20":[0,0]},"_coverageSchema":"1a1c01bbd47fc00a2c39e90264f33305004495a9","hash":"96566ffc18144db7bfb5269831c60740d3807753"}
,"/Users/chenyousheng/work/workspace/node/StockAnalysis/src/utils/logger.js": {"path":"/Users/chenyousheng/work/workspace/node/StockAnalysis/src/utils/logger.js","statementMap":{"0":{"start":{"line":5,"column":16},"end":{"line":5,"column":34}},"1":{"start":{"line":6,"column":13},"end":{"line":6,"column":28}},"2":{"start":{"line":9,"column":16},"end":{"line":9,"column":50}},"3":{"start":{"line":11,"column":15},"end":{"line":35,"column":2}},"4":{"start":{"line":38,"column":0},"end":{"line":45,"column":1}},"5":{"start":{"line":39,"column":4},"end":{"line":44,"column":8}},"6":{"start":{"line":47,"column":0},"end":{"line":47,"column":24}}},"fnMap":{},"branchMap":{"0":{"loc":{"start":{"line":12,"column":11},"end":{"line":12,"column":42}},"type":"binary-expr","locations":[{"start":{"line":12,"column":11},"end":{"line":12,"column":32}},{"start":{"line":12,"column":36},"end":{"line":12,"column":42}}],"line":12},"1":{"loc":{"start":{"line":38,"column":0},"end":{"line":45,"column":1}},"type":"if","locations":[{"start":{"line":38,"column":0},"end":{"line":45,"column":1}},{"start":{},"end":{}}],"line":38}},"s":{"0":1,"1":1,"2":1,"3":1,"4":1,"5":1,"6":1},"f":{},"b":{"0":[1,0],"1":[1,0]},"_coverageSchema":"1a1c01bbd47fc00a2c39e90264f33305004495a9","hash":"2b1aee249fac858836b94565c7721a5b14944963"}
}
