TN:
SF:src/app.js
FN:12,createApp
FN:43,(anonymous_1)
FN:45,(anonymous_2)
FN:60,(anonymous_3)
FN:79,(anonymous_4)
FN:81,(anonymous_5)
FN:85,(anonymous_6)
FNF:7
FNH:1
FNDA:4,createApp
FNDA:0,(anonymous_1)
FNDA:0,(anonymous_2)
FNDA:0,(anonymous_3)
FNDA:0,(anonymous_4)
FNDA:0,(anonymous_5)
FNDA:0,(anonymous_6)
DA:1,4
DA:2,4
DA:3,4
DA:4,4
DA:5,4
DA:6,4
DA:7,4
DA:9,4
DA:10,4
DA:13,4
DA:14,4
DA:16,4
DA:17,4
DA:18,4
DA:20,4
DA:21,4
DA:22,4
DA:26,4
DA:36,4
DA:37,4
DA:38,4
DA:39,4
DA:41,4
DA:43,4
DA:44,0
DA:45,0
DA:46,0
DA:47,0
DA:48,0
DA:50,0
DA:55,4
DA:56,4
DA:57,4
DA:58,4
DA:60,4
DA:61,0
DA:64,4
DA:66,4
DA:67,0
DA:70,4
DA:72,0
DA:73,0
DA:78,4
DA:79,0
DA:80,0
DA:81,0
DA:82,0
DA:85,0
DA:87,0
DA:92,4
LF:50
LH:34
BRDA:66,0,0,0
BRDA:66,0,1,4
BRDA:78,1,0,0
BRDA:78,1,1,4
BRDA:80,2,0,0
BRDA:80,2,1,0
BRDA:82,3,0,0
BRDA:82,3,1,0
BRF:8
BRH:2
end_of_record
TN:
SF:src/ai/modelManager.js
FN:5,(anonymous_0)
FN:12,(anonymous_1)
FN:34,(anonymous_2)
FN:53,(anonymous_3)
FN:79,(anonymous_4)
FN:91,(anonymous_5)
FN:112,(anonymous_6)
FN:129,(anonymous_7)
FN:130,(anonymous_8)
FN:138,(anonymous_9)
FNF:10
FNH:9
FNDA:4,(anonymous_0)
FNDA:6,(anonymous_1)
FNDA:8,(anonymous_2)
FNDA:3,(anonymous_3)
FNDA:3,(anonymous_4)
FNDA:51,(anonymous_5)
FNDA:1,(anonymous_6)
FNDA:54,(anonymous_7)
FNDA:55,(anonymous_8)
FNDA:0,(anonymous_9)
DA:1,4
DA:2,4
DA:6,4
DA:13,6
DA:14,6
DA:16,6
DA:18,6
DA:21,6
DA:22,4
DA:28,4
DA:29,4
DA:30,4
DA:33,6
DA:34,6
DA:35,8
DA:47,6
DA:49,0
DA:54,3
DA:55,3
DA:56,0
DA:59,3
DA:62,3
DA:63,3
DA:66,2
DA:67,2
DA:71,2
DA:74,2
DA:76,2
DA:80,3
DA:81,1
DA:83,1
DA:84,0
DA:86,1
DA:87,1
DA:93,51
DA:95,51
DA:96,51
DA:97,0
DA:100,51
DA:101,51
DA:102,1
DA:103,50
DA:104,0
DA:107,1
DA:108,1
DA:113,1
DA:114,1
DA:116,1
DA:126,0
DA:130,55
DA:139,0
DA:140,0
DA:141,0
DA:145,4
LF:54
LH:45
BRDA:21,0,0,4
BRDA:21,0,1,2
BRDA:21,1,0,6
BRDA:21,1,1,6
BRDA:33,2,0,6
BRDA:33,2,1,0
BRDA:33,3,0,6
BRDA:33,3,1,6
BRDA:41,4,0,8
BRDA:41,4,1,8
BRDA:42,5,0,8
BRDA:42,5,1,8
BRDA:55,6,0,0
BRDA:55,6,1,3
BRDA:55,7,0,3
BRDA:55,7,1,3
BRDA:55,7,2,3
BRDA:55,7,3,1
BRDA:55,7,4,3
BRDA:59,8,0,0
BRDA:59,8,1,3
BRDA:63,9,0,1
BRDA:63,9,1,2
BRDA:80,10,0,2
BRDA:80,10,1,1
BRDA:84,11,0,0
BRDA:84,11,1,0
BRDA:91,12,0,51
BRDA:93,13,0,50
BRDA:93,13,1,1
BRDA:95,14,0,0
BRDA:95,14,1,51
BRDA:96,15,0,0
BRDA:96,15,1,51
BRDA:96,16,0,51
BRDA:96,16,1,50
BRDA:101,17,0,1
BRDA:101,17,1,50
BRDA:101,17,2,0
BRDA:113,18,0,1
BRDA:113,18,1,1
BRDA:114,19,0,1
BRDA:114,19,1,0
BRDA:119,20,0,1
BRDA:119,20,1,1
BRDA:120,21,0,1
BRDA:120,21,1,1
BRF:47
BRH:38
end_of_record
TN:
SF:src/analyzer/aiAnalyzer.js
FN:7,(anonymous_0)
FN:56,(anonymous_1)
FN:62,(anonymous_2)
FN:87,(anonymous_3)
FN:111,(anonymous_4)
FN:121,(anonymous_5)
FN:140,(anonymous_6)
FN:145,(anonymous_7)
FN:146,(anonymous_8)
FN:154,(anonymous_9)
FN:156,(anonymous_10)
FN:162,(anonymous_11)
FNF:12
FNH:1
FNDA:4,(anonymous_0)
FNDA:0,(anonymous_1)
FNDA:0,(anonymous_2)
FNDA:0,(anonymous_3)
FNDA:0,(anonymous_4)
FNDA:0,(anonymous_5)
FNDA:0,(anonymous_6)
FNDA:0,(anonymous_7)
FNDA:0,(anonymous_8)
FNDA:0,(anonymous_9)
FNDA:0,(anonymous_10)
FNDA:0,(anonymous_11)
DA:1,4
DA:2,4
DA:3,4
DA:4,4
DA:8,4
DA:57,0
DA:58,0
DA:59,0
DA:61,0
DA:62,0
DA:63,0
DA:64,0
DA:65,0
DA:66,0
DA:68,0
DA:72,0
DA:74,0
DA:75,0
DA:87,0
DA:89,0
DA:92,0
DA:95,0
DA:103,0
DA:104,0
DA:106,0
DA:107,0
DA:112,0
DA:113,0
DA:114,0
DA:115,0
DA:117,0
DA:122,0
DA:141,0
DA:142,0
DA:143,0
DA:144,0
DA:145,0
DA:146,0
DA:147,0
DA:150,0
DA:151,0
DA:155,0
DA:156,0
DA:157,0
DA:159,0
DA:163,0
DA:164,0
DA:168,4
LF:48
LH:6
BRDA:56,0,0,0
BRDA:124,1,0,0
BRDA:124,1,1,0
BRDA:125,2,0,0
BRDA:125,2,1,0
BRDA:126,3,0,0
BRDA:126,3,1,0
BRDA:127,4,0,0
BRDA:127,4,1,0
BRDA:128,5,0,0
BRDA:128,5,1,0
BRDA:129,6,0,0
BRDA:129,6,1,0
BRDA:130,7,0,0
BRDA:130,7,1,0
BRDA:131,8,0,0
BRDA:131,8,1,0
BRDA:132,9,0,0
BRDA:132,9,1,0
BRDA:145,10,0,0
BRDA:145,10,1,0
BRDA:146,11,0,0
BRDA:146,11,1,0
BRDA:147,12,0,0
BRDA:147,12,1,0
BRDA:157,13,0,0
BRDA:157,13,1,0
BRDA:163,14,0,0
BRDA:163,14,1,0
BRF:29
BRH:0
end_of_record
TN:
SF:src/analyzer/newsProcessor.js
FN:6,(anonymous_0)
FN:27,(anonymous_1)
FN:29,(anonymous_2)
FN:35,(anonymous_3)
FN:48,(anonymous_4)
FNF:5
FNH:5
FNDA:50,(anonymous_0)
FNDA:50,(anonymous_1)
FNDA:650,(anonymous_2)
FNDA:50,(anonymous_3)
FNDA:50,(anonymous_4)
DA:1,4
DA:2,4
DA:3,4
DA:7,50
DA:8,50
DA:9,50
DA:11,50
DA:12,0
DA:13,0
DA:14,0
DA:15,0
DA:16,0
DA:17,0
DA:19,0
DA:20,0
DA:24,50
DA:28,50
DA:29,650
DA:36,50
DA:37,50
DA:48,50
DA:49,50
DA:50,0
DA:51,0
DA:54,50
DA:55,50
DA:56,50
DA:58,50
DA:60,0
DA:61,0
DA:66,4
LF:31
LH:19
BRDA:9,0,0,50
BRDA:9,0,1,0
BRDA:14,1,0,0
BRDA:14,1,1,0
BRDA:49,2,0,0
BRDA:49,2,1,50
BRDA:55,3,0,50
BRDA:55,3,1,50
BRF:8
BRH:4
end_of_record
TN:
SF:src/crawler/newsCrawler.js
FN:8,(anonymous_0)
FN:43,(anonymous_1)
FN:45,(anonymous_2)
FN:46,(anonymous_3)
FN:58,(anonymous_4)
FN:65,(anonymous_5)
FN:68,(anonymous_6)
FN:79,(anonymous_7)
FN:82,(anonymous_8)
FN:93,(anonymous_9)
FN:108,(anonymous_10)
FN:133,(anonymous_11)
FNF:12
FNH:10
FNDA:4,(anonymous_0)
FNDA:1,(anonymous_1)
FNDA:5,(anonymous_2)
FNDA:0,(anonymous_3)
FNDA:5,(anonymous_4)
FNDA:1,(anonymous_5)
FNDA:20,(anonymous_6)
FNDA:1,(anonymous_7)
FNDA:0,(anonymous_8)
FNDA:3,(anonymous_9)
FNDA:80,(anonymous_10)
FNDA:1,(anonymous_11)
DA:1,4
DA:2,4
DA:3,4
DA:4,4
DA:5,4
DA:9,4
DA:44,1
DA:45,1
DA:46,5
DA:47,0
DA:48,0
DA:52,1
DA:53,1
DA:55,1
DA:59,5
DA:60,4
DA:61,3
DA:62,0
DA:66,1
DA:67,1
DA:68,20
DA:76,0
DA:80,1
DA:81,1
DA:82,0
DA:90,1
DA:94,3
DA:95,3
DA:96,0
DA:99,3
DA:106,3
DA:107,3
DA:108,3
DA:109,80
DA:111,30
DA:112,30
DA:113,30
DA:115,30
DA:117,30
DA:126,3
DA:128,0
DA:129,0
DA:134,1
DA:135,1
DA:136,1
DA:139,1
DA:140,50
DA:141,50
DA:142,50
DA:143,0
DA:144,0
DA:147,50
DA:149,50
DA:154,50
DA:155,50
DA:156,50
DA:158,0
DA:162,1
DA:163,1
DA:167,4
LF:60
LH:49
BRDA:59,0,0,1
BRDA:59,0,1,4
BRDA:60,1,0,1
BRDA:60,1,1,3
BRDA:61,2,0,3
BRDA:61,2,1,0
BRDA:71,3,0,20
BRDA:71,3,1,0
BRDA:95,4,0,0
BRDA:95,4,1,3
BRDA:95,5,0,3
BRDA:95,5,1,3
BRDA:95,5,2,3
BRDA:109,6,0,50
BRDA:109,6,1,30
BRDA:115,7,0,0
BRDA:115,7,1,30
BRDA:115,8,0,30
BRDA:115,8,1,30
BRDA:122,9,0,30
BRDA:122,9,1,0
BRDA:142,10,0,0
BRDA:142,10,1,50
BRF:23
BRH:17
end_of_record
TN:
SF:src/crawler/stockDataCrawler.js
FN:11,(anonymous_0)
FN:35,(anonymous_1)
FN:71,(anonymous_2)
FN:88,(anonymous_3)
FN:141,(anonymous_4)
FN:188,(anonymous_5)
FN:222,(anonymous_6)
FN:248,(anonymous_7)
FN:255,(anonymous_8)
FN:269,(anonymous_9)
FN:292,(anonymous_10)
FN:296,(anonymous_11)
FN:303,(anonymous_12)
FN:319,(anonymous_13)
FN:345,(anonymous_14)
FN:363,(anonymous_15)
FN:369,(anonymous_16)
FN:385,(anonymous_17)
FN:394,(anonymous_18)
FN:412,(anonymous_19)
FN:417,(anonymous_20)
FN:422,(anonymous_21)
FN:438,(anonymous_22)
FN:451,(anonymous_23)
FN:459,(anonymous_24)
FN:467,(anonymous_25)
FNF:26
FNH:1
FNDA:4,(anonymous_0)
FNDA:0,(anonymous_1)
FNDA:0,(anonymous_2)
FNDA:0,(anonymous_3)
FNDA:0,(anonymous_4)
FNDA:0,(anonymous_5)
FNDA:0,(anonymous_6)
FNDA:0,(anonymous_7)
FNDA:0,(anonymous_8)
FNDA:0,(anonymous_9)
FNDA:0,(anonymous_10)
FNDA:0,(anonymous_11)
FNDA:0,(anonymous_12)
FNDA:0,(anonymous_13)
FNDA:0,(anonymous_14)
FNDA:0,(anonymous_15)
FNDA:0,(anonymous_16)
FNDA:0,(anonymous_17)
FNDA:0,(anonymous_18)
FNDA:0,(anonymous_19)
FNDA:0,(anonymous_20)
FNDA:0,(anonymous_21)
FNDA:0,(anonymous_22)
FNDA:0,(anonymous_23)
FNDA:0,(anonymous_24)
FNDA:0,(anonymous_25)
DA:6,4
DA:7,4
DA:8,4
DA:12,4
DA:28,4
DA:29,4
DA:36,0
DA:37,0
DA:38,0
DA:39,0
DA:42,0
DA:44,0
DA:45,0
DA:47,0
DA:48,0
DA:50,0
DA:51,0
DA:53,0
DA:56,0
DA:57,0
DA:60,0
DA:61,0
DA:72,0
DA:74,0
DA:75,0
DA:76,0
DA:77,0
DA:80,0
DA:81,0
DA:82,0
DA:83,0
DA:85,0
DA:89,0
DA:90,0
DA:100,0
DA:101,0
DA:102,0
DA:105,0
DA:108,0
DA:109,0
DA:110,0
DA:113,0
DA:114,0
DA:115,0
DA:118,0
DA:133,0
DA:134,0
DA:142,0
DA:144,0
DA:146,0
DA:157,0
DA:158,0
DA:160,0
DA:161,0
DA:164,0
DA:166,0
DA:180,0
DA:181,0
DA:189,0
DA:190,0
DA:198,0
DA:200,0
DA:214,0
DA:215,0
DA:223,0
DA:224,0
DA:225,0
DA:226,0
DA:229,0
DA:230,0
DA:232,0
DA:244,0
DA:245,0
DA:246,0
DA:248,0
DA:255,0
DA:257,0
DA:258,0
DA:261,0
DA:262,0
DA:270,0
DA:271,0
DA:273,0
DA:284,0
DA:285,0
DA:293,0
DA:295,0
DA:296,0
DA:297,0
DA:304,0
DA:306,0
DA:307,0
DA:309,0
DA:310,0
DA:313,0
DA:320,0
DA:322,0
DA:323,0
DA:325,0
DA:326,0
DA:327,0
DA:328,0
DA:330,0
DA:334,0
DA:335,0
DA:336,0
DA:337,0
DA:339,0
DA:346,0
DA:347,0
DA:349,0
DA:351,0
DA:353,0
DA:364,0
DA:366,0
DA:367,0
DA:369,0
DA:370,0
DA:373,0
DA:375,0
DA:386,0
DA:388,0
DA:389,0
DA:390,0
DA:391,0
DA:394,0
DA:397,0
DA:398,0
DA:406,0
DA:414,0
DA:419,0
DA:423,0
DA:425,0
DA:426,0
DA:427,0
DA:428,0
DA:430,0
DA:431,0
DA:432,0
DA:435,0
DA:439,0
DA:448,0
DA:452,0
DA:453,0
DA:454,0
DA:456,0
DA:460,0
DA:468,0
DA:472,4
LF:149
LH:7
BRDA:35,0,0,0
BRDA:39,1,0,0
BRDA:39,1,1,0
BRDA:42,2,0,0
BRDA:42,2,1,0
BRDA:42,2,2,0
BRDA:42,2,3,0
BRDA:80,3,0,0
BRDA:80,3,1,0
BRDA:80,4,0,0
BRDA:80,4,1,0
BRDA:81,5,0,0
BRDA:81,5,1,0
BRDA:81,6,0,0
BRDA:81,6,1,0
BRDA:82,7,0,0
BRDA:82,7,1,0
BRDA:82,8,0,0
BRDA:82,8,1,0
BRDA:83,9,0,0
BRDA:83,9,1,0
BRDA:83,10,0,0
BRDA:83,10,1,0
BRDA:109,11,0,0
BRDA:109,11,1,0
BRDA:109,12,0,0
BRDA:109,12,1,0
BRDA:110,13,0,0
BRDA:110,13,1,0
BRDA:110,14,0,0
BRDA:110,14,1,0
BRDA:110,15,0,0
BRDA:110,15,1,0
BRDA:110,15,2,0
BRDA:114,16,0,0
BRDA:114,16,1,0
BRDA:160,17,0,0
BRDA:160,17,1,0
BRDA:222,18,0,0
BRDA:222,19,0,0
BRDA:226,20,0,0
BRDA:226,20,1,0
BRDA:269,21,0,0
BRDA:293,22,0,0
BRDA:293,22,1,0
BRDA:304,23,0,0
BRDA:304,23,1,0
BRDA:319,24,0,0
BRDA:320,25,0,0
BRDA:320,25,1,0
BRDA:327,26,0,0
BRDA:327,26,1,0
BRDA:349,27,0,0
BRDA:349,27,1,0
BRDA:349,28,0,0
BRDA:349,28,1,0
BRDA:363,29,0,0
BRDA:363,30,0,0
BRDA:364,31,0,0
BRDA:364,31,1,0
BRDA:385,32,0,0
BRDA:423,33,0,0
BRDA:423,33,1,0
BRDA:448,34,0,0
BRDA:448,34,1,0
BRDA:453,35,0,0
BRDA:453,35,1,0
BRDA:453,36,0,0
BRDA:453,36,1,0
BRDA:459,37,0,0
BRDA:463,38,0,0
BRDA:463,38,1,0
BRF:72
BRH:0
end_of_record
TN:
SF:src/database/connection.js
FN:9,(anonymous_0)
FN:13,(anonymous_1)
FN:36,(anonymous_2)
FN:43,(anonymous_3)
FNF:4
FNH:2
FNDA:4,(anonymous_0)
FNDA:4,(anonymous_1)
FNDA:0,(anonymous_2)
FNDA:0,(anonymous_3)
DA:5,4
DA:6,4
DA:10,4
DA:14,4
DA:15,4
DA:17,4
DA:23,0
DA:24,0
DA:28,4
DA:30,4
DA:31,4
DA:32,4
DA:37,0
DA:38,0
DA:39,0
DA:44,0
DA:48,4
LF:17
LH:11
BRDA:15,0,0,4
BRDA:15,0,1,0
BRDA:37,1,0,0
BRDA:37,1,1,0
BRDA:37,2,0,0
BRDA:37,2,1,0
BRF:6
BRH:1
end_of_record
TN:
SF:src/database/models/ModelConfig.js
FN:17,(anonymous_0)
FN:23,(anonymous_1)
FN:28,(anonymous_2)
FN:31,(anonymous_3)
FN:34,(anonymous_4)
FN:37,(anonymous_5)
FNF:6
FNH:3
FNDA:6,(anonymous_0)
FNDA:6,(anonymous_1)
FNDA:6,(anonymous_2)
FNDA:0,(anonymous_3)
FNDA:0,(anonymous_4)
FNDA:0,(anonymous_5)
DA:1,4
DA:3,4
DA:18,6
DA:19,6
DA:20,6
DA:21,6
DA:24,6
DA:25,6
DA:26,6
DA:29,6
DA:30,2
DA:31,2
DA:32,2
DA:35,0
DA:38,0
DA:39,0
DA:40,0
DA:41,0
DA:46,4
DA:47,4
DA:49,0
DA:50,0
DA:52,4
LF:23
LH:16
BRDA:24,0,0,4
BRDA:24,0,1,2
BRDA:28,1,0,6
BRDA:29,2,0,4
BRDA:29,2,1,2
BRDA:31,3,0,0
BRDA:31,3,1,2
BRDA:35,4,0,0
BRDA:35,4,1,0
BRDA:35,5,0,0
BRDA:35,5,1,0
BRDA:38,6,0,0
BRDA:38,6,1,0
BRDA:40,7,0,0
BRDA:40,7,1,0
BRDA:46,8,0,4
BRDA:46,8,1,0
BRF:17
BRH:7
end_of_record
TN:
SF:src/database/models/NewsItem.js
FN:16,(anonymous_0)
FN:21,(anonymous_1)
FN:26,(anonymous_2)
FN:27,(anonymous_3)
FNF:4
FNH:4
FNDA:50,(anonymous_0)
FNDA:50,(anonymous_1)
FNDA:1,(anonymous_2)
FNDA:50,(anonymous_3)
DA:1,4
DA:3,4
DA:17,50
DA:18,50
DA:19,50
DA:22,50
DA:23,50
DA:24,50
DA:26,1
DA:27,50
DA:31,4
DA:32,4
DA:34,0
DA:35,0
DA:37,4
LF:15
LH:13
BRDA:22,0,0,1
BRDA:22,0,1,49
BRDA:26,1,0,1
BRDA:26,1,1,0
BRDA:27,2,0,49
BRDA:27,2,1,1
BRDA:31,3,0,4
BRDA:31,3,1,0
BRF:8
BRH:6
end_of_record
TN:
SF:src/database/models/Topic.js
FN:12,(anonymous_0)
FN:16,(anonymous_1)
FN:21,(anonymous_2)
FN:22,(anonymous_3)
FNF:4
FNH:1
FNDA:0,(anonymous_0)
FNDA:0,(anonymous_1)
FNDA:1,(anonymous_2)
FNDA:0,(anonymous_3)
DA:1,4
DA:3,4
DA:13,0
DA:14,0
DA:17,0
DA:18,0
DA:19,0
DA:21,1
DA:22,0
DA:26,4
DA:27,4
DA:29,0
DA:30,0
DA:32,4
LF:14
LH:6
BRDA:17,0,0,0
BRDA:17,0,1,0
BRDA:21,1,0,0
BRDA:21,1,1,1
BRDA:22,2,0,0
BRDA:22,2,1,0
BRDA:26,3,0,4
BRDA:26,3,1,0
BRF:8
BRH:2
end_of_record
TN:
SF:src/database/models/User.js
FN:16,(anonymous_0)
FN:21,(anonymous_1)
FN:25,(anonymous_2)
FN:31,(anonymous_3)
FN:41,(anonymous_4)
FN:51,(anonymous_5)
FN:60,(anonymous_6)
FN:72,(anonymous_7)
FN:76,(anonymous_8)
FN:82,(anonymous_9)
FN:83,(anonymous_10)
FN:83,(anonymous_11)
FN:85,(anonymous_12)
FN:88,(anonymous_13)
FN:92,(anonymous_14)
FN:96,(anonymous_15)
FN:96,(anonymous_16)
FN:102,(anonymous_17)
FN:102,(anonymous_18)
FN:105,(anonymous_19)
FN:109,(anonymous_20)
FN:115,(anonymous_21)
FN:122,(anonymous_22)
FN:123,(anonymous_23)
FN:124,(anonymous_24)
FN:125,(anonymous_25)
FN:126,(anonymous_26)
FN:127,(anonymous_27)
FNF:28
FNH:12
FNDA:0,(anonymous_0)
FNDA:0,(anonymous_1)
FNDA:0,(anonymous_2)
FNDA:0,(anonymous_3)
FNDA:6,(anonymous_4)
FNDA:10,(anonymous_5)
FNDA:8,(anonymous_6)
FNDA:5,(anonymous_7)
FNDA:10,(anonymous_8)
FNDA:0,(anonymous_9)
FNDA:4,(anonymous_10)
FNDA:4,(anonymous_11)
FNDA:0,(anonymous_12)
FNDA:0,(anonymous_13)
FNDA:11,(anonymous_14)
FNDA:11,(anonymous_15)
FNDA:17,(anonymous_16)
FNDA:0,(anonymous_17)
FNDA:0,(anonymous_18)
FNDA:11,(anonymous_19)
FNDA:0,(anonymous_20)
FNDA:0,(anonymous_21)
FNDA:10,(anonymous_22)
FNDA:0,(anonymous_23)
FNDA:0,(anonymous_24)
FNDA:0,(anonymous_25)
FNDA:0,(anonymous_26)
FNDA:0,(anonymous_27)
DA:1,4
DA:2,4
DA:4,4
DA:16,4
DA:17,0
DA:18,0
DA:21,4
DA:22,0
DA:25,4
DA:26,0
DA:27,0
DA:28,0
DA:31,4
DA:32,0
DA:42,6
DA:43,6
DA:44,6
DA:45,6
DA:46,6
DA:47,6
DA:48,6
DA:52,10
DA:55,10
DA:56,7
DA:59,10
DA:60,8
DA:62,10
DA:63,10
DA:64,6
DA:65,6
DA:67,10
DA:68,10
DA:69,10
DA:73,5
DA:77,10
DA:78,10
DA:79,10
DA:82,0
DA:83,4
DA:86,0
DA:87,0
DA:88,0
DA:89,0
DA:93,11
DA:94,7
DA:95,7
DA:96,11
DA:97,17
DA:98,17
DA:101,0
DA:102,0
DA:106,11
DA:110,0
DA:111,0
DA:112,0
DA:116,0
DA:117,0
DA:118,0
DA:119,0
DA:122,10
DA:123,0
DA:124,0
DA:125,0
DA:126,0
DA:127,0
DA:132,4
DA:133,4
DA:135,0
DA:136,0
DA:138,0
DA:142,4
LF:71
LH:42
BRDA:26,0,0,0
BRDA:26,0,1,0
BRDA:43,1,0,6
BRDA:43,1,1,6
BRDA:44,2,0,6
BRDA:44,2,1,6
BRDA:45,3,0,6
BRDA:45,3,1,6
BRDA:46,4,0,6
BRDA:46,4,1,6
BRDA:47,5,0,0
BRDA:47,5,1,6
BRDA:48,6,0,6
BRDA:48,6,1,6
BRDA:52,7,0,4
BRDA:52,7,1,6
BRDA:55,8,0,7
BRDA:55,8,1,3
BRDA:55,9,0,10
BRDA:55,9,1,6
BRDA:55,9,2,6
BRDA:60,10,0,8
BRDA:60,10,1,4
BRDA:60,10,2,4
BRDA:62,11,0,0
BRDA:62,11,1,10
BRDA:63,12,0,6
BRDA:63,12,1,4
BRDA:63,13,0,10
BRDA:63,13,1,10
BRDA:82,14,0,0
BRDA:82,14,1,0
BRDA:83,15,0,4
BRDA:83,15,1,4
BRDA:85,16,0,0
BRDA:86,17,0,0
BRDA:86,17,1,0
BRDA:88,18,0,0
BRDA:88,18,1,0
BRDA:93,19,0,4
BRDA:93,19,1,7
BRDA:95,20,0,7
BRDA:95,20,1,0
BRDA:110,21,0,0
BRDA:110,21,1,0
BRDA:112,22,0,0
BRDA:112,22,1,0
BRDA:116,23,0,0
BRDA:116,23,1,0
BRDA:118,24,0,0
BRDA:118,24,1,0
BRDA:122,25,0,10
BRDA:122,25,1,0
BRDA:127,26,0,0
BRDA:127,26,1,0
BRDA:132,27,0,4
BRDA:132,27,1,0
BRF:57
BRH:33
end_of_record
TN:
SF:src/middleware/auth.js
FN:8,authenticateToken
FN:70,authorize
FN:71,(anonymous_2)
FN:102,optionalAuth
FN:117,(anonymous_4)
FN:122,(anonymous_5)
FN:126,(anonymous_6)
FN:139,generateAccessToken
FN:155,generateRefreshToken
FN:170,verifyRefreshToken
FNF:10
FNH:5
FNDA:10,authenticateToken
FNDA:48,authorize
FNDA:4,(anonymous_2)
FNDA:0,optionalAuth
FNDA:0,(anonymous_4)
FNDA:0,(anonymous_5)
FNDA:0,(anonymous_6)
FNDA:10,generateAccessToken
FNDA:10,generateRefreshToken
FNDA:0,verifyRefreshToken
DA:1,4
DA:2,4
DA:3,4
DA:9,10
DA:11,10
DA:12,0
DA:18,10
DA:20,10
DA:21,0
DA:27,10
DA:28,10
DA:31,10
DA:33,10
DA:34,0
DA:40,10
DA:41,0
DA:47,10
DA:48,10
DA:50,0
DA:52,0
DA:53,0
DA:59,0
DA:71,48
DA:72,4
DA:73,0
DA:79,4
DA:80,0
DA:83,4
DA:85,4
DA:86,0
DA:94,4
DA:103,0
DA:105,0
DA:106,0
DA:107,0
DA:110,0
DA:112,0
DA:113,0
DA:114,0
DA:117,0
DA:118,0
DA:119,0
DA:121,0
DA:123,0
DA:124,0
DA:127,0
DA:128,0
DA:140,10
DA:156,10
DA:171,0
DA:172,0
DA:174,0
DA:175,0
DA:178,0
DA:180,0
DA:184,4
LF:56
LH:23
BRDA:11,0,0,0
BRDA:11,0,1,10
BRDA:20,1,0,0
BRDA:20,1,1,10
BRDA:28,2,0,10
BRDA:28,2,1,0
BRDA:33,3,0,0
BRDA:33,3,1,10
BRDA:40,4,0,0
BRDA:40,4,1,10
BRDA:52,5,0,0
BRDA:52,5,1,0
BRDA:72,6,0,0
BRDA:72,6,1,4
BRDA:79,7,0,0
BRDA:79,7,1,4
BRDA:85,8,0,0
BRDA:85,8,1,4
BRDA:105,9,0,0
BRDA:105,9,1,0
BRDA:112,10,0,0
BRDA:112,10,1,0
BRDA:117,11,0,0
BRDA:117,11,1,0
BRDA:118,12,0,0
BRDA:118,12,1,0
BRDA:123,13,0,0
BRDA:123,13,1,0
BRDA:139,14,0,10
BRDA:146,15,0,10
BRDA:146,15,1,0
BRDA:161,16,0,10
BRDA:161,16,1,0
BRDA:172,17,0,0
BRDA:172,17,1,0
BRDA:174,18,0,0
BRDA:174,18,1,0
BRF:37
BRH:11
end_of_record
TN:
SF:src/pusher/wechatPusher.js
FN:5,(anonymous_0)
FN:19,(anonymous_1)
FN:21,(anonymous_2)
FN:38,(anonymous_3)
FN:39,(anonymous_4)
FN:40,(anonymous_5)
FN:63,(anonymous_6)
FN:75,(anonymous_7)
FN:101,(anonymous_8)
FN:130,(anonymous_9)
FN:138,(anonymous_10)
FNF:11
FNH:1
FNDA:4,(anonymous_0)
FNDA:0,(anonymous_1)
FNDA:0,(anonymous_2)
FNDA:0,(anonymous_3)
FNDA:0,(anonymous_4)
FNDA:0,(anonymous_5)
FNDA:0,(anonymous_6)
FNDA:0,(anonymous_7)
FNDA:0,(anonymous_8)
FNDA:0,(anonymous_9)
FNDA:0,(anonymous_10)
DA:1,4
DA:2,4
DA:6,4
DA:20,0
DA:21,0
DA:22,0
DA:23,0
DA:24,0
DA:25,0
DA:28,0
DA:29,0
DA:30,0
DA:31,0
DA:33,0
DA:34,0
DA:37,0
DA:38,0
DA:39,0
DA:40,0
DA:43,0
DA:44,0
DA:45,0
DA:46,0
DA:47,0
DA:48,0
DA:49,0
DA:50,0
DA:53,0
DA:57,0
DA:58,0
DA:60,0
DA:64,0
DA:65,0
DA:66,0
DA:67,0
DA:71,0
DA:72,0
DA:76,0
DA:77,0
DA:79,0
DA:80,0
DA:81,0
DA:82,0
DA:85,0
DA:86,0
DA:94,0
DA:96,0
DA:97,0
DA:102,0
DA:103,0
DA:104,0
DA:105,0
DA:106,0
DA:107,0
DA:109,0
DA:110,0
DA:112,0
DA:113,0
DA:123,0
DA:125,0
DA:126,0
DA:131,0
DA:139,0
DA:146,4
LF:64
LH:4
BRDA:20,0,0,0
BRDA:20,0,1,0
BRDA:22,1,0,0
BRDA:22,1,1,0
BRDA:23,2,0,0
BRDA:23,2,1,0
BRDA:24,3,0,0
BRDA:24,3,1,0
BRDA:29,4,0,0
BRDA:29,4,1,0
BRDA:29,4,2,0
BRDA:30,5,0,0
BRDA:30,5,1,0
BRDA:31,6,0,0
BRDA:31,6,1,0
BRDA:33,7,0,0
BRDA:33,7,1,0
BRDA:34,8,0,0
BRDA:34,8,1,0
BRDA:34,9,0,0
BRDA:34,9,1,0
BRDA:34,9,2,0
BRDA:47,10,0,0
BRDA:47,10,1,0
BRDA:48,11,0,0
BRDA:48,11,1,0
BRDA:57,12,0,0
BRDA:57,12,1,0
BRDA:64,13,0,0
BRDA:64,13,1,0
BRDA:68,14,0,0
BRDA:68,14,1,0
BRDA:68,15,0,0
BRDA:68,15,1,0
BRDA:69,16,0,0
BRDA:69,16,1,0
BRDA:69,16,2,0
BRDA:76,17,0,0
BRDA:76,17,1,0
BRDA:76,18,0,0
BRDA:76,18,1,0
BRDA:76,18,2,0
BRDA:82,19,0,0
BRDA:82,19,1,0
BRDA:91,20,0,0
BRDA:91,20,1,0
BRDA:91,21,0,0
BRDA:91,21,1,0
BRDA:91,22,0,0
BRDA:91,22,1,0
BRDA:91,22,2,0
BRDA:102,23,0,0
BRDA:102,23,1,0
BRDA:102,24,0,0
BRDA:102,24,1,0
BRDA:102,24,2,0
BRDA:102,24,3,0
BRDA:107,25,0,0
BRDA:107,25,1,0
BRDA:109,26,0,0
BRDA:109,26,1,0
BRDA:109,26,2,0
BRDA:110,27,0,0
BRDA:110,27,1,0
BRDA:117,28,0,0
BRDA:117,28,1,0
BRDA:117,29,0,0
BRDA:117,29,1,0
BRDA:118,30,0,0
BRDA:118,30,1,0
BRDA:133,31,0,0
BRDA:133,31,1,0
BRDA:134,32,0,0
BRDA:134,32,1,0
BRF:74
BRH:0
end_of_record
TN:
SF:src/routes/api.js
FN:12,(anonymous_0)
FN:15,(anonymous_1)
FN:17,(anonymous_2)
FN:31,(anonymous_3)
FN:35,(anonymous_4)
FN:51,(anonymous_5)
FN:61,(anonymous_6)
FN:77,(anonymous_7)
FN:89,(anonymous_8)
FN:103,(anonymous_9)
FN:111,(anonymous_10)
FN:120,(anonymous_11)
FN:129,(anonymous_12)
FN:133,(anonymous_13)
FN:141,(anonymous_14)
FN:149,(anonymous_15)
FN:153,(anonymous_16)
FNF:17
FNH:4
FNDA:3,(anonymous_0)
FNDA:4,(anonymous_1)
FNDA:0,(anonymous_2)
FNDA:1,(anonymous_3)
FNDA:3,(anonymous_4)
FNDA:0,(anonymous_5)
FNDA:0,(anonymous_6)
FNDA:0,(anonymous_7)
FNDA:0,(anonymous_8)
FNDA:0,(anonymous_9)
FNDA:0,(anonymous_10)
FNDA:0,(anonymous_11)
FNDA:0,(anonymous_12)
FNDA:0,(anonymous_13)
FNDA:0,(anonymous_14)
FNDA:0,(anonymous_15)
FNDA:0,(anonymous_16)
DA:1,4
DA:2,4
DA:3,4
DA:4,4
DA:5,4
DA:6,4
DA:7,4
DA:8,4
DA:9,4
DA:12,4
DA:13,3
DA:14,3
DA:15,4
DA:16,3
DA:17,3
DA:18,3
DA:25,0
DA:26,0
DA:31,4
DA:32,1
DA:35,4
DA:36,3
DA:37,3
DA:39,3
DA:40,0
DA:42,3
DA:43,2
DA:44,2
DA:46,1
DA:47,1
DA:51,4
DA:52,0
DA:53,0
DA:54,0
DA:56,0
DA:57,0
DA:61,4
DA:62,0
DA:63,0
DA:64,0
DA:65,0
DA:66,0
DA:67,0
DA:68,0
DA:69,0
DA:70,0
DA:72,0
DA:73,0
DA:77,4
DA:78,0
DA:79,0
DA:80,0
DA:81,0
DA:83,0
DA:84,0
DA:89,4
DA:90,0
DA:91,0
DA:92,0
DA:93,0
DA:94,0
DA:95,0
DA:97,0
DA:98,0
DA:103,4
DA:104,0
DA:105,0
DA:106,0
DA:107,0
DA:108,0
DA:111,4
DA:112,0
DA:113,0
DA:114,0
DA:115,0
DA:116,0
DA:117,0
DA:120,4
DA:121,0
DA:122,0
DA:123,0
DA:124,0
DA:125,0
DA:129,4
DA:130,0
DA:133,4
DA:134,0
DA:135,0
DA:136,0
DA:137,0
DA:138,0
DA:141,4
DA:142,0
DA:143,0
DA:144,0
DA:145,0
DA:146,0
DA:149,4
DA:150,0
DA:153,4
DA:154,0
DA:155,0
DA:156,0
DA:157,0
DA:160,4
LF:105
LH:40
BRDA:17,0,0,3
BRDA:17,0,1,3
BRDA:21,1,0,3
BRDA:21,1,1,0
BRDA:22,2,0,3
BRDA:22,2,1,3
BRDA:39,3,0,0
BRDA:39,3,1,3
BRDA:39,4,0,3
BRDA:39,4,1,0
BRDA:43,5,0,2
BRDA:43,5,1,0
BRDA:67,6,0,0
BRDA:67,6,1,0
BRDA:69,7,0,0
BRDA:69,7,1,0
BRDA:80,8,0,0
BRDA:80,8,1,0
BRDA:92,9,0,0
BRDA:92,9,1,0
BRDA:94,10,0,0
BRDA:94,10,1,0
BRDA:135,11,0,0
BRDA:135,11,1,0
BRDA:156,12,0,0
BRDA:156,12,1,0
BRF:26
BRH:8
end_of_record
TN:
SF:src/routes/auth.js
FN:11,(anonymous_0)
FN:62,(anonymous_1)
FN:123,(anonymous_2)
FN:163,(anonymous_3)
FNF:4
FNH:2
FNDA:6,(anonymous_0)
FNDA:5,(anonymous_1)
FNDA:0,(anonymous_2)
FNDA:0,(anonymous_3)
DA:1,4
DA:2,4
DA:3,4
DA:8,4
DA:9,4
DA:11,4
DA:12,6
DA:13,6
DA:15,6
DA:16,0
DA:22,6
DA:23,6
DA:24,0
DA:30,6
DA:36,6
DA:38,6
DA:39,6
DA:41,6
DA:43,6
DA:53,0
DA:54,0
DA:62,4
DA:63,5
DA:64,5
DA:66,5
DA:67,0
DA:73,5
DA:74,5
DA:75,0
DA:81,5
DA:82,0
DA:88,5
DA:89,5
DA:90,1
DA:96,4
DA:97,4
DA:99,4
DA:100,4
DA:102,4
DA:104,4
DA:114,0
DA:115,0
DA:123,4
DA:124,0
DA:125,0
DA:127,0
DA:128,0
DA:134,0
DA:135,0
DA:137,0
DA:138,0
DA:144,0
DA:145,0
DA:147,0
DA:155,0
DA:156,0
DA:163,4
DA:164,0
DA:170,4
LF:59
LH:36
BRDA:15,0,0,0
BRDA:15,0,1,6
BRDA:15,1,0,6
BRDA:15,1,1,6
BRDA:15,1,2,6
BRDA:23,2,0,0
BRDA:23,2,1,6
BRDA:57,3,0,0
BRDA:57,3,1,0
BRDA:66,4,0,0
BRDA:66,4,1,5
BRDA:66,5,0,5
BRDA:66,5,1,5
BRDA:74,6,0,0
BRDA:74,6,1,5
BRDA:81,7,0,0
BRDA:81,7,1,5
BRDA:89,8,0,1
BRDA:89,8,1,4
BRDA:118,9,0,0
BRDA:118,9,1,0
BRDA:127,10,0,0
BRDA:127,10,1,0
BRDA:137,11,0,0
BRDA:137,11,1,0
BRDA:137,12,0,0
BRDA:137,12,1,0
BRF:27
BRH:12
end_of_record
TN:
SF:src/routes/news.js
FN:9,(anonymous_0)
FN:23,(anonymous_1)
FN:42,(anonymous_2)
FN:58,(anonymous_3)
FN:63,(anonymous_4)
FNF:5
FNH:4
FNDA:1,(anonymous_0)
FNDA:166,(anonymous_1)
FNDA:1,(anonymous_2)
FNDA:1,(anonymous_3)
FNDA:0,(anonymous_4)
DA:1,4
DA:2,4
DA:3,4
DA:4,4
DA:5,4
DA:6,4
DA:7,4
DA:9,4
DA:10,1
DA:11,1
DA:12,1
DA:14,1
DA:15,1
DA:16,1
DA:17,1
DA:20,1
DA:23,166
DA:25,1
DA:27,1
DA:37,0
DA:38,0
DA:42,4
DA:43,1
DA:45,1
DA:47,1
DA:53,0
DA:54,0
DA:58,4
DA:59,1
DA:61,1
DA:62,1
DA:63,0
DA:65,1
DA:67,0
DA:68,0
DA:72,4
LF:36
LH:29
BRDA:11,0,0,1
BRDA:11,1,0,1
BRDA:15,2,0,0
BRDA:15,2,1,1
BRDA:16,3,0,0
BRDA:16,3,1,1
BRDA:17,4,0,0
BRDA:17,4,1,1
BRDA:23,5,0,1
BRDA:23,5,1,0
BRDA:62,6,0,1
BRDA:62,6,1,0
BRDA:63,7,0,0
BRDA:63,7,1,0
BRDA:63,8,0,0
BRDA:63,8,1,0
BRF:16
BRH:7
end_of_record
TN:
SF:src/routes/users.js
FN:7,(anonymous_0)
FN:47,(anonymous_1)
FN:71,(anonymous_2)
FN:96,(anonymous_3)
FN:134,(anonymous_4)
FN:172,(anonymous_5)
FN:220,(anonymous_6)
FNF:7
FNH:0
FNDA:0,(anonymous_0)
FNDA:0,(anonymous_1)
FNDA:0,(anonymous_2)
FNDA:0,(anonymous_3)
FNDA:0,(anonymous_4)
FNDA:0,(anonymous_5)
FNDA:0,(anonymous_6)
DA:1,4
DA:2,4
DA:3,4
DA:4,4
DA:5,4
DA:7,4
DA:8,0
DA:9,0
DA:10,0
DA:12,0
DA:13,0
DA:14,0
DA:16,0
DA:17,0
DA:20,0
DA:26,0
DA:28,0
DA:39,0
DA:40,0
DA:47,4
DA:48,0
DA:49,0
DA:51,0
DA:52,0
DA:58,0
DA:63,0
DA:64,0
DA:71,4
DA:72,0
DA:73,0
DA:74,0
DA:76,0
DA:77,0
DA:83,0
DA:88,0
DA:89,0
DA:96,4
DA:97,0
DA:98,0
DA:99,0
DA:101,0
DA:102,0
DA:108,0
DA:109,0
DA:111,0
DA:112,0
DA:114,0
DA:115,0
DA:118,0
DA:120,0
DA:126,0
DA:127,0
DA:134,4
DA:135,0
DA:136,0
DA:137,0
DA:139,0
DA:140,0
DA:146,0
DA:147,0
DA:148,0
DA:154,0
DA:155,0
DA:157,0
DA:159,0
DA:164,0
DA:165,0
DA:172,4
DA:173,0
DA:174,0
DA:175,0
DA:177,0
DA:178,0
DA:184,0
DA:185,0
DA:186,0
DA:188,0
DA:189,0
DA:191,0
DA:192,0
DA:195,0
DA:197,0
DA:198,0
DA:204,0
DA:206,0
DA:212,0
DA:213,0
DA:220,4
DA:221,0
DA:222,0
DA:224,0
DA:225,0
DA:231,0
DA:233,0
DA:234,0
DA:240,0
DA:242,0
DA:244,0
DA:249,0
DA:250,0
DA:257,4
LF:101
LH:13
BRDA:9,0,0,0
BRDA:9,1,0,0
BRDA:13,2,0,0
BRDA:13,2,1,0
BRDA:16,3,0,0
BRDA:16,3,1,0
BRDA:51,4,0,0
BRDA:51,4,1,0
BRDA:76,5,0,0
BRDA:76,5,1,0
BRDA:101,6,0,0
BRDA:101,6,1,0
BRDA:108,7,0,0
BRDA:108,7,1,0
BRDA:111,8,0,0
BRDA:111,8,1,0
BRDA:114,9,0,0
BRDA:114,9,1,0
BRDA:139,10,0,0
BRDA:139,10,1,0
BRDA:147,11,0,0
BRDA:147,11,1,0
BRDA:177,12,0,0
BRDA:177,12,1,0
BRDA:185,13,0,0
BRDA:185,13,1,0
BRDA:188,14,0,0
BRDA:188,14,1,0
BRDA:191,15,0,0
BRDA:191,15,1,0
BRDA:197,16,0,0
BRDA:197,16,1,0
BRDA:224,17,0,0
BRDA:224,17,1,0
BRDA:233,18,0,0
BRDA:233,18,1,0
BRF:36
BRH:0
end_of_record
TN:
SF:src/scheduler/taskScheduler.js
FN:14,(anonymous_0)
FN:27,(anonymous_1)
FN:54,(anonymous_2)
FN:74,(anonymous_3)
FN:76,(anonymous_4)
FN:82,(anonymous_5)
FN:88,(anonymous_6)
FN:97,(anonymous_7)
FN:99,(anonymous_8)
FN:105,(anonymous_9)
FN:111,(anonymous_10)
FN:120,(anonymous_11)
FN:122,(anonymous_12)
FN:127,(anonymous_13)
FN:135,(anonymous_14)
FN:137,(anonymous_15)
FN:143,(anonymous_16)
FN:151,(anonymous_17)
FN:188,(anonymous_18)
FN:230,(anonymous_19)
FN:268,(anonymous_20)
FN:290,(anonymous_21)
FN:297,(anonymous_22)
FN:325,(anonymous_23)
FN:338,(anonymous_24)
FN:351,(anonymous_25)
FN:376,(anonymous_26)
FN:388,(anonymous_27)
FN:401,(anonymous_28)
FN:417,(anonymous_29)
FN:434,(anonymous_30)
FN:435,(anonymous_31)
FN:436,(anonymous_32)
FN:439,(anonymous_33)
FN:440,(anonymous_34)
FN:454,(anonymous_35)
FN:456,(anonymous_36)
FN:459,(anonymous_37)
FN:468,(anonymous_38)
FN:474,(anonymous_39)
FN:478,(anonymous_40)
FN:482,(anonymous_41)
FN:486,(anonymous_42)
FN:494,(anonymous_43)
FN:502,(anonymous_44)
FN:510,(anonymous_45)
FN:517,(anonymous_46)
FN:538,(anonymous_47)
FN:549,(anonymous_48)
FN:552,(anonymous_49)
FN:563,(anonymous_50)
FN:565,(anonymous_51)
FN:575,(anonymous_52)
FN:580,(anonymous_53)
FN:581,(anonymous_54)
FNF:55
FNH:2
FNDA:4,(anonymous_0)
FNDA:4,(anonymous_1)
FNDA:0,(anonymous_2)
FNDA:0,(anonymous_3)
FNDA:0,(anonymous_4)
FNDA:0,(anonymous_5)
FNDA:0,(anonymous_6)
FNDA:0,(anonymous_7)
FNDA:0,(anonymous_8)
FNDA:0,(anonymous_9)
FNDA:0,(anonymous_10)
FNDA:0,(anonymous_11)
FNDA:0,(anonymous_12)
FNDA:0,(anonymous_13)
FNDA:0,(anonymous_14)
FNDA:0,(anonymous_15)
FNDA:0,(anonymous_16)
FNDA:0,(anonymous_17)
FNDA:0,(anonymous_18)
FNDA:0,(anonymous_19)
FNDA:0,(anonymous_20)
FNDA:0,(anonymous_21)
FNDA:0,(anonymous_22)
FNDA:0,(anonymous_23)
FNDA:0,(anonymous_24)
FNDA:0,(anonymous_25)
FNDA:0,(anonymous_26)
FNDA:0,(anonymous_27)
FNDA:0,(anonymous_28)
FNDA:0,(anonymous_29)
FNDA:0,(anonymous_30)
FNDA:0,(anonymous_31)
FNDA:0,(anonymous_32)
FNDA:0,(anonymous_33)
FNDA:0,(anonymous_34)
FNDA:0,(anonymous_35)
FNDA:0,(anonymous_36)
FNDA:0,(anonymous_37)
FNDA:0,(anonymous_38)
FNDA:0,(anonymous_39)
FNDA:0,(anonymous_40)
FNDA:0,(anonymous_41)
FNDA:0,(anonymous_42)
FNDA:0,(anonymous_43)
FNDA:0,(anonymous_44)
FNDA:0,(anonymous_45)
FNDA:0,(anonymous_46)
FNDA:0,(anonymous_47)
FNDA:0,(anonymous_48)
FNDA:0,(anonymous_49)
FNDA:0,(anonymous_50)
FNDA:0,(anonymous_51)
FNDA:0,(anonymous_52)
FNDA:0,(anonymous_53)
FNDA:0,(anonymous_54)
DA:6,4
DA:7,4
DA:8,4
DA:9,4
DA:10,4
DA:11,4
DA:15,4
DA:16,4
DA:17,4
DA:21,4
DA:28,4
DA:55,0
DA:57,0
DA:59,0
DA:60,0
DA:61,0
DA:62,0
DA:64,0
DA:65,0
DA:68,0
DA:76,0
DA:77,0
DA:78,0
DA:82,0
DA:83,0
DA:84,0
DA:88,0
DA:89,0
DA:90,0
DA:99,0
DA:100,0
DA:101,0
DA:105,0
DA:106,0
DA:107,0
DA:111,0
DA:112,0
DA:113,0
DA:122,0
DA:123,0
DA:127,0
DA:128,0
DA:137,0
DA:138,0
DA:139,0
DA:143,0
DA:144,0
DA:152,0
DA:153,0
DA:155,0
DA:156,0
DA:158,0
DA:164,0
DA:165,0
DA:168,0
DA:171,0
DA:176,0
DA:177,0
DA:181,0
DA:189,0
DA:190,0
DA:192,0
DA:193,0
DA:194,0
DA:197,0
DA:198,0
DA:199,0
DA:208,0
DA:210,0
DA:213,0
DA:218,0
DA:219,0
DA:223,0
DA:231,0
DA:232,0
DA:235,0
DA:237,0
DA:238,0
DA:240,0
DA:245,0
DA:246,0
DA:248,0
DA:251,0
DA:256,0
DA:257,0
DA:261,0
DA:269,0
DA:270,0
DA:278,0
DA:279,0
DA:283,0
DA:291,0
DA:292,0
DA:294,0
DA:295,0
DA:296,0
DA:297,0
DA:299,0
DA:301,0
DA:302,0
DA:312,0
DA:316,0
DA:318,0
DA:326,0
DA:328,0
DA:331,0
DA:339,0
DA:344,0
DA:352,0
DA:353,0
DA:363,0
DA:364,0
DA:365,0
DA:369,0
DA:377,0
DA:378,0
DA:384,0
DA:389,0
DA:390,0
DA:391,0
DA:397,0
DA:402,0
DA:403,0
DA:404,0
DA:410,0
DA:413,0
DA:418,0
DA:419,0
DA:420,0
DA:426,0
DA:435,0
DA:436,0
DA:440,0
DA:442,0
DA:443,0
DA:445,0
DA:446,0
DA:447,0
DA:449,0
DA:450,0
DA:455,0
DA:456,0
DA:460,0
DA:461,0
DA:462,0
DA:464,0
DA:469,0
DA:475,0
DA:479,0
DA:483,0
DA:487,0
DA:495,0
DA:503,0
DA:511,0
DA:518,0
DA:519,0
DA:520,0
DA:521,0
DA:524,0
DA:529,0
DA:530,0
DA:532,0
DA:534,0
DA:539,0
DA:540,0
DA:541,0
DA:542,0
DA:544,0
DA:545,0
DA:550,0
DA:552,0
DA:553,0
DA:554,0
DA:558,0
DA:559,0
DA:560,0
DA:564,0
DA:565,0
DA:566,0
DA:572,0
DA:576,0
DA:577,0
DA:581,0
DA:585,4
LF:184
LH:12
BRDA:55,0,0,0
BRDA:55,0,1,0
BRDA:176,1,0,0
BRDA:176,1,1,0
BRDA:198,2,0,0
BRDA:198,2,1,0
BRDA:218,3,0,0
BRDA:218,3,1,0
BRDA:218,4,0,0
BRDA:218,4,1,0
BRDA:256,5,0,0
BRDA:256,5,1,0
BRDA:256,6,0,0
BRDA:256,6,1,0
BRDA:274,7,0,0
BRDA:274,7,1,0
BRDA:278,8,0,0
BRDA:278,8,1,0
BRDA:294,9,0,0
BRDA:294,9,1,0
BRDA:294,10,0,0
BRDA:294,10,1,0
BRDA:296,11,0,0
BRDA:296,11,1,0
BRDA:301,12,0,0
BRDA:301,12,1,0
BRDA:301,13,0,0
BRDA:301,13,1,0
BRDA:304,14,0,0
BRDA:304,14,1,0
BRDA:308,15,0,0
BRDA:308,15,1,0
BRDA:316,16,0,0
BRDA:316,16,1,0
BRDA:363,17,0,0
BRDA:363,17,1,0
BRDA:363,18,0,0
BRDA:363,18,1,0
BRDA:363,18,2,0
BRDA:435,19,0,0
BRDA:435,19,1,0
BRDA:436,20,0,0
BRDA:436,20,1,0
BRDA:443,21,0,0
BRDA:443,21,1,0
BRDA:443,22,0,0
BRDA:443,22,1,0
BRDA:446,23,0,0
BRDA:446,23,1,0
BRDA:447,24,0,0
BRDA:447,24,1,0
BRDA:449,25,0,0
BRDA:449,25,1,0
BRDA:449,26,0,0
BRDA:449,26,1,0
BRDA:469,27,0,0
BRDA:469,27,1,0
BRDA:469,27,2,0
BRDA:489,28,0,0
BRDA:489,28,1,0
BRDA:489,29,0,0
BRDA:489,29,1,0
BRDA:519,30,0,0
BRDA:519,30,1,0
BRDA:540,31,0,0
BRDA:540,31,1,0
BRDA:541,32,0,0
BRDA:541,32,1,0
BRDA:541,33,0,0
BRDA:541,33,1,0
BRDA:550,34,0,0
BRDA:550,34,1,0
BRDA:553,35,0,0
BRDA:553,35,1,0
BRDA:553,36,0,0
BRDA:553,36,1,0
BRF:76
BRH:0
end_of_record
TN:
SF:src/utils/logger.js
FNF:0
FNH:0
DA:5,4
DA:6,4
DA:9,4
DA:11,4
DA:38,4
DA:39,4
DA:47,4
LF:7
LH:7
BRDA:12,0,0,4
BRDA:12,0,1,0
BRDA:38,1,0,4
BRDA:38,1,1,0
BRF:4
BRH:2
end_of_record
