TN:
SF:src/app.js
FN:12,createApp
FN:42,(anonymous_1)
FN:44,(anonymous_2)
FN:59,(anonymous_3)
FN:78,(anonymous_4)
FN:80,(anonymous_5)
FN:84,(anonymous_6)
FNF:7
FNH:1
FNDA:1,createApp
FNDA:0,(anonymous_1)
FNDA:0,(anonymous_2)
FNDA:0,(anonymous_3)
FNDA:0,(anonymous_4)
FNDA:0,(anonymous_5)
FNDA:0,(anonymous_6)
DA:1,1
DA:2,1
DA:3,1
DA:4,1
DA:5,1
DA:6,1
DA:7,1
DA:9,1
DA:10,1
DA:13,1
DA:14,1
DA:16,1
DA:17,1
DA:18,1
DA:20,1
DA:21,1
DA:22,1
DA:26,1
DA:35,1
DA:36,1
DA:37,1
DA:38,1
DA:40,1
DA:42,1
DA:43,0
DA:44,0
DA:45,0
DA:46,0
DA:47,0
DA:49,0
DA:54,1
DA:55,1
DA:56,1
DA:57,1
DA:59,1
DA:60,0
DA:63,1
DA:65,1
DA:66,0
DA:69,1
DA:71,0
DA:72,0
DA:77,1
DA:78,0
DA:79,0
DA:80,0
DA:81,0
DA:84,0
DA:86,0
DA:91,1
LF:50
LH:34
BRDA:65,0,0,0
BRDA:65,0,1,1
BRDA:77,1,0,0
BRDA:77,1,1,1
BRDA:79,2,0,0
BRDA:79,2,1,0
BRDA:81,3,0,0
BRDA:81,3,1,0
BRF:8
BRH:2
end_of_record
TN:
SF:src/ai/modelManager.js
FN:10,(anonymous_0)
FN:18,(anonymous_1)
FN:37,(anonymous_2)
FN:59,(anonymous_3)
FN:87,(anonymous_4)
FN:101,(anonymous_5)
FN:132,(anonymous_6)
FN:151,(anonymous_7)
FN:170,(anonymous_8)
FN:187,(anonymous_9)
FN:206,(anonymous_10)
FN:215,(anonymous_11)
FN:216,(anonymous_12)
FN:227,(anonymous_13)
FNF:14
FNH:8
FNDA:1,(anonymous_0)
FNDA:1,(anonymous_1)
FNDA:0,(anonymous_2)
FNDA:1,(anonymous_3)
FNDA:1,(anonymous_4)
FNDA:1,(anonymous_5)
FNDA:1,(anonymous_6)
FNDA:0,(anonymous_7)
FNDA:0,(anonymous_8)
FNDA:0,(anonymous_9)
FNDA:0,(anonymous_10)
FNDA:2,(anonymous_11)
FNDA:2,(anonymous_12)
FNDA:0,(anonymous_13)
DA:6,1
DA:7,1
DA:11,1
DA:19,1
DA:21,1
DA:31,1
DA:34,1
DA:36,1
DA:37,0
DA:38,0
DA:50,1
DA:52,0
DA:60,1
DA:62,1
DA:63,0
DA:66,1
DA:67,1
DA:68,1
DA:71,0
DA:72,0
DA:73,0
DA:75,0
DA:80,0
DA:81,0
DA:88,1
DA:89,1
DA:90,1
DA:91,0
DA:93,1
DA:94,1
DA:102,1
DA:104,1
DA:105,0
DA:108,1
DA:109,1
DA:111,1
DA:113,0
DA:115,0
DA:117,0
DA:119,0
DA:121,0
DA:124,1
DA:125,1
DA:133,1
DA:145,0
DA:152,0
DA:164,0
DA:171,0
DA:181,0
DA:188,0
DA:200,0
DA:208,0
DA:209,0
DA:216,2
DA:228,0
DA:229,0
DA:230,0
DA:231,0
DA:235,1
LF:59
LH:29
BRDA:36,0,0,0
BRDA:36,0,1,1
BRDA:36,1,0,1
BRDA:36,1,1,1
BRDA:43,2,0,0
BRDA:43,2,1,0
BRDA:44,3,0,0
BRDA:44,3,1,0
BRDA:62,4,0,0
BRDA:62,4,1,1
BRDA:62,5,0,1
BRDA:62,5,1,1
BRDA:62,5,2,1
BRDA:62,5,3,0
BRDA:62,5,4,1
BRDA:67,6,0,1
BRDA:67,6,1,0
BRDA:77,7,0,0
BRDA:77,7,1,0
BRDA:88,8,0,0
BRDA:88,8,1,1
BRDA:91,9,0,0
BRDA:91,9,1,0
BRDA:101,10,0,1
BRDA:102,11,0,0
BRDA:102,11,1,1
BRDA:104,12,0,0
BRDA:104,12,1,1
BRDA:109,13,0,1
BRDA:109,13,1,0
BRDA:109,13,2,0
BRDA:109,13,3,0
BRDA:109,13,4,0
BRDA:109,13,5,0
BRDA:133,14,0,1
BRDA:133,14,1,1
BRDA:136,15,0,1
BRDA:136,15,1,1
BRDA:137,16,0,1
BRDA:137,16,1,1
BRDA:152,17,0,0
BRDA:152,17,1,0
BRDA:154,18,0,0
BRDA:154,18,1,0
BRDA:171,19,0,0
BRDA:171,19,1,0
BRDA:188,20,0,0
BRDA:188,20,1,0
BRDA:191,21,0,0
BRDA:191,21,1,0
BRDA:192,22,0,0
BRDA:192,22,1,0
BRDA:208,23,0,0
BRDA:208,23,1,0
BRF:54
BRH:20
end_of_record
TN:
SF:src/analyzer/aiAnalyzer.js
FN:12,(anonymous_0)
FN:138,(anonymous_1)
FN:180,(anonymous_2)
FN:207,(anonymous_3)
FN:279,(anonymous_4)
FN:302,(anonymous_5)
FN:304,(anonymous_6)
FN:314,(anonymous_7)
FN:316,(anonymous_8)
FN:331,(anonymous_9)
FN:344,(anonymous_10)
FN:351,(anonymous_11)
FN:352,(anonymous_12)
FN:360,(anonymous_13)
FN:372,(anonymous_14)
FN:395,(anonymous_15)
FN:398,(anonymous_16)
FN:401,(anonymous_17)
FN:410,(anonymous_18)
FN:433,(anonymous_19)
FN:441,(anonymous_20)
FN:442,(anonymous_21)
FN:443,(anonymous_22)
FN:444,(anonymous_23)
FN:445,(anonymous_24)
FN:446,(anonymous_25)
FN:447,(anonymous_26)
FN:448,(anonymous_27)
FN:449,(anonymous_28)
FN:450,(anonymous_29)
FN:451,(anonymous_30)
FN:452,(anonymous_31)
FN:453,(anonymous_32)
FN:454,(anonymous_33)
FN:455,(anonymous_34)
FNF:35
FNH:1
FNDA:1,(anonymous_0)
FNDA:0,(anonymous_1)
FNDA:0,(anonymous_2)
FNDA:0,(anonymous_3)
FNDA:0,(anonymous_4)
FNDA:0,(anonymous_5)
FNDA:0,(anonymous_6)
FNDA:0,(anonymous_7)
FNDA:0,(anonymous_8)
FNDA:0,(anonymous_9)
FNDA:0,(anonymous_10)
FNDA:0,(anonymous_11)
FNDA:0,(anonymous_12)
FNDA:0,(anonymous_13)
FNDA:0,(anonymous_14)
FNDA:0,(anonymous_15)
FNDA:0,(anonymous_16)
FNDA:0,(anonymous_17)
FNDA:0,(anonymous_18)
FNDA:0,(anonymous_19)
FNDA:0,(anonymous_20)
FNDA:0,(anonymous_21)
FNDA:0,(anonymous_22)
FNDA:0,(anonymous_23)
FNDA:0,(anonymous_24)
FNDA:0,(anonymous_25)
FNDA:0,(anonymous_26)
FNDA:0,(anonymous_27)
FNDA:0,(anonymous_28)
FNDA:0,(anonymous_29)
FNDA:0,(anonymous_30)
FNDA:0,(anonymous_31)
FNDA:0,(anonymous_32)
FNDA:0,(anonymous_33)
FNDA:0,(anonymous_34)
DA:6,1
DA:7,1
DA:8,1
DA:9,1
DA:13,1
DA:139,0
DA:140,0
DA:143,0
DA:146,0
DA:149,0
DA:152,0
DA:161,0
DA:164,0
DA:165,0
DA:168,0
DA:169,0
DA:172,0
DA:173,0
DA:181,0
DA:183,0
DA:186,0
DA:189,0
DA:191,0
DA:198,0
DA:200,0
DA:208,0
DA:218,0
DA:220,0
DA:232,0
DA:244,0
DA:255,0
DA:272,0
DA:280,0
DA:281,0
DA:282,0
DA:286,0
DA:289,0
DA:290,0
DA:291,0
DA:295,0
DA:296,0
DA:303,0
DA:304,0
DA:305,0
DA:306,0
DA:308,0
DA:315,0
DA:316,0
DA:318,0
DA:321,0
DA:328,0
DA:330,0
DA:331,0
DA:332,0
DA:335,0
DA:338,0
DA:345,0
DA:348,0
DA:349,0
DA:351,0
DA:352,0
DA:354,0
DA:361,0
DA:362,0
DA:363,0
DA:365,0
DA:373,0
DA:376,0
DA:377,0
DA:380,0
DA:383,0
DA:384,0
DA:388,0
DA:396,0
DA:398,0
DA:400,0
DA:401,0
DA:404,0
DA:411,0
DA:434,0
DA:435,0
DA:436,0
DA:437,0
DA:438,0
DA:441,0
DA:442,0
DA:443,0
DA:444,0
DA:445,0
DA:446,0
DA:447,0
DA:448,0
DA:449,0
DA:450,0
DA:451,0
DA:452,0
DA:453,0
DA:454,0
DA:455,0
DA:458,1
LF:100
LH:6
BRDA:138,0,0,0
BRDA:138,1,0,0
BRDA:164,2,0,0
BRDA:164,2,1,0
BRDA:164,3,0,0
BRDA:164,3,1,0
BRDA:210,4,0,0
BRDA:210,4,1,0
BRDA:211,5,0,0
BRDA:211,5,1,0
BRDA:212,6,0,0
BRDA:212,6,1,0
BRDA:213,7,0,0
BRDA:213,7,1,0
BRDA:214,8,0,0
BRDA:214,8,1,0
BRDA:218,9,0,0
BRDA:218,9,1,0
BRDA:218,9,2,0
BRDA:218,9,3,0
BRDA:218,9,4,0
BRDA:222,10,0,0
BRDA:222,10,1,0
BRDA:223,11,0,0
BRDA:223,11,1,0
BRDA:224,12,0,0
BRDA:224,12,1,0
BRDA:225,13,0,0
BRDA:225,13,1,0
BRDA:226,14,0,0
BRDA:226,14,1,0
BRDA:227,15,0,0
BRDA:227,15,1,0
BRDA:228,16,0,0
BRDA:228,16,1,0
BRDA:281,17,0,0
BRDA:281,17,1,0
BRDA:290,18,0,0
BRDA:290,18,1,0
BRDA:305,19,0,0
BRDA:305,19,1,0
BRDA:305,20,0,0
BRDA:305,20,1,0
BRDA:318,21,0,0
BRDA:318,21,1,0
BRDA:328,22,0,0
BRDA:328,22,1,0
BRDA:332,23,0,0
BRDA:332,23,1,0
BRDA:335,24,0,0
BRDA:335,24,1,0
BRDA:354,25,0,0
BRDA:354,25,1,0
BRDA:376,26,0,0
BRDA:376,26,1,0
BRDA:383,27,0,0
BRDA:383,27,1,0
BRDA:395,28,0,0
BRDA:395,29,0,0
BRDA:396,30,0,0
BRDA:396,30,1,0
BRDA:400,31,0,0
BRDA:400,31,1,0
BRDA:434,32,0,0
BRDA:434,32,1,0
BRDA:435,33,0,0
BRDA:435,33,1,0
BRDA:436,34,0,0
BRDA:436,34,1,0
BRDA:437,35,0,0
BRDA:437,35,1,0
BRF:71
BRH:0
end_of_record
TN:
SF:src/analyzer/newsProcessor.js
FN:5,(anonymous_0)
FN:35,(anonymous_1)
FN:49,(anonymous_2)
FNF:3
FNH:0
FNDA:0,(anonymous_0)
FNDA:0,(anonymous_1)
FNDA:0,(anonymous_2)
DA:1,1
DA:2,1
DA:6,0
DA:7,0
DA:9,0
DA:10,0
DA:12,0
DA:13,0
DA:14,0
DA:15,0
DA:16,0
DA:17,0
DA:18,0
DA:20,0
DA:25,0
DA:28,0
DA:32,0
DA:36,0
DA:37,0
DA:39,0
DA:40,0
DA:41,0
DA:42,0
DA:46,0
DA:50,0
DA:51,0
DA:52,0
DA:57,1
LF:28
LH:3
BRDA:7,0,0,0
BRDA:7,0,1,0
BRDA:15,1,0,0
BRDA:15,1,1,0
BRDA:41,2,0,0
BRDA:41,2,1,0
BRF:6
BRH:0
end_of_record
TN:
SF:src/crawler/newsCrawler.js
FN:8,(anonymous_0)
FN:28,(anonymous_1)
FN:42,(anonymous_2)
FN:55,(anonymous_3)
FN:77,(anonymous_4)
FN:83,(anonymous_5)
FN:107,(anonymous_6)
FN:117,(anonymous_7)
FN:142,(anonymous_8)
FNF:9
FNH:1
FNDA:1,(anonymous_0)
FNDA:0,(anonymous_1)
FNDA:0,(anonymous_2)
FNDA:0,(anonymous_3)
FNDA:0,(anonymous_4)
FNDA:0,(anonymous_5)
FNDA:0,(anonymous_6)
FNDA:0,(anonymous_7)
FNDA:0,(anonymous_8)
DA:1,1
DA:2,1
DA:3,1
DA:4,1
DA:5,1
DA:9,1
DA:29,0
DA:30,0
DA:31,0
DA:32,0
DA:33,0
DA:34,0
DA:36,0
DA:39,0
DA:43,0
DA:45,0
DA:47,0
DA:49,0
DA:51,0
DA:56,0
DA:74,0
DA:78,0
DA:79,0
DA:80,0
DA:81,0
DA:83,0
DA:84,0
DA:85,0
DA:86,0
DA:87,0
DA:88,0
DA:90,0
DA:100,0
DA:102,0
DA:103,0
DA:108,0
DA:109,0
DA:114,0
DA:115,0
DA:117,0
DA:118,0
DA:119,0
DA:120,0
DA:121,0
DA:123,0
DA:124,0
DA:135,0
DA:137,0
DA:138,0
DA:143,0
DA:144,0
DA:146,0
DA:147,0
DA:148,0
DA:149,0
DA:150,0
DA:151,0
DA:154,0
DA:155,0
DA:156,0
DA:157,0
DA:159,0
DA:163,0
DA:164,0
DA:168,1
LF:65
LH:7
BRDA:43,0,0,0
BRDA:43,0,1,0
BRDA:43,0,2,0
BRDA:43,0,3,0
BRDA:84,1,0,0
BRDA:84,1,1,0
BRDA:118,2,0,0
BRDA:118,2,1,0
BRDA:121,3,0,0
BRDA:121,3,1,0
BRDA:123,4,0,0
BRDA:123,4,1,0
BRDA:123,5,0,0
BRDA:123,5,1,0
BRDA:149,6,0,0
BRDA:149,6,1,0
BRF:16
BRH:0
end_of_record
TN:
SF:src/crawler/stockDataCrawler.js
FN:11,(anonymous_0)
FN:35,(anonymous_1)
FN:68,(anonymous_2)
FN:107,(anonymous_3)
FN:154,(anonymous_4)
FN:188,(anonymous_5)
FN:214,(anonymous_6)
FN:221,(anonymous_7)
FN:235,(anonymous_8)
FN:258,(anonymous_9)
FN:262,(anonymous_10)
FN:269,(anonymous_11)
FN:285,(anonymous_12)
FN:311,(anonymous_13)
FN:329,(anonymous_14)
FN:335,(anonymous_15)
FN:351,(anonymous_16)
FN:360,(anonymous_17)
FN:378,(anonymous_18)
FN:383,(anonymous_19)
FN:388,(anonymous_20)
FN:404,(anonymous_21)
FN:417,(anonymous_22)
FN:425,(anonymous_23)
FN:433,(anonymous_24)
FNF:25
FNH:1
FNDA:1,(anonymous_0)
FNDA:0,(anonymous_1)
FNDA:0,(anonymous_2)
FNDA:0,(anonymous_3)
FNDA:0,(anonymous_4)
FNDA:0,(anonymous_5)
FNDA:0,(anonymous_6)
FNDA:0,(anonymous_7)
FNDA:0,(anonymous_8)
FNDA:0,(anonymous_9)
FNDA:0,(anonymous_10)
FNDA:0,(anonymous_11)
FNDA:0,(anonymous_12)
FNDA:0,(anonymous_13)
FNDA:0,(anonymous_14)
FNDA:0,(anonymous_15)
FNDA:0,(anonymous_16)
FNDA:0,(anonymous_17)
FNDA:0,(anonymous_18)
FNDA:0,(anonymous_19)
FNDA:0,(anonymous_20)
FNDA:0,(anonymous_21)
FNDA:0,(anonymous_22)
FNDA:0,(anonymous_23)
FNDA:0,(anonymous_24)
DA:6,1
DA:7,1
DA:8,1
DA:12,1
DA:28,1
DA:29,1
DA:36,0
DA:37,0
DA:38,0
DA:39,0
DA:42,0
DA:44,0
DA:45,0
DA:47,0
DA:48,0
DA:50,0
DA:51,0
DA:53,0
DA:56,0
DA:57,0
DA:60,0
DA:61,0
DA:69,0
DA:70,0
DA:80,0
DA:81,0
DA:82,0
DA:84,0
DA:99,0
DA:100,0
DA:108,0
DA:110,0
DA:112,0
DA:123,0
DA:124,0
DA:126,0
DA:127,0
DA:130,0
DA:132,0
DA:146,0
DA:147,0
DA:155,0
DA:156,0
DA:164,0
DA:166,0
DA:180,0
DA:181,0
DA:189,0
DA:190,0
DA:191,0
DA:192,0
DA:195,0
DA:196,0
DA:198,0
DA:210,0
DA:211,0
DA:212,0
DA:214,0
DA:221,0
DA:223,0
DA:224,0
DA:227,0
DA:228,0
DA:236,0
DA:237,0
DA:239,0
DA:250,0
DA:251,0
DA:259,0
DA:261,0
DA:262,0
DA:263,0
DA:270,0
DA:272,0
DA:273,0
DA:275,0
DA:276,0
DA:279,0
DA:286,0
DA:288,0
DA:289,0
DA:291,0
DA:292,0
DA:293,0
DA:294,0
DA:296,0
DA:300,0
DA:301,0
DA:302,0
DA:303,0
DA:305,0
DA:312,0
DA:313,0
DA:315,0
DA:317,0
DA:319,0
DA:330,0
DA:332,0
DA:333,0
DA:335,0
DA:336,0
DA:339,0
DA:341,0
DA:352,0
DA:354,0
DA:355,0
DA:356,0
DA:357,0
DA:360,0
DA:363,0
DA:364,0
DA:372,0
DA:380,0
DA:385,0
DA:389,0
DA:391,0
DA:392,0
DA:393,0
DA:394,0
DA:396,0
DA:397,0
DA:398,0
DA:401,0
DA:405,0
DA:414,0
DA:418,0
DA:419,0
DA:420,0
DA:422,0
DA:426,0
DA:434,0
DA:438,1
LF:132
LH:7
BRDA:35,0,0,0
BRDA:39,1,0,0
BRDA:39,1,1,0
BRDA:42,2,0,0
BRDA:42,2,1,0
BRDA:42,2,2,0
BRDA:42,2,3,0
BRDA:126,3,0,0
BRDA:126,3,1,0
BRDA:188,4,0,0
BRDA:188,5,0,0
BRDA:192,6,0,0
BRDA:192,6,1,0
BRDA:235,7,0,0
BRDA:259,8,0,0
BRDA:259,8,1,0
BRDA:270,9,0,0
BRDA:270,9,1,0
BRDA:285,10,0,0
BRDA:286,11,0,0
BRDA:286,11,1,0
BRDA:293,12,0,0
BRDA:293,12,1,0
BRDA:315,13,0,0
BRDA:315,13,1,0
BRDA:315,14,0,0
BRDA:315,14,1,0
BRDA:329,15,0,0
BRDA:329,16,0,0
BRDA:330,17,0,0
BRDA:330,17,1,0
BRDA:351,18,0,0
BRDA:389,19,0,0
BRDA:389,19,1,0
BRDA:414,20,0,0
BRDA:414,20,1,0
BRDA:419,21,0,0
BRDA:419,21,1,0
BRDA:419,22,0,0
BRDA:419,22,1,0
BRDA:425,23,0,0
BRDA:429,24,0,0
BRDA:429,24,1,0
BRF:43
BRH:0
end_of_record
TN:
SF:src/database/connection.js
FN:9,(anonymous_0)
FN:13,(anonymous_1)
FN:36,(anonymous_2)
FN:43,(anonymous_3)
FNF:4
FNH:2
FNDA:1,(anonymous_0)
FNDA:1,(anonymous_1)
FNDA:0,(anonymous_2)
FNDA:0,(anonymous_3)
DA:5,1
DA:6,1
DA:10,1
DA:14,1
DA:15,1
DA:17,1
DA:23,0
DA:24,0
DA:28,1
DA:30,1
DA:31,1
DA:32,1
DA:37,0
DA:38,0
DA:39,0
DA:44,0
DA:48,1
LF:17
LH:11
BRDA:15,0,0,1
BRDA:15,0,1,0
BRDA:37,1,0,0
BRDA:37,1,1,0
BRDA:37,2,0,0
BRDA:37,2,1,0
BRF:6
BRH:1
end_of_record
TN:
SF:src/database/models/ModelConfig.js
FN:17,(anonymous_0)
FN:23,(anonymous_1)
FN:28,(anonymous_2)
FN:31,(anonymous_3)
FN:34,(anonymous_4)
FN:37,(anonymous_5)
FNF:6
FNH:1
FNDA:0,(anonymous_0)
FNDA:0,(anonymous_1)
FNDA:1,(anonymous_2)
FNDA:0,(anonymous_3)
FNDA:0,(anonymous_4)
FNDA:0,(anonymous_5)
DA:1,1
DA:3,1
DA:18,0
DA:19,0
DA:20,0
DA:21,0
DA:24,0
DA:25,0
DA:26,0
DA:29,1
DA:30,0
DA:31,0
DA:32,0
DA:35,0
DA:38,0
DA:39,0
DA:40,0
DA:41,0
DA:46,1
DA:47,1
DA:49,0
DA:50,0
DA:52,1
LF:23
LH:6
BRDA:24,0,0,0
BRDA:24,0,1,0
BRDA:28,1,0,0
BRDA:29,2,0,1
BRDA:29,2,1,0
BRDA:31,3,0,0
BRDA:31,3,1,0
BRDA:35,4,0,0
BRDA:35,4,1,0
BRDA:35,5,0,0
BRDA:35,5,1,0
BRDA:38,6,0,0
BRDA:38,6,1,0
BRDA:40,7,0,0
BRDA:40,7,1,0
BRDA:46,8,0,1
BRDA:46,8,1,0
BRF:17
BRH:2
end_of_record
TN:
SF:src/database/models/NewsItem.js
FN:16,(anonymous_0)
FN:21,(anonymous_1)
FN:26,(anonymous_2)
FN:27,(anonymous_3)
FNF:4
FNH:0
FNDA:0,(anonymous_0)
FNDA:0,(anonymous_1)
FNDA:0,(anonymous_2)
FNDA:0,(anonymous_3)
DA:1,1
DA:3,1
DA:17,0
DA:18,0
DA:19,0
DA:22,0
DA:23,0
DA:24,0
DA:26,0
DA:27,0
DA:31,1
DA:32,1
DA:34,0
DA:35,0
DA:37,1
LF:15
LH:5
BRDA:22,0,0,0
BRDA:22,0,1,0
BRDA:26,1,0,0
BRDA:26,1,1,0
BRDA:27,2,0,0
BRDA:27,2,1,0
BRDA:31,3,0,1
BRDA:31,3,1,0
BRF:8
BRH:1
end_of_record
TN:
SF:src/database/models/Topic.js
FN:12,(anonymous_0)
FN:16,(anonymous_1)
FN:21,(anonymous_2)
FN:22,(anonymous_3)
FNF:4
FNH:0
FNDA:0,(anonymous_0)
FNDA:0,(anonymous_1)
FNDA:0,(anonymous_2)
FNDA:0,(anonymous_3)
DA:1,1
DA:3,1
DA:13,0
DA:14,0
DA:17,0
DA:18,0
DA:19,0
DA:21,0
DA:22,0
DA:26,1
DA:27,1
DA:29,0
DA:30,0
DA:32,1
LF:14
LH:5
BRDA:17,0,0,0
BRDA:17,0,1,0
BRDA:21,1,0,0
BRDA:21,1,1,0
BRDA:22,2,0,0
BRDA:22,2,1,0
BRDA:26,3,0,1
BRDA:26,3,1,0
BRF:8
BRH:1
end_of_record
TN:
SF:src/database/models/User.js
FN:16,(anonymous_0)
FN:21,(anonymous_1)
FN:25,(anonymous_2)
FN:31,(anonymous_3)
FN:41,(anonymous_4)
FN:51,(anonymous_5)
FN:60,(anonymous_6)
FN:72,(anonymous_7)
FN:76,(anonymous_8)
FN:82,(anonymous_9)
FN:83,(anonymous_10)
FN:83,(anonymous_11)
FN:85,(anonymous_12)
FN:88,(anonymous_13)
FN:92,(anonymous_14)
FN:96,(anonymous_15)
FN:96,(anonymous_16)
FN:102,(anonymous_17)
FN:102,(anonymous_18)
FN:105,(anonymous_19)
FN:109,(anonymous_20)
FN:115,(anonymous_21)
FN:122,(anonymous_22)
FN:123,(anonymous_23)
FN:124,(anonymous_24)
FN:125,(anonymous_25)
FN:126,(anonymous_26)
FN:127,(anonymous_27)
FNF:28
FNH:12
FNDA:0,(anonymous_0)
FNDA:0,(anonymous_1)
FNDA:0,(anonymous_2)
FNDA:0,(anonymous_3)
FNDA:1,(anonymous_4)
FNDA:2,(anonymous_5)
FNDA:1,(anonymous_6)
FNDA:1,(anonymous_7)
FNDA:2,(anonymous_8)
FNDA:0,(anonymous_9)
FNDA:2,(anonymous_10)
FNDA:2,(anonymous_11)
FNDA:0,(anonymous_12)
FNDA:0,(anonymous_13)
FNDA:2,(anonymous_14)
FNDA:1,(anonymous_15)
FNDA:1,(anonymous_16)
FNDA:0,(anonymous_17)
FNDA:0,(anonymous_18)
FNDA:2,(anonymous_19)
FNDA:0,(anonymous_20)
FNDA:0,(anonymous_21)
FNDA:3,(anonymous_22)
FNDA:0,(anonymous_23)
FNDA:0,(anonymous_24)
FNDA:0,(anonymous_25)
FNDA:0,(anonymous_26)
FNDA:0,(anonymous_27)
DA:1,1
DA:2,1
DA:4,1
DA:16,1
DA:17,0
DA:18,0
DA:21,1
DA:22,0
DA:25,1
DA:26,0
DA:27,0
DA:28,0
DA:31,1
DA:32,0
DA:42,1
DA:43,1
DA:44,1
DA:45,1
DA:46,1
DA:47,1
DA:48,1
DA:52,2
DA:55,2
DA:56,2
DA:59,2
DA:60,1
DA:62,2
DA:63,2
DA:64,1
DA:65,1
DA:67,2
DA:68,2
DA:69,2
DA:73,1
DA:77,2
DA:78,2
DA:79,2
DA:82,0
DA:83,2
DA:86,0
DA:87,0
DA:88,0
DA:89,0
DA:93,2
DA:94,1
DA:95,1
DA:96,1
DA:97,1
DA:98,1
DA:101,0
DA:102,0
DA:106,2
DA:110,0
DA:111,0
DA:112,0
DA:116,0
DA:117,0
DA:118,0
DA:119,0
DA:122,3
DA:123,0
DA:124,0
DA:125,0
DA:126,0
DA:127,0
DA:132,1
DA:133,1
DA:135,0
DA:136,0
DA:138,0
DA:142,1
LF:71
LH:42
BRDA:26,0,0,0
BRDA:26,0,1,0
BRDA:43,1,0,1
BRDA:43,1,1,1
BRDA:44,2,0,1
BRDA:44,2,1,1
BRDA:45,3,0,1
BRDA:45,3,1,1
BRDA:46,4,0,1
BRDA:46,4,1,1
BRDA:47,5,0,0
BRDA:47,5,1,1
BRDA:48,6,0,1
BRDA:48,6,1,1
BRDA:52,7,0,1
BRDA:52,7,1,1
BRDA:55,8,0,2
BRDA:55,8,1,0
BRDA:55,9,0,2
BRDA:55,9,1,1
BRDA:55,9,2,1
BRDA:60,10,0,1
BRDA:60,10,1,0
BRDA:60,10,2,1
BRDA:62,11,0,0
BRDA:62,11,1,2
BRDA:63,12,0,1
BRDA:63,12,1,1
BRDA:63,13,0,2
BRDA:63,13,1,2
BRDA:82,14,0,0
BRDA:82,14,1,0
BRDA:83,15,0,2
BRDA:83,15,1,2
BRDA:85,16,0,0
BRDA:86,17,0,0
BRDA:86,17,1,0
BRDA:88,18,0,0
BRDA:88,18,1,0
BRDA:93,19,0,1
BRDA:93,19,1,1
BRDA:95,20,0,1
BRDA:95,20,1,0
BRDA:110,21,0,0
BRDA:110,21,1,0
BRDA:112,22,0,0
BRDA:112,22,1,0
BRDA:116,23,0,0
BRDA:116,23,1,0
BRDA:118,24,0,0
BRDA:118,24,1,0
BRDA:122,25,0,3
BRDA:122,25,1,0
BRDA:127,26,0,0
BRDA:127,26,1,0
BRDA:132,27,0,1
BRDA:132,27,1,0
BRF:57
BRH:31
end_of_record
TN:
SF:src/middleware/auth.js
FN:8,authenticateToken
FN:70,authorize
FN:71,(anonymous_2)
FN:102,optionalAuth
FN:117,(anonymous_4)
FN:122,(anonymous_5)
FN:126,(anonymous_6)
FN:139,generateAccessToken
FN:155,generateRefreshToken
FN:170,verifyRefreshToken
FNF:10
FNH:5
FNDA:3,authenticateToken
FNDA:15,authorize
FNDA:2,(anonymous_2)
FNDA:0,optionalAuth
FNDA:0,(anonymous_4)
FNDA:0,(anonymous_5)
FNDA:0,(anonymous_6)
FNDA:2,generateAccessToken
FNDA:2,generateRefreshToken
FNDA:0,verifyRefreshToken
DA:1,1
DA:2,1
DA:3,1
DA:9,3
DA:11,3
DA:12,0
DA:18,3
DA:20,3
DA:21,0
DA:27,3
DA:28,3
DA:31,3
DA:33,3
DA:34,0
DA:40,3
DA:41,0
DA:47,3
DA:48,3
DA:50,0
DA:52,0
DA:53,0
DA:59,0
DA:71,15
DA:72,2
DA:73,0
DA:79,2
DA:80,0
DA:83,2
DA:85,2
DA:86,0
DA:94,2
DA:103,0
DA:105,0
DA:106,0
DA:107,0
DA:110,0
DA:112,0
DA:113,0
DA:114,0
DA:117,0
DA:118,0
DA:119,0
DA:121,0
DA:123,0
DA:124,0
DA:127,0
DA:128,0
DA:140,2
DA:156,2
DA:171,0
DA:172,0
DA:174,0
DA:175,0
DA:178,0
DA:180,0
DA:184,1
LF:56
LH:23
BRDA:11,0,0,0
BRDA:11,0,1,3
BRDA:20,1,0,0
BRDA:20,1,1,3
BRDA:28,2,0,3
BRDA:28,2,1,0
BRDA:33,3,0,0
BRDA:33,3,1,3
BRDA:40,4,0,0
BRDA:40,4,1,3
BRDA:52,5,0,0
BRDA:52,5,1,0
BRDA:72,6,0,0
BRDA:72,6,1,2
BRDA:79,7,0,0
BRDA:79,7,1,2
BRDA:85,8,0,0
BRDA:85,8,1,2
BRDA:105,9,0,0
BRDA:105,9,1,0
BRDA:112,10,0,0
BRDA:112,10,1,0
BRDA:117,11,0,0
BRDA:117,11,1,0
BRDA:118,12,0,0
BRDA:118,12,1,0
BRDA:123,13,0,0
BRDA:123,13,1,0
BRDA:139,14,0,2
BRDA:146,15,0,2
BRDA:146,15,1,0
BRDA:161,16,0,2
BRDA:161,16,1,0
BRDA:172,17,0,0
BRDA:172,17,1,0
BRDA:174,18,0,0
BRDA:174,18,1,0
BRF:37
BRH:11
end_of_record
TN:
SF:src/pusher/wechatPusher.js
FN:5,(anonymous_0)
FN:18,(anonymous_1)
FN:20,(anonymous_2)
FN:21,(anonymous_3)
FN:22,(anonymous_4)
FN:45,(anonymous_5)
FN:57,(anonymous_6)
FN:63,(anonymous_7)
FN:69,(anonymous_8)
FN:77,(anonymous_9)
FNF:10
FNH:1
FNDA:1,(anonymous_0)
FNDA:0,(anonymous_1)
FNDA:0,(anonymous_2)
FNDA:0,(anonymous_3)
FNDA:0,(anonymous_4)
FNDA:0,(anonymous_5)
FNDA:0,(anonymous_6)
FNDA:0,(anonymous_7)
FNDA:0,(anonymous_8)
FNDA:0,(anonymous_9)
DA:1,1
DA:2,1
DA:6,1
DA:19,0
DA:20,0
DA:21,0
DA:22,0
DA:25,0
DA:26,0
DA:27,0
DA:28,0
DA:29,0
DA:30,0
DA:31,0
DA:32,0
DA:35,0
DA:39,0
DA:40,0
DA:42,0
DA:46,0
DA:47,0
DA:48,0
DA:49,0
DA:53,0
DA:54,0
DA:58,0
DA:60,0
DA:64,0
DA:66,0
DA:70,0
DA:78,0
DA:85,1
LF:32
LH:4
BRDA:29,0,0,0
BRDA:29,0,1,0
BRDA:30,1,0,0
BRDA:30,1,1,0
BRDA:39,2,0,0
BRDA:39,2,1,0
BRDA:46,3,0,0
BRDA:46,3,1,0
BRDA:50,4,0,0
BRDA:50,4,1,0
BRDA:51,5,0,0
BRDA:51,5,1,0
BRDA:51,5,2,0
BRDA:58,6,0,0
BRDA:58,6,1,0
BRDA:58,7,0,0
BRDA:58,7,1,0
BRDA:64,8,0,0
BRDA:64,8,1,0
BRDA:64,9,0,0
BRDA:64,9,1,0
BRDA:72,10,0,0
BRDA:72,10,1,0
BRDA:73,11,0,0
BRDA:73,11,1,0
BRF:25
BRH:0
end_of_record
TN:
SF:src/routes/api.js
FN:17,(anonymous_0)
FN:20,(anonymous_1)
FN:25,(anonymous_2)
FN:46,(anonymous_3)
FN:56,(anonymous_4)
FN:62,(anonymous_5)
FN:72,(anonymous_6)
FN:96,(anonymous_7)
FN:100,(anonymous_8)
FN:120,(anonymous_9)
FN:150,(anonymous_10)
FN:169,(anonymous_11)
FN:183,(anonymous_12)
FN:197,(anonymous_13)
FN:211,(anonymous_14)
FN:234,(anonymous_15)
FN:259,(anonymous_16)
FN:280,(anonymous_17)
FN:299,(anonymous_18)
FN:313,(anonymous_19)
FN:345,(anonymous_20)
FN:360,(anonymous_21)
FN:371,(anonymous_22)
FN:377,(anonymous_23)
FN:395,(anonymous_24)
FN:410,(anonymous_25)
FN:435,(anonymous_26)
FN:446,(anonymous_27)
FN:459,(anonymous_28)
FN:484,(anonymous_29)
FN:490,(anonymous_30)
FN:492,(anonymous_31)
FN:497,(anonymous_32)
FN:513,(anonymous_33)
FN:526,(anonymous_34)
FN:548,(anonymous_35)
FN:559,(anonymous_36)
FNF:37
FNH:4
FNDA:0,(anonymous_0)
FNDA:0,(anonymous_1)
FNDA:0,(anonymous_2)
FNDA:1,(anonymous_3)
FNDA:2,(anonymous_4)
FNDA:8,(anonymous_5)
FNDA:1,(anonymous_6)
FNDA:0,(anonymous_7)
FNDA:0,(anonymous_8)
FNDA:0,(anonymous_9)
FNDA:0,(anonymous_10)
FNDA:0,(anonymous_11)
FNDA:0,(anonymous_12)
FNDA:0,(anonymous_13)
FNDA:0,(anonymous_14)
FNDA:0,(anonymous_15)
FNDA:0,(anonymous_16)
FNDA:0,(anonymous_17)
FNDA:0,(anonymous_18)
FNDA:0,(anonymous_19)
FNDA:0,(anonymous_20)
FNDA:0,(anonymous_21)
FNDA:0,(anonymous_22)
FNDA:0,(anonymous_23)
FNDA:0,(anonymous_24)
FNDA:0,(anonymous_25)
FNDA:0,(anonymous_26)
FNDA:0,(anonymous_27)
FNDA:0,(anonymous_28)
FNDA:0,(anonymous_29)
FNDA:0,(anonymous_30)
FNDA:0,(anonymous_31)
FNDA:0,(anonymous_32)
FNDA:0,(anonymous_33)
FNDA:0,(anonymous_34)
FNDA:0,(anonymous_35)
FNDA:0,(anonymous_36)
DA:5,1
DA:6,1
DA:7,1
DA:8,1
DA:9,1
DA:10,1
DA:11,1
DA:12,1
DA:13,1
DA:17,1
DA:18,0
DA:19,0
DA:20,0
DA:23,0
DA:24,0
DA:25,0
DA:27,0
DA:37,0
DA:39,0
DA:40,0
DA:46,1
DA:47,1
DA:48,1
DA:49,1
DA:51,0
DA:52,0
DA:56,1
DA:57,2
DA:58,2
DA:61,2
DA:62,8
DA:64,2
DA:65,1
DA:71,1
DA:72,1
DA:73,0
DA:78,1
DA:81,0
DA:82,0
DA:88,0
DA:91,1
DA:92,1
DA:96,1
DA:97,0
DA:98,0
DA:99,0
DA:100,0
DA:102,0
DA:103,0
DA:106,0
DA:108,0
DA:115,0
DA:116,0
DA:120,1
DA:121,0
DA:122,0
DA:123,0
DA:125,0
DA:126,0
DA:128,0
DA:129,0
DA:132,0
DA:134,0
DA:135,0
DA:142,0
DA:145,0
DA:146,0
DA:150,1
DA:151,0
DA:152,0
DA:153,0
DA:155,0
DA:156,0
DA:159,0
DA:162,0
DA:163,0
DA:169,1
DA:170,0
DA:171,0
DA:172,0
DA:174,0
DA:175,0
DA:178,0
DA:179,0
DA:183,1
DA:184,0
DA:185,0
DA:186,0
DA:188,0
DA:189,0
DA:192,0
DA:193,0
DA:197,1
DA:198,0
DA:199,0
DA:200,0
DA:202,0
DA:203,0
DA:206,0
DA:207,0
DA:211,1
DA:212,0
DA:213,0
DA:215,0
DA:216,0
DA:219,0
DA:220,0
DA:223,0
DA:224,0
DA:227,0
DA:228,0
DA:234,1
DA:235,0
DA:236,0
DA:238,0
DA:239,0
DA:242,0
DA:247,0
DA:248,0
DA:251,0
DA:254,0
DA:255,0
DA:259,1
DA:260,0
DA:261,0
DA:263,0
DA:264,0
DA:267,0
DA:268,0
DA:271,0
DA:272,0
DA:273,0
DA:274,0
DA:277,0
DA:280,0
DA:283,0
DA:291,0
DA:294,0
DA:295,0
DA:299,1
DA:300,0
DA:301,0
DA:302,0
DA:304,0
DA:305,0
DA:308,0
DA:309,0
DA:313,1
DA:314,0
DA:315,0
DA:317,0
DA:318,0
DA:322,0
DA:323,0
DA:328,0
DA:335,0
DA:338,0
DA:339,0
DA:345,1
DA:346,0
DA:347,0
DA:348,0
DA:355,0
DA:356,0
DA:360,1
DA:361,0
DA:362,0
DA:363,0
DA:366,0
DA:367,0
DA:371,1
DA:372,0
DA:373,0
DA:376,0
DA:377,0
DA:379,0
DA:380,0
DA:383,0
DA:385,0
DA:388,0
DA:389,0
DA:395,1
DA:396,0
DA:397,0
DA:398,0
DA:405,0
DA:406,0
DA:410,1
DA:411,0
DA:412,0
DA:414,0
DA:415,0
DA:418,0
DA:419,0
DA:422,0
DA:424,0
DA:430,0
DA:431,0
DA:435,1
DA:436,0
DA:437,0
DA:438,0
DA:441,0
DA:442,0
DA:446,1
DA:447,0
DA:448,0
DA:449,0
DA:452,0
DA:453,0
DA:459,1
DA:460,0
DA:461,0
DA:463,0
DA:476,0
DA:479,0
DA:480,0
DA:484,1
DA:485,0
DA:486,0
DA:490,0
DA:492,0
DA:497,0
DA:498,0
DA:500,0
DA:503,0
DA:504,0
DA:513,1
DA:514,0
DA:515,0
DA:516,0
DA:517,0
DA:519,0
DA:520,0
DA:526,1
DA:527,0
DA:535,0
DA:536,0
DA:538,0
DA:539,0
DA:541,0
DA:542,0
DA:546,0
DA:547,0
DA:548,0
DA:550,0
DA:551,0
DA:554,0
DA:559,1
DA:560,0
DA:562,0
DA:570,1
LF:252
LH:50
BRDA:24,0,0,0
BRDA:24,0,1,0
BRDA:30,1,0,0
BRDA:30,1,1,0
BRDA:31,2,0,0
BRDA:31,2,1,0
BRDA:64,3,0,1
BRDA:64,3,1,1
BRDA:72,4,0,0
BRDA:72,4,1,1
BRDA:81,5,0,0
BRDA:81,5,1,0
BRDA:102,6,0,0
BRDA:102,6,1,0
BRDA:128,7,0,0
BRDA:128,7,1,0
BRDA:134,8,0,0
BRDA:134,8,1,0
BRDA:142,9,0,0
BRDA:142,9,1,0
BRDA:155,10,0,0
BRDA:155,10,1,0
BRDA:172,11,0,0
BRDA:186,12,0,0
BRDA:186,13,0,0
BRDA:200,14,0,0
BRDA:213,15,0,0
BRDA:215,16,0,0
BRDA:215,16,1,0
BRDA:215,17,0,0
BRDA:215,17,1,0
BRDA:219,18,0,0
BRDA:219,18,1,0
BRDA:236,19,0,0
BRDA:236,20,0,0
BRDA:238,21,0,0
BRDA:238,21,1,0
BRDA:247,22,0,0
BRDA:247,22,1,0
BRDA:261,23,0,0
BRDA:263,24,0,0
BRDA:263,24,1,0
BRDA:263,25,0,0
BRDA:263,25,1,0
BRDA:267,26,0,0
BRDA:267,26,1,0
BRDA:302,27,0,0
BRDA:315,28,0,0
BRDA:317,29,0,0
BRDA:317,29,1,0
BRDA:350,30,0,0
BRDA:350,30,1,0
BRDA:376,31,0,0
BRDA:376,31,1,0
BRDA:379,32,0,0
BRDA:379,32,1,0
BRDA:414,33,0,0
BRDA:414,33,1,0
BRDA:414,34,0,0
BRDA:414,34,1,0
BRDA:418,35,0,0
BRDA:418,35,1,0
BRDA:473,36,0,0
BRDA:473,36,1,0
BRDA:498,37,0,0
BRDA:498,37,1,0
BRDA:515,38,0,0
BRDA:515,39,0,0
BRDA:515,40,0,0
BRDA:515,40,1,0
BRDA:531,41,0,0
BRDA:531,41,1,0
BRDA:562,42,0,0
BRDA:562,42,1,0
BRDA:563,43,0,0
BRDA:563,43,1,0
BRF:76
BRH:3
end_of_record
TN:
SF:src/routes/auth.js
FN:11,(anonymous_0)
FN:62,(anonymous_1)
FN:123,(anonymous_2)
FN:163,(anonymous_3)
FNF:4
FNH:2
FNDA:1,(anonymous_0)
FNDA:1,(anonymous_1)
FNDA:0,(anonymous_2)
FNDA:0,(anonymous_3)
DA:1,1
DA:2,1
DA:3,1
DA:8,1
DA:9,1
DA:11,1
DA:12,1
DA:13,1
DA:15,1
DA:16,0
DA:22,1
DA:23,1
DA:24,0
DA:30,1
DA:36,1
DA:38,1
DA:39,1
DA:41,1
DA:43,1
DA:53,0
DA:54,0
DA:62,1
DA:63,1
DA:64,1
DA:66,1
DA:67,0
DA:73,1
DA:74,1
DA:75,0
DA:81,1
DA:82,0
DA:88,1
DA:89,1
DA:90,0
DA:96,1
DA:97,1
DA:99,1
DA:100,1
DA:102,1
DA:104,1
DA:114,0
DA:115,0
DA:123,1
DA:124,0
DA:125,0
DA:127,0
DA:128,0
DA:134,0
DA:135,0
DA:137,0
DA:138,0
DA:144,0
DA:145,0
DA:147,0
DA:155,0
DA:156,0
DA:163,1
DA:164,0
DA:170,1
LF:59
LH:35
BRDA:15,0,0,0
BRDA:15,0,1,1
BRDA:15,1,0,1
BRDA:15,1,1,1
BRDA:15,1,2,1
BRDA:23,2,0,0
BRDA:23,2,1,1
BRDA:57,3,0,0
BRDA:57,3,1,0
BRDA:66,4,0,0
BRDA:66,4,1,1
BRDA:66,5,0,1
BRDA:66,5,1,1
BRDA:74,6,0,0
BRDA:74,6,1,1
BRDA:81,7,0,0
BRDA:81,7,1,1
BRDA:89,8,0,0
BRDA:89,8,1,1
BRDA:118,9,0,0
BRDA:118,9,1,0
BRDA:127,10,0,0
BRDA:127,10,1,0
BRDA:137,11,0,0
BRDA:137,11,1,0
BRDA:137,12,0,0
BRDA:137,12,1,0
BRF:27
BRH:11
end_of_record
TN:
SF:src/routes/news.js
FN:9,(anonymous_0)
FN:41,(anonymous_1)
FN:57,(anonymous_2)
FNF:3
FNH:0
FNDA:0,(anonymous_0)
FNDA:0,(anonymous_1)
FNDA:0,(anonymous_2)
DA:1,1
DA:2,1
DA:3,1
DA:4,1
DA:5,1
DA:6,1
DA:7,1
DA:9,1
DA:10,0
DA:11,0
DA:12,0
DA:14,0
DA:15,0
DA:16,0
DA:17,0
DA:19,0
DA:24,0
DA:26,0
DA:36,0
DA:37,0
DA:41,1
DA:42,0
DA:43,0
DA:44,0
DA:46,0
DA:52,0
DA:53,0
DA:57,1
DA:58,0
DA:59,0
DA:60,0
DA:62,0
DA:63,0
DA:67,1
LF:34
LH:11
BRDA:11,0,0,0
BRDA:11,1,0,0
BRDA:15,2,0,0
BRDA:15,2,1,0
BRDA:16,3,0,0
BRDA:16,3,1,0
BRDA:17,4,0,0
BRDA:17,4,1,0
BRF:8
BRH:0
end_of_record
TN:
SF:src/routes/users.js
FN:7,(anonymous_0)
FN:47,(anonymous_1)
FN:71,(anonymous_2)
FN:96,(anonymous_3)
FN:134,(anonymous_4)
FN:172,(anonymous_5)
FN:220,(anonymous_6)
FNF:7
FNH:0
FNDA:0,(anonymous_0)
FNDA:0,(anonymous_1)
FNDA:0,(anonymous_2)
FNDA:0,(anonymous_3)
FNDA:0,(anonymous_4)
FNDA:0,(anonymous_5)
FNDA:0,(anonymous_6)
DA:1,1
DA:2,1
DA:3,1
DA:4,1
DA:5,1
DA:7,1
DA:8,0
DA:9,0
DA:10,0
DA:12,0
DA:13,0
DA:14,0
DA:16,0
DA:17,0
DA:20,0
DA:26,0
DA:28,0
DA:39,0
DA:40,0
DA:47,1
DA:48,0
DA:49,0
DA:51,0
DA:52,0
DA:58,0
DA:63,0
DA:64,0
DA:71,1
DA:72,0
DA:73,0
DA:74,0
DA:76,0
DA:77,0
DA:83,0
DA:88,0
DA:89,0
DA:96,1
DA:97,0
DA:98,0
DA:99,0
DA:101,0
DA:102,0
DA:108,0
DA:109,0
DA:111,0
DA:112,0
DA:114,0
DA:115,0
DA:118,0
DA:120,0
DA:126,0
DA:127,0
DA:134,1
DA:135,0
DA:136,0
DA:137,0
DA:139,0
DA:140,0
DA:146,0
DA:147,0
DA:148,0
DA:154,0
DA:155,0
DA:157,0
DA:159,0
DA:164,0
DA:165,0
DA:172,1
DA:173,0
DA:174,0
DA:175,0
DA:177,0
DA:178,0
DA:184,0
DA:185,0
DA:186,0
DA:188,0
DA:189,0
DA:191,0
DA:192,0
DA:195,0
DA:197,0
DA:198,0
DA:204,0
DA:206,0
DA:212,0
DA:213,0
DA:220,1
DA:221,0
DA:222,0
DA:224,0
DA:225,0
DA:231,0
DA:233,0
DA:234,0
DA:240,0
DA:242,0
DA:244,0
DA:249,0
DA:250,0
DA:257,1
LF:101
LH:13
BRDA:9,0,0,0
BRDA:9,1,0,0
BRDA:13,2,0,0
BRDA:13,2,1,0
BRDA:16,3,0,0
BRDA:16,3,1,0
BRDA:51,4,0,0
BRDA:51,4,1,0
BRDA:76,5,0,0
BRDA:76,5,1,0
BRDA:101,6,0,0
BRDA:101,6,1,0
BRDA:108,7,0,0
BRDA:108,7,1,0
BRDA:111,8,0,0
BRDA:111,8,1,0
BRDA:114,9,0,0
BRDA:114,9,1,0
BRDA:139,10,0,0
BRDA:139,10,1,0
BRDA:147,11,0,0
BRDA:147,11,1,0
BRDA:177,12,0,0
BRDA:177,12,1,0
BRDA:185,13,0,0
BRDA:185,13,1,0
BRDA:188,14,0,0
BRDA:188,14,1,0
BRDA:191,15,0,0
BRDA:191,15,1,0
BRDA:197,16,0,0
BRDA:197,16,1,0
BRDA:224,17,0,0
BRDA:224,17,1,0
BRDA:233,18,0,0
BRDA:233,18,1,0
BRF:36
BRH:0
end_of_record
TN:
SF:src/scheduler/taskScheduler.js
FN:13,(anonymous_0)
FN:26,(anonymous_1)
FN:53,(anonymous_2)
FN:73,(anonymous_3)
FN:75,(anonymous_4)
FN:81,(anonymous_5)
FN:87,(anonymous_6)
FN:96,(anonymous_7)
FN:98,(anonymous_8)
FN:104,(anonymous_9)
FN:110,(anonymous_10)
FN:119,(anonymous_11)
FN:121,(anonymous_12)
FN:126,(anonymous_13)
FN:134,(anonymous_14)
FN:136,(anonymous_15)
FN:142,(anonymous_16)
FN:150,(anonymous_17)
FN:187,(anonymous_18)
FN:229,(anonymous_19)
FN:267,(anonymous_20)
FN:289,(anonymous_21)
FN:303,(anonymous_22)
FN:316,(anonymous_23)
FN:329,(anonymous_24)
FN:354,(anonymous_25)
FN:366,(anonymous_26)
FN:379,(anonymous_27)
FN:395,(anonymous_28)
FN:411,(anonymous_29)
FN:412,(anonymous_30)
FN:413,(anonymous_31)
FN:416,(anonymous_32)
FN:417,(anonymous_33)
FN:422,(anonymous_34)
FN:424,(anonymous_35)
FN:427,(anonymous_36)
FN:436,(anonymous_37)
FN:442,(anonymous_38)
FN:446,(anonymous_39)
FN:450,(anonymous_40)
FN:454,(anonymous_41)
FN:462,(anonymous_42)
FN:470,(anonymous_43)
FN:478,(anonymous_44)
FN:485,(anonymous_45)
FN:506,(anonymous_46)
FN:517,(anonymous_47)
FN:520,(anonymous_48)
FN:531,(anonymous_49)
FN:533,(anonymous_50)
FN:543,(anonymous_51)
FN:548,(anonymous_52)
FN:549,(anonymous_53)
FNF:54
FNH:2
FNDA:1,(anonymous_0)
FNDA:1,(anonymous_1)
FNDA:0,(anonymous_2)
FNDA:0,(anonymous_3)
FNDA:0,(anonymous_4)
FNDA:0,(anonymous_5)
FNDA:0,(anonymous_6)
FNDA:0,(anonymous_7)
FNDA:0,(anonymous_8)
FNDA:0,(anonymous_9)
FNDA:0,(anonymous_10)
FNDA:0,(anonymous_11)
FNDA:0,(anonymous_12)
FNDA:0,(anonymous_13)
FNDA:0,(anonymous_14)
FNDA:0,(anonymous_15)
FNDA:0,(anonymous_16)
FNDA:0,(anonymous_17)
FNDA:0,(anonymous_18)
FNDA:0,(anonymous_19)
FNDA:0,(anonymous_20)
FNDA:0,(anonymous_21)
FNDA:0,(anonymous_22)
FNDA:0,(anonymous_23)
FNDA:0,(anonymous_24)
FNDA:0,(anonymous_25)
FNDA:0,(anonymous_26)
FNDA:0,(anonymous_27)
FNDA:0,(anonymous_28)
FNDA:0,(anonymous_29)
FNDA:0,(anonymous_30)
FNDA:0,(anonymous_31)
FNDA:0,(anonymous_32)
FNDA:0,(anonymous_33)
FNDA:0,(anonymous_34)
FNDA:0,(anonymous_35)
FNDA:0,(anonymous_36)
FNDA:0,(anonymous_37)
FNDA:0,(anonymous_38)
FNDA:0,(anonymous_39)
FNDA:0,(anonymous_40)
FNDA:0,(anonymous_41)
FNDA:0,(anonymous_42)
FNDA:0,(anonymous_43)
FNDA:0,(anonymous_44)
FNDA:0,(anonymous_45)
FNDA:0,(anonymous_46)
FNDA:0,(anonymous_47)
FNDA:0,(anonymous_48)
FNDA:0,(anonymous_49)
FNDA:0,(anonymous_50)
FNDA:0,(anonymous_51)
FNDA:0,(anonymous_52)
FNDA:0,(anonymous_53)
DA:6,1
DA:7,1
DA:8,1
DA:9,1
DA:10,1
DA:14,1
DA:15,1
DA:16,1
DA:20,1
DA:27,1
DA:54,0
DA:56,0
DA:58,0
DA:59,0
DA:60,0
DA:61,0
DA:63,0
DA:64,0
DA:67,0
DA:75,0
DA:76,0
DA:77,0
DA:81,0
DA:82,0
DA:83,0
DA:87,0
DA:88,0
DA:89,0
DA:98,0
DA:99,0
DA:100,0
DA:104,0
DA:105,0
DA:106,0
DA:110,0
DA:111,0
DA:112,0
DA:121,0
DA:122,0
DA:126,0
DA:127,0
DA:136,0
DA:137,0
DA:138,0
DA:142,0
DA:143,0
DA:151,0
DA:152,0
DA:154,0
DA:155,0
DA:157,0
DA:163,0
DA:164,0
DA:167,0
DA:170,0
DA:175,0
DA:176,0
DA:180,0
DA:188,0
DA:189,0
DA:191,0
DA:192,0
DA:193,0
DA:196,0
DA:197,0
DA:198,0
DA:207,0
DA:209,0
DA:212,0
DA:217,0
DA:218,0
DA:222,0
DA:230,0
DA:231,0
DA:234,0
DA:236,0
DA:237,0
DA:239,0
DA:244,0
DA:245,0
DA:247,0
DA:250,0
DA:255,0
DA:256,0
DA:260,0
DA:268,0
DA:269,0
DA:277,0
DA:278,0
DA:282,0
DA:290,0
DA:293,0
DA:296,0
DA:304,0
DA:306,0
DA:309,0
DA:317,0
DA:322,0
DA:330,0
DA:331,0
DA:341,0
DA:342,0
DA:343,0
DA:347,0
DA:355,0
DA:356,0
DA:362,0
DA:367,0
DA:368,0
DA:369,0
DA:375,0
DA:380,0
DA:381,0
DA:382,0
DA:388,0
DA:391,0
DA:396,0
DA:397,0
DA:398,0
DA:404,0
DA:412,0
DA:413,0
DA:417,0
DA:418,0
DA:423,0
DA:424,0
DA:428,0
DA:429,0
DA:430,0
DA:432,0
DA:437,0
DA:443,0
DA:447,0
DA:451,0
DA:455,0
DA:463,0
DA:471,0
DA:479,0
DA:486,0
DA:487,0
DA:488,0
DA:489,0
DA:492,0
DA:497,0
DA:498,0
DA:500,0
DA:502,0
DA:507,0
DA:508,0
DA:509,0
DA:510,0
DA:512,0
DA:513,0
DA:518,0
DA:520,0
DA:521,0
DA:522,0
DA:526,0
DA:527,0
DA:528,0
DA:532,0
DA:533,0
DA:534,0
DA:540,0
DA:544,0
DA:545,0
DA:549,0
DA:553,1
LF:168
LH:11
BRDA:54,0,0,0
BRDA:54,0,1,0
BRDA:175,1,0,0
BRDA:175,1,1,0
BRDA:197,2,0,0
BRDA:197,2,1,0
BRDA:217,3,0,0
BRDA:217,3,1,0
BRDA:217,4,0,0
BRDA:217,4,1,0
BRDA:255,5,0,0
BRDA:255,5,1,0
BRDA:255,6,0,0
BRDA:255,6,1,0
BRDA:273,7,0,0
BRDA:273,7,1,0
BRDA:277,8,0,0
BRDA:277,8,1,0
BRDA:341,9,0,0
BRDA:341,9,1,0
BRDA:341,10,0,0
BRDA:341,10,1,0
BRDA:341,10,2,0
BRDA:437,11,0,0
BRDA:437,11,1,0
BRDA:437,11,2,0
BRDA:457,12,0,0
BRDA:457,12,1,0
BRDA:457,13,0,0
BRDA:457,13,1,0
BRDA:487,14,0,0
BRDA:487,14,1,0
BRDA:508,15,0,0
BRDA:508,15,1,0
BRDA:509,16,0,0
BRDA:509,16,1,0
BRDA:509,17,0,0
BRDA:509,17,1,0
BRDA:518,18,0,0
BRDA:518,18,1,0
BRDA:521,19,0,0
BRDA:521,19,1,0
BRDA:521,20,0,0
BRDA:521,20,1,0
BRF:44
BRH:0
end_of_record
TN:
SF:src/utils/logger.js
FNF:0
FNH:0
DA:5,1
DA:6,1
DA:9,1
DA:11,1
DA:38,1
DA:39,1
DA:47,1
LF:7
LH:7
BRDA:12,0,0,1
BRDA:12,0,1,0
BRDA:38,1,0,1
BRDA:38,1,1,0
BRF:4
BRH:2
end_of_record
